Using TensorFlow backend.
2018-10-24 01:55:00,208 : INFO : training model in static mode
2018-10-24 01:55:00,208 : INFO : setting random seed to 123
2018-10-24 01:55:00,231 : INFO : loading and preprocessing dataset
2018-10-24 01:55:01,002 : INFO : using 13295 words
2018-10-24 01:55:01,003 : INFO : building embedding layer
2018-10-24 01:55:01,003 : INFO : loading projection weights from /usit/abel/u1/filipste/vectors/GoogleNews-vectors-negative300.bin
2018-10-24 01:56:45,053 : INFO : loaded (3000000, 300) matrix from /usit/abel/u1/filipste/vectors/GoogleNews-vectors-negative300.bin
2018-10-24 01:56:55,899 : WARNING : there are 1013 oov tokens
2018-10-24 01:56:59.175836: I tensorflow/core/common_runtime/gpu/gpu_device.cc:1405] Found device 0 with properties: 
name: Tesla K20Xm major: 3 minor: 5 memoryClockRate(GHz): 0.732
pciBusID: 0000:03:00.0
totalMemory: 5.57GiB freeMemory: 5.49GiB
2018-10-24 01:56:59.175944: I tensorflow/core/common_runtime/gpu/gpu_device.cc:1484] Adding visible gpu devices: 0
2018-10-24 01:56:59.629392: I tensorflow/core/common_runtime/gpu/gpu_device.cc:965] Device interconnect StreamExecutor with strength 1 edge matrix:
2018-10-24 01:56:59.629435: I tensorflow/core/common_runtime/gpu/gpu_device.cc:971]      0 
2018-10-24 01:56:59.629451: I tensorflow/core/common_runtime/gpu/gpu_device.cc:984] 0:   N 
2018-10-24 01:56:59.629700: I tensorflow/core/common_runtime/gpu/gpu_device.cc:1097] Created TensorFlow device (/job:localhost/replica:0/task:0/device:GPU:0 with 5278 MB memory) -> physical GPU (device: 0, name: Tesla K20Xm, pci bus id: 0000:03:00.0, compute capability: 3.5)
2018-10-24 01:57:03,783 : INFO : building model
2018-10-24 01:57:03,987 : INFO : training the model
__________________________________________________________________________________________________
Layer (type)                    Output Shape         Param #     Connected to                     
==================================================================================================
input_1 (InputLayer)            (None, 50)           0                                            
__________________________________________________________________________________________________
embedding_1 (Sequential)        (None, 50, 300, 1)   3988800     input_1[0][0]                    
__________________________________________________________________________________________________
conv2d_1 (Conv2D)               (None, 48, 1, 100)   90100       embedding_1[1][0]                
__________________________________________________________________________________________________
conv2d_2 (Conv2D)               (None, 47, 1, 100)   120100      embedding_1[1][0]                
__________________________________________________________________________________________________
conv2d_3 (Conv2D)               (None, 46, 1, 100)   150100      embedding_1[1][0]                
__________________________________________________________________________________________________
reshape_2 (Reshape)             (None, 48, 100)      0           conv2d_1[0][0]                   
__________________________________________________________________________________________________
reshape_3 (Reshape)             (None, 47, 100)      0           conv2d_2[0][0]                   
__________________________________________________________________________________________________
reshape_4 (Reshape)             (None, 46, 100)      0           conv2d_3[0][0]                   
__________________________________________________________________________________________________
global_max_pooling1d_1 (GlobalM (None, 100)          0           reshape_2[0][0]                  
__________________________________________________________________________________________________
global_max_pooling1d_2 (GlobalM (None, 100)          0           reshape_3[0][0]                  
__________________________________________________________________________________________________
global_max_pooling1d_3 (GlobalM (None, 100)          0           reshape_4[0][0]                  
__________________________________________________________________________________________________
concatenate_1 (Concatenate)     (None, 300)          0           global_max_pooling1d_1[0][0]     
                                                                 global_max_pooling1d_2[0][0]     
                                                                 global_max_pooling1d_3[0][0]     
__________________________________________________________________________________________________
dropout_1 (Dropout)             (None, 300)          0           concatenate_1[0][0]              
__________________________________________________________________________________________________
dense_1 (Dense)                 (None, 2)            602         dropout_1[0][0]                  
==================================================================================================
Total params: 4,349,702
Trainable params: 360,902
Non-trainable params: 3,988,800
__________________________________________________________________________________________________
Train on 6557 samples, validate on 825 samples
Epoch 1/30

 256/6557 [>.............................] - ETA: 51s - loss: 0.7045 - acc: 0.5078
 768/6557 [==>...........................] - ETA: 16s - loss: 0.9340 - acc: 0.4896
1280/6557 [====>.........................] - ETA: 9s - loss: 1.2482 - acc: 0.5016 
1792/6557 [=======>......................] - ETA: 6s - loss: 1.2805 - acc: 0.5045
2304/6557 [=========>....................] - ETA: 4s - loss: 1.3530 - acc: 0.5004
2816/6557 [===========>..................] - ETA: 3s - loss: 1.3211 - acc: 0.5043
3328/6557 [==============>...............] - ETA: 2s - loss: 1.2827 - acc: 0.5069
3840/6557 [================>.............] - ETA: 1s - loss: 1.2263 - acc: 0.5130
4352/6557 [==================>...........] - ETA: 1s - loss: 1.1759 - acc: 0.5147
4864/6557 [=====================>........] - ETA: 0s - loss: 1.1260 - acc: 0.5201
5376/6557 [=======================>......] - ETA: 0s - loss: 1.0900 - acc: 0.5264
5888/6557 [=========================>....] - ETA: 0s - loss: 1.0589 - acc: 0.5312
6400/6557 [============================>.] - ETA: 0s - loss: 1.0344 - acc: 0.5342
6557/6557 [==============================] - 3s 464us/step - loss: 1.0278 - acc: 0.5355 - val_loss: 0.6914 - val_acc: 0.5952
Epoch 2/30

 256/6557 [>.............................] - ETA: 0s - loss: 0.6775 - acc: 0.6328
 768/6557 [==>...........................] - ETA: 0s - loss: 0.6767 - acc: 0.6016
1280/6557 [====>.........................] - ETA: 0s - loss: 0.6478 - acc: 0.6336
1792/6557 [=======>......................] - ETA: 0s - loss: 0.6452 - acc: 0.6306
2304/6557 [=========>....................] - ETA: 0s - loss: 0.6544 - acc: 0.6276
2816/6557 [===========>..................] - ETA: 0s - loss: 0.6602 - acc: 0.6161
3328/6557 [==============>...............] - ETA: 0s - loss: 0.6606 - acc: 0.6199
3840/6557 [================>.............] - ETA: 0s - loss: 0.6545 - acc: 0.6258
4352/6557 [==================>...........] - ETA: 0s - loss: 0.6515 - acc: 0.6310
4864/6557 [=====================>........] - ETA: 0s - loss: 0.6453 - acc: 0.6398
5376/6557 [=======================>......] - ETA: 0s - loss: 0.6408 - acc: 0.6436
5888/6557 [=========================>....] - ETA: 0s - loss: 0.6367 - acc: 0.6493
6400/6557 [============================>.] - ETA: 0s - loss: 0.6339 - acc: 0.6533
6557/6557 [==============================] - 1s 130us/step - loss: 0.6332 - acc: 0.6538 - val_loss: 0.5831 - val_acc: 0.7091
Epoch 3/30

 256/6557 [>.............................] - ETA: 0s - loss: 0.5720 - acc: 0.7227
 768/6557 [==>...........................] - ETA: 0s - loss: 0.6074 - acc: 0.6927
1280/6557 [====>.........................] - ETA: 0s - loss: 0.5884 - acc: 0.7117
1792/6557 [=======>......................] - ETA: 0s - loss: 0.5850 - acc: 0.7148
2304/6557 [=========>....................] - ETA: 0s - loss: 0.5794 - acc: 0.7214
2816/6557 [===========>..................] - ETA: 0s - loss: 0.5761 - acc: 0.7266
3328/6557 [==============>...............] - ETA: 0s - loss: 0.5742 - acc: 0.7239
3840/6557 [================>.............] - ETA: 0s - loss: 0.5692 - acc: 0.7286
4352/6557 [==================>...........] - ETA: 0s - loss: 0.5660 - acc: 0.7289
4864/6557 [=====================>........] - ETA: 0s - loss: 0.5696 - acc: 0.7247
5376/6557 [=======================>......] - ETA: 0s - loss: 0.5677 - acc: 0.7249
5888/6557 [=========================>....] - ETA: 0s - loss: 0.5661 - acc: 0.7271
6400/6557 [============================>.] - ETA: 0s - loss: 0.5628 - acc: 0.7300
6557/6557 [==============================] - 1s 130us/step - loss: 0.5612 - acc: 0.7322 - val_loss: 0.5441 - val_acc: 0.7297
Epoch 4/30

 256/6557 [>.............................] - ETA: 0s - loss: 0.4921 - acc: 0.7852
 768/6557 [==>...........................] - ETA: 0s - loss: 0.5143 - acc: 0.7708
1280/6557 [====>.........................] - ETA: 0s - loss: 0.5253 - acc: 0.7617
1792/6557 [=======>......................] - ETA: 0s - loss: 0.5304 - acc: 0.7545
2304/6557 [=========>....................] - ETA: 0s - loss: 0.5326 - acc: 0.7500
2816/6557 [===========>..................] - ETA: 0s - loss: 0.5326 - acc: 0.7468
3328/6557 [==============>...............] - ETA: 0s - loss: 0.5333 - acc: 0.7458
3840/6557 [================>.............] - ETA: 0s - loss: 0.5325 - acc: 0.7471
4352/6557 [==================>...........] - ETA: 0s - loss: 0.5323 - acc: 0.7438
4864/6557 [=====================>........] - ETA: 0s - loss: 0.5253 - acc: 0.7514
5376/6557 [=======================>......] - ETA: 0s - loss: 0.5231 - acc: 0.7517
5888/6557 [=========================>....] - ETA: 0s - loss: 0.5224 - acc: 0.7510
6400/6557 [============================>.] - ETA: 0s - loss: 0.5208 - acc: 0.7516
6557/6557 [==============================] - 1s 129us/step - loss: 0.5203 - acc: 0.7520 - val_loss: 0.5807 - val_acc: 0.6788
Epoch 5/30

 256/6557 [>.............................] - ETA: 0s - loss: 0.5011 - acc: 0.7695
 768/6557 [==>...........................] - ETA: 0s - loss: 0.5092 - acc: 0.7448
1280/6557 [====>.........................] - ETA: 0s - loss: 0.4926 - acc: 0.7688
1792/6557 [=======>......................] - ETA: 0s - loss: 0.4826 - acc: 0.7796
2304/6557 [=========>....................] - ETA: 0s - loss: 0.4951 - acc: 0.7678
2816/6557 [===========>..................] - ETA: 0s - loss: 0.4925 - acc: 0.7681
3328/6557 [==============>...............] - ETA: 0s - loss: 0.4892 - acc: 0.7722
3840/6557 [================>.............] - ETA: 0s - loss: 0.4845 - acc: 0.7776
4352/6557 [==================>...........] - ETA: 0s - loss: 0.4900 - acc: 0.7702
4864/6557 [=====================>........] - ETA: 0s - loss: 0.4932 - acc: 0.7673
5376/6557 [=======================>......] - ETA: 0s - loss: 0.4897 - acc: 0.7688
5888/6557 [=========================>....] - ETA: 0s - loss: 0.4874 - acc: 0.7707
6400/6557 [============================>.] - ETA: 0s - loss: 0.4883 - acc: 0.7692
6557/6557 [==============================] - 1s 130us/step - loss: 0.4893 - acc: 0.7673 - val_loss: 0.5300 - val_acc: 0.7467
Epoch 6/30

 256/6557 [>.............................] - ETA: 0s - loss: 0.4605 - acc: 0.8008
 768/6557 [==>...........................] - ETA: 0s - loss: 0.4659 - acc: 0.7943
1280/6557 [====>.........................] - ETA: 0s - loss: 0.4643 - acc: 0.7906
1792/6557 [=======>......................] - ETA: 0s - loss: 0.4708 - acc: 0.7824
2304/6557 [=========>....................] - ETA: 0s - loss: 0.4691 - acc: 0.7812
2816/6557 [===========>..................] - ETA: 0s - loss: 0.4647 - acc: 0.7866
3328/6557 [==============>...............] - ETA: 0s - loss: 0.4553 - acc: 0.7951
3840/6557 [================>.............] - ETA: 0s - loss: 0.4508 - acc: 0.7956
4352/6557 [==================>...........] - ETA: 0s - loss: 0.4555 - acc: 0.7911
4864/6557 [=====================>........] - ETA: 0s - loss: 0.4596 - acc: 0.7876
5376/6557 [=======================>......] - ETA: 0s - loss: 0.4617 - acc: 0.7846
5888/6557 [=========================>....] - ETA: 0s - loss: 0.4580 - acc: 0.7889
6400/6557 [============================>.] - ETA: 0s - loss: 0.4594 - acc: 0.7870
6557/6557 [==============================] - 1s 129us/step - loss: 0.4591 - acc: 0.7873 - val_loss: 0.5481 - val_acc: 0.7127
Epoch 7/30

 256/6557 [>.............................] - ETA: 0s - loss: 0.5051 - acc: 0.7695
 768/6557 [==>...........................] - ETA: 0s - loss: 0.4916 - acc: 0.7591
1280/6557 [====>.........................] - ETA: 0s - loss: 0.4636 - acc: 0.7812
1792/6557 [=======>......................] - ETA: 0s - loss: 0.4528 - acc: 0.7924
2304/6557 [=========>....................] - ETA: 0s - loss: 0.4482 - acc: 0.7999
2816/6557 [===========>..................] - ETA: 0s - loss: 0.4487 - acc: 0.7994
3328/6557 [==============>...............] - ETA: 0s - loss: 0.4508 - acc: 0.7954
3840/6557 [================>.............] - ETA: 0s - loss: 0.4464 - acc: 0.7937
4352/6557 [==================>...........] - ETA: 0s - loss: 0.4448 - acc: 0.7955
4864/6557 [=====================>........] - ETA: 0s - loss: 0.4486 - acc: 0.7901
5376/6557 [=======================>......] - ETA: 0s - loss: 0.4484 - acc: 0.7898
5888/6557 [=========================>....] - ETA: 0s - loss: 0.4452 - acc: 0.7921
6400/6557 [============================>.] - ETA: 0s - loss: 0.4430 - acc: 0.7942
6557/6557 [==============================] - 1s 129us/step - loss: 0.4428 - acc: 0.7937 - val_loss: 0.5463 - val_acc: 0.7200
Epoch 8/30

 256/6557 [>.............................] - ETA: 0s - loss: 0.4769 - acc: 0.7617
 768/6557 [==>...........................] - ETA: 0s - loss: 0.4377 - acc: 0.7852
1280/6557 [====>.........................] - ETA: 0s - loss: 0.4107 - acc: 0.8078
1792/6557 [=======>......................] - ETA: 0s - loss: 0.4119 - acc: 0.8069
2304/6557 [=========>....................] - ETA: 0s - loss: 0.4042 - acc: 0.8134
2816/6557 [===========>..................] - ETA: 0s - loss: 0.4030 - acc: 0.8168
3328/6557 [==============>...............] - ETA: 0s - loss: 0.3986 - acc: 0.8218
3840/6557 [================>.............] - ETA: 0s - loss: 0.3955 - acc: 0.8258
4352/6557 [==================>...........] - ETA: 0s - loss: 0.3958 - acc: 0.8261
4864/6557 [=====================>........] - ETA: 0s - loss: 0.3990 - acc: 0.8250
5376/6557 [=======================>......] - ETA: 0s - loss: 0.4016 - acc: 0.8233
5888/6557 [=========================>....] - ETA: 0s - loss: 0.3993 - acc: 0.8244
6400/6557 [============================>.] - ETA: 0s - loss: 0.3993 - acc: 0.8237
6557/6557 [==============================] - 1s 130us/step - loss: 0.3990 - acc: 0.8243 - val_loss: 0.4779 - val_acc: 0.7903
Epoch 9/30

 256/6557 [>.............................] - ETA: 0s - loss: 0.3851 - acc: 0.8320
 768/6557 [==>...........................] - ETA: 0s - loss: 0.4014 - acc: 0.8151
1280/6557 [====>.........................] - ETA: 0s - loss: 0.3916 - acc: 0.8258
1792/6557 [=======>......................] - ETA: 0s - loss: 0.3891 - acc: 0.8365
2304/6557 [=========>....................] - ETA: 0s - loss: 0.3812 - acc: 0.8407
2816/6557 [===========>..................] - ETA: 0s - loss: 0.3784 - acc: 0.8430
3328/6557 [==============>...............] - ETA: 0s - loss: 0.3761 - acc: 0.8444
3840/6557 [================>.............] - ETA: 0s - loss: 0.3800 - acc: 0.8414
4352/6557 [==================>...........] - ETA: 0s - loss: 0.3828 - acc: 0.8405
4864/6557 [=====================>........] - ETA: 0s - loss: 0.3838 - acc: 0.8405
5376/6557 [=======================>......] - ETA: 0s - loss: 0.3839 - acc: 0.8393
5888/6557 [=========================>....] - ETA: 0s - loss: 0.3824 - acc: 0.8415
6400/6557 [============================>.] - ETA: 0s - loss: 0.3822 - acc: 0.8422
6557/6557 [==============================] - 1s 130us/step - loss: 0.3815 - acc: 0.8423 - val_loss: 0.4741 - val_acc: 0.7903
Epoch 10/30

 256/6557 [>.............................] - ETA: 0s - loss: 0.3992 - acc: 0.8281
 768/6557 [==>...........................] - ETA: 0s - loss: 0.4091 - acc: 0.8333
1280/6557 [====>.........................] - ETA: 0s - loss: 0.3830 - acc: 0.8422
1792/6557 [=======>......................] - ETA: 0s - loss: 0.3815 - acc: 0.8371
2304/6557 [=========>....................] - ETA: 0s - loss: 0.3726 - acc: 0.8424
2816/6557 [===========>..................] - ETA: 0s - loss: 0.3801 - acc: 0.8381
3328/6557 [==============>...............] - ETA: 0s - loss: 0.3758 - acc: 0.8434
3840/6557 [================>.............] - ETA: 0s - loss: 0.3742 - acc: 0.8461
4352/6557 [==================>...........] - ETA: 0s - loss: 0.3715 - acc: 0.8470
4864/6557 [=====================>........] - ETA: 0s - loss: 0.3741 - acc: 0.8444
5376/6557 [=======================>......] - ETA: 0s - loss: 0.3748 - acc: 0.8447
5888/6557 [=========================>....] - ETA: 0s - loss: 0.3774 - acc: 0.8441
6400/6557 [============================>.] - ETA: 0s - loss: 0.3759 - acc: 0.8444
6557/6557 [==============================] - 1s 130us/step - loss: 0.3756 - acc: 0.8446 - val_loss: 0.4711 - val_acc: 0.7903
Epoch 11/30

 256/6557 [>.............................] - ETA: 0s - loss: 0.3837 - acc: 0.8672
 768/6557 [==>...........................] - ETA: 0s - loss: 0.3531 - acc: 0.8763
1280/6557 [====>.........................] - ETA: 0s - loss: 0.3589 - acc: 0.8711
1792/6557 [=======>......................] - ETA: 0s - loss: 0.3735 - acc: 0.8532
2304/6557 [=========>....................] - ETA: 0s - loss: 0.3767 - acc: 0.8533
2816/6557 [===========>..................] - ETA: 0s - loss: 0.3779 - acc: 0.8498
3328/6557 [==============>...............] - ETA: 0s - loss: 0.3720 - acc: 0.8513
3840/6557 [================>.............] - ETA: 0s - loss: 0.3743 - acc: 0.8492
4352/6557 [==================>...........] - ETA: 0s - loss: 0.3782 - acc: 0.8460
4864/6557 [=====================>........] - ETA: 0s - loss: 0.3782 - acc: 0.8452
5376/6557 [=======================>......] - ETA: 0s - loss: 0.3756 - acc: 0.8465
5888/6557 [=========================>....] - ETA: 0s - loss: 0.3771 - acc: 0.8465
6400/6557 [============================>.] - ETA: 0s - loss: 0.3772 - acc: 0.8456
6557/6557 [==============================] - 1s 130us/step - loss: 0.3769 - acc: 0.8460 - val_loss: 0.4728 - val_acc: 0.7867
Epoch 12/30

 256/6557 [>.............................] - ETA: 0s - loss: 0.4189 - acc: 0.8125
 768/6557 [==>...........................] - ETA: 0s - loss: 0.3689 - acc: 0.8529
1280/6557 [====>.........................] - ETA: 0s - loss: 0.3589 - acc: 0.8586
1792/6557 [=======>......................] - ETA: 0s - loss: 0.3605 - acc: 0.8605
2304/6557 [=========>....................] - ETA: 0s - loss: 0.3645 - acc: 0.8568
2816/6557 [===========>..................] - ETA: 0s - loss: 0.3663 - acc: 0.8558
3328/6557 [==============>...............] - ETA: 0s - loss: 0.3657 - acc: 0.8558
3840/6557 [================>.............] - ETA: 0s - loss: 0.3668 - acc: 0.8547
4352/6557 [==================>...........] - ETA: 0s - loss: 0.3673 - acc: 0.8536
4864/6557 [=====================>........] - ETA: 0s - loss: 0.3702 - acc: 0.8512
5376/6557 [=======================>......] - ETA: 0s - loss: 0.3707 - acc: 0.8506
5888/6557 [=========================>....] - ETA: 0s - loss: 0.3690 - acc: 0.8507
6400/6557 [============================>.] - ETA: 0s - loss: 0.3695 - acc: 0.8500
6557/6557 [==============================] - 1s 131us/step - loss: 0.3684 - acc: 0.8510 - val_loss: 0.4686 - val_acc: 0.7952
Epoch 13/30

 256/6557 [>.............................] - ETA: 0s - loss: 0.3726 - acc: 0.8438
 768/6557 [==>...........................] - ETA: 0s - loss: 0.3796 - acc: 0.8411
1280/6557 [====>.........................] - ETA: 0s - loss: 0.3694 - acc: 0.8461
1792/6557 [=======>......................] - ETA: 0s - loss: 0.3654 - acc: 0.8499
2304/6557 [=========>....................] - ETA: 0s - loss: 0.3565 - acc: 0.8589
2816/6557 [===========>..................] - ETA: 0s - loss: 0.3548 - acc: 0.8615
3328/6557 [==============>...............] - ETA: 0s - loss: 0.3577 - acc: 0.8573
3840/6557 [================>.............] - ETA: 0s - loss: 0.3632 - acc: 0.8529
4352/6557 [==================>...........] - ETA: 0s - loss: 0.3647 - acc: 0.8516
4864/6557 [=====================>........] - ETA: 0s - loss: 0.3631 - acc: 0.8528
5376/6557 [=======================>......] - ETA: 0s - loss: 0.3645 - acc: 0.8525
5888/6557 [=========================>....] - ETA: 0s - loss: 0.3633 - acc: 0.8536
6400/6557 [============================>.] - ETA: 0s - loss: 0.3627 - acc: 0.8534
6557/6557 [==============================] - 1s 130us/step - loss: 0.3632 - acc: 0.8530 - val_loss: 0.4661 - val_acc: 0.8024
Epoch 14/30

 256/6557 [>.............................] - ETA: 0s - loss: 0.3552 - acc: 0.8516
 768/6557 [==>...........................] - ETA: 0s - loss: 0.3658 - acc: 0.8385
1280/6557 [====>.........................] - ETA: 0s - loss: 0.3580 - acc: 0.8516
1792/6557 [=======>......................] - ETA: 0s - loss: 0.3535 - acc: 0.8560
2304/6557 [=========>....................] - ETA: 0s - loss: 0.3533 - acc: 0.8589
2816/6557 [===========>..................] - ETA: 0s - loss: 0.3526 - acc: 0.8615
3328/6557 [==============>...............] - ETA: 0s - loss: 0.3548 - acc: 0.8621
3840/6557 [================>.............] - ETA: 0s - loss: 0.3542 - acc: 0.8617
4352/6557 [==================>...........] - ETA: 0s - loss: 0.3543 - acc: 0.8610
4864/6557 [=====================>........] - ETA: 0s - loss: 0.3551 - acc: 0.8608
5376/6557 [=======================>......] - ETA: 0s - loss: 0.3529 - acc: 0.8614
5888/6557 [=========================>....] - ETA: 0s - loss: 0.3545 - acc: 0.8601
6400/6557 [============================>.] - ETA: 0s - loss: 0.3570 - acc: 0.8573
6557/6557 [==============================] - 1s 130us/step - loss: 0.3580 - acc: 0.8574 - val_loss: 0.4656 - val_acc: 0.7976
Epoch 15/30

 256/6557 [>.............................] - ETA: 0s - loss: 0.3575 - acc: 0.8594
 768/6557 [==>...........................] - ETA: 0s - loss: 0.3525 - acc: 0.8711
1280/6557 [====>.........................] - ETA: 0s - loss: 0.3528 - acc: 0.8617
1792/6557 [=======>......................] - ETA: 0s - loss: 0.3528 - acc: 0.8627
2304/6557 [=========>....................] - ETA: 0s - loss: 0.3518 - acc: 0.8615
2816/6557 [===========>..................] - ETA: 0s - loss: 0.3559 - acc: 0.8594
3328/6557 [==============>...............] - ETA: 0s - loss: 0.3570 - acc: 0.8552
3840/6557 [================>.............] - ETA: 0s - loss: 0.3590 - acc: 0.8526
4352/6557 [==================>...........] - ETA: 0s - loss: 0.3565 - acc: 0.8555
4864/6557 [=====================>........] - ETA: 0s - loss: 0.3562 - acc: 0.8561
5376/6557 [=======================>......] - ETA: 0s - loss: 0.3532 - acc: 0.8558
5888/6557 [=========================>....] - ETA: 0s - loss: 0.3519 - acc: 0.8572
6400/6557 [============================>.] - ETA: 0s - loss: 0.3521 - acc: 0.8584
6557/6557 [==============================] - 1s 131us/step - loss: 0.3521 - acc: 0.8588 - val_loss: 0.4655 - val_acc: 0.7976
Epoch 16/30

 256/6557 [>.............................] - ETA: 0s - loss: 0.3525 - acc: 0.8750
 768/6557 [==>...........................] - ETA: 0s - loss: 0.3612 - acc: 0.8516
1280/6557 [====>.........................] - ETA: 0s - loss: 0.3568 - acc: 0.8500
1792/6557 [=======>......................] - ETA: 0s - loss: 0.3463 - acc: 0.8566
2304/6557 [=========>....................] - ETA: 0s - loss: 0.3451 - acc: 0.8602
2816/6557 [===========>..................] - ETA: 0s - loss: 0.3405 - acc: 0.8668
3328/6557 [==============>...............] - ETA: 0s - loss: 0.3442 - acc: 0.8651
3840/6557 [================>.............] - ETA: 0s - loss: 0.3412 - acc: 0.8690
4352/6557 [==================>...........] - ETA: 0s - loss: 0.3438 - acc: 0.8656
4864/6557 [=====================>........] - ETA: 0s - loss: 0.3468 - acc: 0.8643
5376/6557 [=======================>......] - ETA: 0s - loss: 0.3494 - acc: 0.8616
5888/6557 [=========================>....] - ETA: 0s - loss: 0.3487 - acc: 0.8616
6400/6557 [============================>.] - ETA: 0s - loss: 0.3491 - acc: 0.8625
6557/6557 [==============================] - 1s 130us/step - loss: 0.3500 - acc: 0.8624 - val_loss: 0.4681 - val_acc: 0.7903
Epoch 17/30

 256/6557 [>.............................] - ETA: 0s - loss: 0.3495 - acc: 0.8789
 768/6557 [==>...........................] - ETA: 0s - loss: 0.3543 - acc: 0.8633
1280/6557 [====>.........................] - ETA: 0s - loss: 0.3541 - acc: 0.8578
1792/6557 [=======>......................] - ETA: 0s - loss: 0.3533 - acc: 0.8577
2304/6557 [=========>....................] - ETA: 0s - loss: 0.3468 - acc: 0.8585
2816/6557 [===========>..................] - ETA: 0s - loss: 0.3483 - acc: 0.8601
3328/6557 [==============>...............] - ETA: 0s - loss: 0.3442 - acc: 0.8648
3840/6557 [================>.............] - ETA: 0s - loss: 0.3458 - acc: 0.8628
4352/6557 [==================>...........] - ETA: 0s - loss: 0.3456 - acc: 0.8631
4864/6557 [=====================>........] - ETA: 0s - loss: 0.3468 - acc: 0.8627
5376/6557 [=======================>......] - ETA: 0s - loss: 0.3475 - acc: 0.8616
5888/6557 [=========================>....] - ETA: 0s - loss: 0.3452 - acc: 0.8643
6400/6557 [============================>.] - ETA: 0s - loss: 0.3448 - acc: 0.8642
6557/6557 [==============================] - 1s 129us/step - loss: 0.3457 - acc: 0.8635 - val_loss: 0.4645 - val_acc: 0.7964
Epoch 18/30

 256/6557 [>.............................] - ETA: 0s - loss: 0.2848 - acc: 0.9180
 768/6557 [==>...........................] - ETA: 0s - loss: 0.3152 - acc: 0.8867
1280/6557 [====>.........................] - ETA: 0s - loss: 0.3180 - acc: 0.8891
1792/6557 [=======>......................] - ETA: 0s - loss: 0.3232 - acc: 0.8873
2304/6557 [=========>....................] - ETA: 0s - loss: 0.3266 - acc: 0.8837
2816/6557 [===========>..................] - ETA: 0s - loss: 0.3317 - acc: 0.8796
3328/6557 [==============>...............] - ETA: 0s - loss: 0.3334 - acc: 0.8762
3840/6557 [================>.............] - ETA: 0s - loss: 0.3353 - acc: 0.8734
4352/6557 [==================>...........] - ETA: 0s - loss: 0.3357 - acc: 0.8743
4864/6557 [=====================>........] - ETA: 0s - loss: 0.3398 - acc: 0.8692
5376/6557 [=======================>......] - ETA: 0s - loss: 0.3422 - acc: 0.8672
5888/6557 [=========================>....] - ETA: 0s - loss: 0.3424 - acc: 0.8665
6400/6557 [============================>.] - ETA: 0s - loss: 0.3430 - acc: 0.8661
6557/6557 [==============================] - 1s 129us/step - loss: 0.3437 - acc: 0.8662 - val_loss: 0.4697 - val_acc: 0.7855
Epoch 19/30

 256/6557 [>.............................] - ETA: 0s - loss: 0.3419 - acc: 0.8750
 768/6557 [==>...........................] - ETA: 0s - loss: 0.3276 - acc: 0.8594
1280/6557 [====>.........................] - ETA: 0s - loss: 0.3346 - acc: 0.8609
1792/6557 [=======>......................] - ETA: 0s - loss: 0.3373 - acc: 0.8655
2304/6557 [=========>....................] - ETA: 0s - loss: 0.3361 - acc: 0.8663
2816/6557 [===========>..................] - ETA: 0s - loss: 0.3342 - acc: 0.8654
3328/6557 [==============>...............] - ETA: 0s - loss: 0.3355 - acc: 0.8639
3840/6557 [================>.............] - ETA: 0s - loss: 0.3359 - acc: 0.8646
4352/6557 [==================>...........] - ETA: 0s - loss: 0.3349 - acc: 0.8649
4864/6557 [=====================>........] - ETA: 0s - loss: 0.3372 - acc: 0.8631
5376/6557 [=======================>......] - ETA: 0s - loss: 0.3374 - acc: 0.8635
5888/6557 [=========================>....] - ETA: 0s - loss: 0.3370 - acc: 0.8641
6400/6557 [============================>.] - ETA: 0s - loss: 0.3377 - acc: 0.8639
6557/6557 [==============================] - 1s 130us/step - loss: 0.3384 - acc: 0.8647 - val_loss: 0.4668 - val_acc: 0.7915
Epoch 20/30

 256/6557 [>.............................] - ETA: 0s - loss: 0.3329 - acc: 0.8828
 768/6557 [==>...........................] - ETA: 0s - loss: 0.3271 - acc: 0.8698
1280/6557 [====>.........................] - ETA: 0s - loss: 0.3229 - acc: 0.8727
1792/6557 [=======>......................] - ETA: 0s - loss: 0.3223 - acc: 0.8711
2304/6557 [=========>....................] - ETA: 0s - loss: 0.3282 - acc: 0.8655
2816/6557 [===========>..................] - ETA: 0s - loss: 0.3286 - acc: 0.8686
3328/6557 [==============>...............] - ETA: 0s - loss: 0.3305 - acc: 0.8678
3840/6557 [================>.............] - ETA: 0s - loss: 0.3319 - acc: 0.8656
4352/6557 [==================>...........] - ETA: 0s - loss: 0.3314 - acc: 0.8679
4864/6557 [=====================>........] - ETA: 0s - loss: 0.3295 - acc: 0.8697
5376/6557 [=======================>......] - ETA: 0s - loss: 0.3325 - acc: 0.8679
5888/6557 [=========================>....] - ETA: 0s - loss: 0.3319 - acc: 0.8680
6400/6557 [============================>.] - ETA: 0s - loss: 0.3320 - acc: 0.8673
6557/6557 [==============================] - 1s 130us/step - loss: 0.3319 - acc: 0.8679 - val_loss: 0.4662 - val_acc: 0.7903
Epoch 21/30

 256/6557 [>.............................] - ETA: 0s - loss: 0.3411 - acc: 0.8672
 768/6557 [==>...........................] - ETA: 0s - loss: 0.3404 - acc: 0.8646
1280/6557 [====>.........................] - ETA: 0s - loss: 0.3425 - acc: 0.8562
1792/6557 [=======>......................] - ETA: 0s - loss: 0.3357 - acc: 0.8627
2304/6557 [=========>....................] - ETA: 0s - loss: 0.3411 - acc: 0.8594
2816/6557 [===========>..................] - ETA: 0s - loss: 0.3385 - acc: 0.8633
3328/6557 [==============>...............] - ETA: 0s - loss: 0.3358 - acc: 0.8639
3840/6557 [================>.............] - ETA: 0s - loss: 0.3341 - acc: 0.8654
4352/6557 [==================>...........] - ETA: 0s - loss: 0.3306 - acc: 0.8681
4864/6557 [=====================>........] - ETA: 0s - loss: 0.3313 - acc: 0.8664
5376/6557 [=======================>......] - ETA: 0s - loss: 0.3304 - acc: 0.8653
5888/6557 [=========================>....] - ETA: 0s - loss: 0.3321 - acc: 0.8641
6400/6557 [============================>.] - ETA: 0s - loss: 0.3325 - acc: 0.8652
6557/6557 [==============================] - 1s 131us/step - loss: 0.3321 - acc: 0.8658 - val_loss: 0.4658 - val_acc: 0.7927
Epoch 22/30

 256/6557 [>.............................] - ETA: 0s - loss: 0.3096 - acc: 0.9062
 768/6557 [==>...........................] - ETA: 0s - loss: 0.3390 - acc: 0.8763
1280/6557 [====>.........................] - ETA: 0s - loss: 0.3352 - acc: 0.8758
1792/6557 [=======>......................] - ETA: 0s - loss: 0.3246 - acc: 0.8778
2304/6557 [=========>....................] - ETA: 0s - loss: 0.3235 - acc: 0.8746
2816/6557 [===========>..................] - ETA: 0s - loss: 0.3330 - acc: 0.8679
3328/6557 [==============>...............] - ETA: 0s - loss: 0.3320 - acc: 0.8687
3840/6557 [================>.............] - ETA: 0s - loss: 0.3354 - acc: 0.8656
4352/6557 [==================>...........] - ETA: 0s - loss: 0.3359 - acc: 0.8640
4864/6557 [=====================>........] - ETA: 0s - loss: 0.3364 - acc: 0.8637
5376/6557 [=======================>......] - ETA: 0s - loss: 0.3370 - acc: 0.8637
5888/6557 [=========================>....] - ETA: 0s - loss: 0.3354 - acc: 0.8655
6400/6557 [============================>.] - ETA: 0s - loss: 0.3331 - acc: 0.8664
6557/6557 [==============================] - 1s 130us/step - loss: 0.3333 - acc: 0.8662 - val_loss: 0.4658 - val_acc: 0.7927
2018-10-24 01:57:26,493 : INFO : loading best model weights
2018-10-24 01:57:26,789 : INFO : computing and saving metrics
             precision    recall  f1-score   support

   negative       0.81      0.77      0.79       408
   positive       0.79      0.82      0.80       417

avg / total       0.80      0.80      0.80       825

Using TensorFlow backend.
2018-10-24 01:57:57,254 : INFO : training model in static mode
2018-10-24 01:57:57,254 : INFO : setting random seed to 123
2018-10-24 01:57:57,273 : INFO : loading and preprocessing dataset
2018-10-24 01:57:58,036 : INFO : using 13295 words
2018-10-24 01:57:58,037 : INFO : building embedding layer
2018-10-24 01:57:58,037 : INFO : loading projection weights from /usit/abel/u1/filipste/vectors/glove.840B.300d.bin
2018-10-24 01:59:06,350 : INFO : loaded (2196016, 300) matrix from /usit/abel/u1/filipste/vectors/glove.840B.300d.bin
2018-10-24 01:59:06,784 : WARNING : there are 315 oov tokens
2018-10-24 01:59:10.177936: I tensorflow/core/common_runtime/gpu/gpu_device.cc:1405] Found device 0 with properties: 
name: Tesla K20Xm major: 3 minor: 5 memoryClockRate(GHz): 0.732
pciBusID: 0000:03:00.0
totalMemory: 5.57GiB freeMemory: 5.49GiB
2018-10-24 01:59:10.178096: I tensorflow/core/common_runtime/gpu/gpu_device.cc:1484] Adding visible gpu devices: 0
2018-10-24 01:59:10.629634: I tensorflow/core/common_runtime/gpu/gpu_device.cc:965] Device interconnect StreamExecutor with strength 1 edge matrix:
2018-10-24 01:59:10.629740: I tensorflow/core/common_runtime/gpu/gpu_device.cc:971]      0 
2018-10-24 01:59:10.629758: I tensorflow/core/common_runtime/gpu/gpu_device.cc:984] 0:   N 
2018-10-24 01:59:10.630069: I tensorflow/core/common_runtime/gpu/gpu_device.cc:1097] Created TensorFlow device (/job:localhost/replica:0/task:0/device:GPU:0 with 5278 MB memory) -> physical GPU (device: 0, name: Tesla K20Xm, pci bus id: 0000:03:00.0, compute capability: 3.5)
2018-10-24 01:59:13,669 : INFO : building model
2018-10-24 01:59:13,868 : INFO : training the model
__________________________________________________________________________________________________
Layer (type)                    Output Shape         Param #     Connected to                     
==================================================================================================
input_1 (InputLayer)            (None, 50)           0                                            
__________________________________________________________________________________________________
embedding_1 (Sequential)        (None, 50, 300, 1)   3988800     input_1[0][0]                    
__________________________________________________________________________________________________
conv2d_1 (Conv2D)               (None, 48, 1, 100)   90100       embedding_1[1][0]                
__________________________________________________________________________________________________
conv2d_2 (Conv2D)               (None, 47, 1, 100)   120100      embedding_1[1][0]                
__________________________________________________________________________________________________
conv2d_3 (Conv2D)               (None, 46, 1, 100)   150100      embedding_1[1][0]                
__________________________________________________________________________________________________
reshape_2 (Reshape)             (None, 48, 100)      0           conv2d_1[0][0]                   
__________________________________________________________________________________________________
reshape_3 (Reshape)             (None, 47, 100)      0           conv2d_2[0][0]                   
__________________________________________________________________________________________________
reshape_4 (Reshape)             (None, 46, 100)      0           conv2d_3[0][0]                   
__________________________________________________________________________________________________
global_max_pooling1d_1 (GlobalM (None, 100)          0           reshape_2[0][0]                  
__________________________________________________________________________________________________
global_max_pooling1d_2 (GlobalM (None, 100)          0           reshape_3[0][0]                  
__________________________________________________________________________________________________
global_max_pooling1d_3 (GlobalM (None, 100)          0           reshape_4[0][0]                  
__________________________________________________________________________________________________
concatenate_1 (Concatenate)     (None, 300)          0           global_max_pooling1d_1[0][0]     
                                                                 global_max_pooling1d_2[0][0]     
                                                                 global_max_pooling1d_3[0][0]     
__________________________________________________________________________________________________
dropout_1 (Dropout)             (None, 300)          0           concatenate_1[0][0]              
__________________________________________________________________________________________________
dense_1 (Dense)                 (None, 2)            602         dropout_1[0][0]                  
==================================================================================================
Total params: 4,349,702
Trainable params: 360,902
Non-trainable params: 3,988,800
__________________________________________________________________________________________________
Train on 6557 samples, validate on 825 samples
Epoch 1/30

 256/6557 [>.............................] - ETA: 45s - loss: 0.7034 - acc: 0.4453
 768/6557 [==>...........................] - ETA: 14s - loss: 0.6689 - acc: 0.5508
1280/6557 [====>.........................] - ETA: 8s - loss: 0.7248 - acc: 0.5359 
1792/6557 [=======>......................] - ETA: 5s - loss: 0.6929 - acc: 0.5564
2304/6557 [=========>....................] - ETA: 3s - loss: 0.6584 - acc: 0.6033
2816/6557 [===========>..................] - ETA: 2s - loss: 0.6491 - acc: 0.6115
3328/6557 [==============>...............] - ETA: 2s - loss: 0.6413 - acc: 0.6181
3840/6557 [================>.............] - ETA: 1s - loss: 0.6277 - acc: 0.6328
4352/6557 [==================>...........] - ETA: 1s - loss: 0.6117 - acc: 0.6487
4864/6557 [=====================>........] - ETA: 0s - loss: 0.6007 - acc: 0.6587
5376/6557 [=======================>......] - ETA: 0s - loss: 0.5896 - acc: 0.6687
5888/6557 [=========================>....] - ETA: 0s - loss: 0.5793 - acc: 0.6785
6400/6557 [============================>.] - ETA: 0s - loss: 0.5741 - acc: 0.6834
6557/6557 [==============================] - 3s 425us/step - loss: 0.5737 - acc: 0.6838 - val_loss: 0.4968 - val_acc: 0.7576
Epoch 2/30

 256/6557 [>.............................] - ETA: 0s - loss: 0.4669 - acc: 0.7930
 768/6557 [==>...........................] - ETA: 0s - loss: 0.4596 - acc: 0.7786
1280/6557 [====>.........................] - ETA: 0s - loss: 0.4375 - acc: 0.7969
1792/6557 [=======>......................] - ETA: 0s - loss: 0.4311 - acc: 0.8036
2304/6557 [=========>....................] - ETA: 0s - loss: 0.4591 - acc: 0.7899
2816/6557 [===========>..................] - ETA: 0s - loss: 0.4741 - acc: 0.7766
3328/6557 [==============>...............] - ETA: 0s - loss: 0.4710 - acc: 0.7773
3840/6557 [================>.............] - ETA: 0s - loss: 0.4664 - acc: 0.7794
4352/6557 [==================>...........] - ETA: 0s - loss: 0.4594 - acc: 0.7856
4864/6557 [=====================>........] - ETA: 0s - loss: 0.4522 - acc: 0.7897
5376/6557 [=======================>......] - ETA: 0s - loss: 0.4468 - acc: 0.7917
5888/6557 [=========================>....] - ETA: 0s - loss: 0.4430 - acc: 0.7942
6400/6557 [============================>.] - ETA: 0s - loss: 0.4415 - acc: 0.7927
6557/6557 [==============================] - 1s 130us/step - loss: 0.4413 - acc: 0.7929 - val_loss: 0.4274 - val_acc: 0.8012
Epoch 3/30

 256/6557 [>.............................] - ETA: 0s - loss: 0.3865 - acc: 0.8438
 768/6557 [==>...........................] - ETA: 0s - loss: 0.4114 - acc: 0.8112
1280/6557 [====>.........................] - ETA: 0s - loss: 0.3955 - acc: 0.8156
1792/6557 [=======>......................] - ETA: 0s - loss: 0.3896 - acc: 0.8220
2304/6557 [=========>....................] - ETA: 0s - loss: 0.3873 - acc: 0.8234
2816/6557 [===========>..................] - ETA: 0s - loss: 0.3906 - acc: 0.8246
3328/6557 [==============>...............] - ETA: 0s - loss: 0.3940 - acc: 0.8224
3840/6557 [================>.............] - ETA: 0s - loss: 0.3938 - acc: 0.8211
4352/6557 [==================>...........] - ETA: 0s - loss: 0.3943 - acc: 0.8201
4864/6557 [=====================>........] - ETA: 0s - loss: 0.3985 - acc: 0.8160
5376/6557 [=======================>......] - ETA: 0s - loss: 0.3942 - acc: 0.8199
5888/6557 [=========================>....] - ETA: 0s - loss: 0.3908 - acc: 0.8230
6400/6557 [============================>.] - ETA: 0s - loss: 0.3909 - acc: 0.8236
6557/6557 [==============================] - 1s 130us/step - loss: 0.3900 - acc: 0.8245 - val_loss: 0.4936 - val_acc: 0.7624
Epoch 4/30

 256/6557 [>.............................] - ETA: 0s - loss: 0.3414 - acc: 0.8789
 768/6557 [==>...........................] - ETA: 0s - loss: 0.3580 - acc: 0.8438
1280/6557 [====>.........................] - ETA: 0s - loss: 0.3727 - acc: 0.8234
1792/6557 [=======>......................] - ETA: 0s - loss: 0.3813 - acc: 0.8225
2304/6557 [=========>....................] - ETA: 0s - loss: 0.3881 - acc: 0.8220
2816/6557 [===========>..................] - ETA: 0s - loss: 0.3836 - acc: 0.8253
3328/6557 [==============>...............] - ETA: 0s - loss: 0.3790 - acc: 0.8281
3840/6557 [================>.............] - ETA: 0s - loss: 0.3770 - acc: 0.8302
4352/6557 [==================>...........] - ETA: 0s - loss: 0.3778 - acc: 0.8309
4864/6557 [=====================>........] - ETA: 0s - loss: 0.3755 - acc: 0.8324
5376/6557 [=======================>......] - ETA: 0s - loss: 0.3773 - acc: 0.8298
5888/6557 [=========================>....] - ETA: 0s - loss: 0.3800 - acc: 0.8285
6400/6557 [============================>.] - ETA: 0s - loss: 0.3784 - acc: 0.8294
6557/6557 [==============================] - 1s 130us/step - loss: 0.3774 - acc: 0.8301 - val_loss: 0.4669 - val_acc: 0.7855
Epoch 5/30

 256/6557 [>.............................] - ETA: 0s - loss: 0.2876 - acc: 0.8828
 768/6557 [==>...........................] - ETA: 0s - loss: 0.3111 - acc: 0.8646
1280/6557 [====>.........................] - ETA: 0s - loss: 0.2917 - acc: 0.8758
1792/6557 [=======>......................] - ETA: 0s - loss: 0.2922 - acc: 0.8806
2304/6557 [=========>....................] - ETA: 0s - loss: 0.2925 - acc: 0.8824
2816/6557 [===========>..................] - ETA: 0s - loss: 0.2890 - acc: 0.8828
3328/6557 [==============>...............] - ETA: 0s - loss: 0.2893 - acc: 0.8867
3840/6557 [================>.............] - ETA: 0s - loss: 0.2889 - acc: 0.8862
4352/6557 [==================>...........] - ETA: 0s - loss: 0.2879 - acc: 0.8867
4864/6557 [=====================>........] - ETA: 0s - loss: 0.2899 - acc: 0.8849
5376/6557 [=======================>......] - ETA: 0s - loss: 0.2884 - acc: 0.8876
5888/6557 [=========================>....] - ETA: 0s - loss: 0.2881 - acc: 0.8884
6400/6557 [============================>.] - ETA: 0s - loss: 0.2912 - acc: 0.8858
6557/6557 [==============================] - 1s 131us/step - loss: 0.2906 - acc: 0.8867 - val_loss: 0.4165 - val_acc: 0.8206
Epoch 6/30

 256/6557 [>.............................] - ETA: 0s - loss: 0.2596 - acc: 0.9219
 768/6557 [==>...........................] - ETA: 0s - loss: 0.2831 - acc: 0.8984
1280/6557 [====>.........................] - ETA: 0s - loss: 0.2827 - acc: 0.8977
1792/6557 [=======>......................] - ETA: 0s - loss: 0.2851 - acc: 0.8962
2304/6557 [=========>....................] - ETA: 0s - loss: 0.2890 - acc: 0.8906
2816/6557 [===========>..................] - ETA: 0s - loss: 0.2887 - acc: 0.8928
3328/6557 [==============>...............] - ETA: 0s - loss: 0.2840 - acc: 0.8963
3840/6557 [================>.............] - ETA: 0s - loss: 0.2829 - acc: 0.8961
4352/6557 [==================>...........] - ETA: 0s - loss: 0.2826 - acc: 0.8966
4864/6557 [=====================>........] - ETA: 0s - loss: 0.2841 - acc: 0.8935
5376/6557 [=======================>......] - ETA: 0s - loss: 0.2852 - acc: 0.8934
5888/6557 [=========================>....] - ETA: 0s - loss: 0.2826 - acc: 0.8947
6400/6557 [============================>.] - ETA: 0s - loss: 0.2838 - acc: 0.8934
6557/6557 [==============================] - 1s 129us/step - loss: 0.2838 - acc: 0.8939 - val_loss: 0.4184 - val_acc: 0.8158
Epoch 7/30

 256/6557 [>.............................] - ETA: 0s - loss: 0.2973 - acc: 0.8906
 768/6557 [==>...........................] - ETA: 0s - loss: 0.2969 - acc: 0.8867
1280/6557 [====>.........................] - ETA: 0s - loss: 0.2889 - acc: 0.8898
1792/6557 [=======>......................] - ETA: 0s - loss: 0.2849 - acc: 0.8867
2304/6557 [=========>....................] - ETA: 0s - loss: 0.2833 - acc: 0.8876
2816/6557 [===========>..................] - ETA: 0s - loss: 0.2807 - acc: 0.8917
3328/6557 [==============>...............] - ETA: 0s - loss: 0.2814 - acc: 0.8909
3840/6557 [================>.............] - ETA: 0s - loss: 0.2802 - acc: 0.8909
4352/6557 [==================>...........] - ETA: 0s - loss: 0.2796 - acc: 0.8929
4864/6557 [=====================>........] - ETA: 0s - loss: 0.2802 - acc: 0.8935
5376/6557 [=======================>......] - ETA: 0s - loss: 0.2804 - acc: 0.8932
5888/6557 [=========================>....] - ETA: 0s - loss: 0.2786 - acc: 0.8942
6400/6557 [============================>.] - ETA: 0s - loss: 0.2774 - acc: 0.8953
6557/6557 [==============================] - 1s 130us/step - loss: 0.2774 - acc: 0.8954 - val_loss: 0.4172 - val_acc: 0.8158
Epoch 8/30

 256/6557 [>.............................] - ETA: 0s - loss: 0.2950 - acc: 0.9023
 768/6557 [==>...........................] - ETA: 0s - loss: 0.2861 - acc: 0.9010
1280/6557 [====>.........................] - ETA: 0s - loss: 0.2672 - acc: 0.9086
1792/6557 [=======>......................] - ETA: 0s - loss: 0.2800 - acc: 0.9012
2304/6557 [=========>....................] - ETA: 0s - loss: 0.2763 - acc: 0.8997
2816/6557 [===========>..................] - ETA: 0s - loss: 0.2755 - acc: 0.8988
3328/6557 [==============>...............] - ETA: 0s - loss: 0.2732 - acc: 0.9002
3840/6557 [================>.............] - ETA: 0s - loss: 0.2712 - acc: 0.9008
4352/6557 [==================>...........] - ETA: 0s - loss: 0.2719 - acc: 0.8991
4864/6557 [=====================>........] - ETA: 0s - loss: 0.2748 - acc: 0.8962
5376/6557 [=======================>......] - ETA: 0s - loss: 0.2765 - acc: 0.8942
5888/6557 [=========================>....] - ETA: 0s - loss: 0.2745 - acc: 0.8954
6400/6557 [============================>.] - ETA: 0s - loss: 0.2722 - acc: 0.8964
6557/6557 [==============================] - 1s 130us/step - loss: 0.2719 - acc: 0.8964 - val_loss: 0.4172 - val_acc: 0.8170
Epoch 9/30

 256/6557 [>.............................] - ETA: 0s - loss: 0.2376 - acc: 0.9297
 768/6557 [==>...........................] - ETA: 0s - loss: 0.2792 - acc: 0.8958
1280/6557 [====>.........................] - ETA: 0s - loss: 0.2711 - acc: 0.8992
1792/6557 [=======>......................] - ETA: 0s - loss: 0.2696 - acc: 0.9001
2304/6557 [=========>....................] - ETA: 0s - loss: 0.2656 - acc: 0.9028
2816/6557 [===========>..................] - ETA: 0s - loss: 0.2644 - acc: 0.9038
3328/6557 [==============>...............] - ETA: 0s - loss: 0.2666 - acc: 0.9008
3840/6557 [================>.............] - ETA: 0s - loss: 0.2699 - acc: 0.9005
4352/6557 [==================>...........] - ETA: 0s - loss: 0.2723 - acc: 0.8991
4864/6557 [=====================>........] - ETA: 0s - loss: 0.2725 - acc: 0.9003
5376/6557 [=======================>......] - ETA: 0s - loss: 0.2717 - acc: 0.9001
5888/6557 [=========================>....] - ETA: 0s - loss: 0.2710 - acc: 0.9013
6400/6557 [============================>.] - ETA: 0s - loss: 0.2689 - acc: 0.9022
6557/6557 [==============================] - 1s 130us/step - loss: 0.2682 - acc: 0.9021 - val_loss: 0.4170 - val_acc: 0.8158
Epoch 10/30

 256/6557 [>.............................] - ETA: 0s - loss: 0.2934 - acc: 0.8789
 768/6557 [==>...........................] - ETA: 0s - loss: 0.2927 - acc: 0.8711
1280/6557 [====>.........................] - ETA: 0s - loss: 0.2676 - acc: 0.8977
1792/6557 [=======>......................] - ETA: 0s - loss: 0.2702 - acc: 0.8962
2304/6557 [=========>....................] - ETA: 0s - loss: 0.2664 - acc: 0.8984
2816/6557 [===========>..................] - ETA: 0s - loss: 0.2696 - acc: 0.8963
3328/6557 [==============>...............] - ETA: 0s - loss: 0.2696 - acc: 0.8957
3840/6557 [================>.............] - ETA: 0s - loss: 0.2698 - acc: 0.8948
4352/6557 [==================>...........] - ETA: 0s - loss: 0.2670 - acc: 0.8952
4864/6557 [=====================>........] - ETA: 0s - loss: 0.2661 - acc: 0.8966
5376/6557 [=======================>......] - ETA: 0s - loss: 0.2679 - acc: 0.8962
5888/6557 [=========================>....] - ETA: 0s - loss: 0.2698 - acc: 0.8964
6400/6557 [============================>.] - ETA: 0s - loss: 0.2706 - acc: 0.8966
6557/6557 [==============================] - 1s 130us/step - loss: 0.2699 - acc: 0.8968 - val_loss: 0.4170 - val_acc: 0.8158
2018-10-24 01:59:25,299 : INFO : loading best model weights
2018-10-24 01:59:25,586 : INFO : computing and saving metrics
             precision    recall  f1-score   support

   negative       0.83      0.80      0.82       408
   positive       0.81      0.84      0.83       417

avg / total       0.82      0.82      0.82       825

Using TensorFlow backend.
2018-10-24 01:59:31,479 : INFO : training model in static mode
2018-10-24 01:59:31,479 : INFO : setting random seed to 123
2018-10-24 01:59:31,501 : INFO : loading and preprocessing dataset
2018-10-24 01:59:32,298 : INFO : using 13295 words
2018-10-24 01:59:32,298 : INFO : building embedding layer
2018-10-24 01:59:32,298 : INFO : loading projection weights from /usit/abel/u1/filipste/vectors/wiki.en.bin
2018-10-24 02:00:52,994 : INFO : loaded (2519370, 300) matrix from /usit/abel/u1/filipste/vectors/wiki.en.bin
2018-10-24 02:01:01,585 : WARNING : there are 257 oov tokens
2018-10-24 02:01:05.016012: I tensorflow/core/common_runtime/gpu/gpu_device.cc:1405] Found device 0 with properties: 
name: Tesla K20Xm major: 3 minor: 5 memoryClockRate(GHz): 0.732
pciBusID: 0000:03:00.0
totalMemory: 5.57GiB freeMemory: 5.49GiB
2018-10-24 02:01:05.016128: I tensorflow/core/common_runtime/gpu/gpu_device.cc:1484] Adding visible gpu devices: 0
2018-10-24 02:01:05.460006: I tensorflow/core/common_runtime/gpu/gpu_device.cc:965] Device interconnect StreamExecutor with strength 1 edge matrix:
2018-10-24 02:01:05.460108: I tensorflow/core/common_runtime/gpu/gpu_device.cc:971]      0 
2018-10-24 02:01:05.460126: I tensorflow/core/common_runtime/gpu/gpu_device.cc:984] 0:   N 
2018-10-24 02:01:05.460453: I tensorflow/core/common_runtime/gpu/gpu_device.cc:1097] Created TensorFlow device (/job:localhost/replica:0/task:0/device:GPU:0 with 5278 MB memory) -> physical GPU (device: 0, name: Tesla K20Xm, pci bus id: 0000:03:00.0, compute capability: 3.5)
2018-10-24 02:01:09,026 : INFO : building model
2018-10-24 02:01:09,224 : INFO : training the model
__________________________________________________________________________________________________
Layer (type)                    Output Shape         Param #     Connected to                     
==================================================================================================
input_1 (InputLayer)            (None, 50)           0                                            
__________________________________________________________________________________________________
embedding_1 (Sequential)        (None, 50, 300, 1)   3988800     input_1[0][0]                    
__________________________________________________________________________________________________
conv2d_1 (Conv2D)               (None, 48, 1, 100)   90100       embedding_1[1][0]                
__________________________________________________________________________________________________
conv2d_2 (Conv2D)               (None, 47, 1, 100)   120100      embedding_1[1][0]                
__________________________________________________________________________________________________
conv2d_3 (Conv2D)               (None, 46, 1, 100)   150100      embedding_1[1][0]                
__________________________________________________________________________________________________
reshape_2 (Reshape)             (None, 48, 100)      0           conv2d_1[0][0]                   
__________________________________________________________________________________________________
reshape_3 (Reshape)             (None, 47, 100)      0           conv2d_2[0][0]                   
__________________________________________________________________________________________________
reshape_4 (Reshape)             (None, 46, 100)      0           conv2d_3[0][0]                   
__________________________________________________________________________________________________
global_max_pooling1d_1 (GlobalM (None, 100)          0           reshape_2[0][0]                  
__________________________________________________________________________________________________
global_max_pooling1d_2 (GlobalM (None, 100)          0           reshape_3[0][0]                  
__________________________________________________________________________________________________
global_max_pooling1d_3 (GlobalM (None, 100)          0           reshape_4[0][0]                  
__________________________________________________________________________________________________
concatenate_1 (Concatenate)     (None, 300)          0           global_max_pooling1d_1[0][0]     
                                                                 global_max_pooling1d_2[0][0]     
                                                                 global_max_pooling1d_3[0][0]     
__________________________________________________________________________________________________
dropout_1 (Dropout)             (None, 300)          0           concatenate_1[0][0]              
__________________________________________________________________________________________________
dense_1 (Dense)                 (None, 2)            602         dropout_1[0][0]                  
==================================================================================================
Total params: 4,349,702
Trainable params: 360,902
Non-trainable params: 3,988,800
__________________________________________________________________________________________________
Train on 6557 samples, validate on 825 samples
Epoch 1/30

 256/6557 [>.............................] - ETA: 44s - loss: 0.6994 - acc: 0.4922
 768/6557 [==>...........................] - ETA: 14s - loss: 0.8023 - acc: 0.5260
1280/6557 [====>.........................] - ETA: 8s - loss: 0.8004 - acc: 0.5164 
1792/6557 [=======>......................] - ETA: 5s - loss: 0.7854 - acc: 0.5212
2304/6557 [=========>....................] - ETA: 3s - loss: 0.7607 - acc: 0.5543
2816/6557 [===========>..................] - ETA: 2s - loss: 0.7421 - acc: 0.5639
3328/6557 [==============>...............] - ETA: 2s - loss: 0.7300 - acc: 0.5775
3840/6557 [================>.............] - ETA: 1s - loss: 0.7190 - acc: 0.5831
4352/6557 [==================>...........] - ETA: 1s - loss: 0.7104 - acc: 0.5892
4864/6557 [=====================>........] - ETA: 0s - loss: 0.7080 - acc: 0.5917
5376/6557 [=======================>......] - ETA: 0s - loss: 0.7018 - acc: 0.5949
5888/6557 [=========================>....] - ETA: 0s - loss: 0.6925 - acc: 0.6012
6400/6557 [============================>.] - ETA: 0s - loss: 0.6849 - acc: 0.6103
6557/6557 [==============================] - 3s 424us/step - loss: 0.6827 - acc: 0.6117 - val_loss: 0.5749 - val_acc: 0.7103
Epoch 2/30

 256/6557 [>.............................] - ETA: 0s - loss: 0.5611 - acc: 0.7344
 768/6557 [==>...........................] - ETA: 0s - loss: 0.5637 - acc: 0.7188
1280/6557 [====>.........................] - ETA: 0s - loss: 0.5564 - acc: 0.7250
1792/6557 [=======>......................] - ETA: 0s - loss: 0.5546 - acc: 0.7271
2304/6557 [=========>....................] - ETA: 0s - loss: 0.5827 - acc: 0.7018
2816/6557 [===========>..................] - ETA: 0s - loss: 0.6088 - acc: 0.6768
3328/6557 [==============>...............] - ETA: 0s - loss: 0.6029 - acc: 0.6812
3840/6557 [================>.............] - ETA: 0s - loss: 0.5920 - acc: 0.6911
4352/6557 [==================>...........] - ETA: 0s - loss: 0.5829 - acc: 0.7006
4864/6557 [=====================>........] - ETA: 0s - loss: 0.5737 - acc: 0.7089
5376/6557 [=======================>......] - ETA: 0s - loss: 0.5661 - acc: 0.7156
5888/6557 [=========================>....] - ETA: 0s - loss: 0.5601 - acc: 0.7210
6400/6557 [============================>.] - ETA: 0s - loss: 0.5568 - acc: 0.7219
6557/6557 [==============================] - 1s 129us/step - loss: 0.5564 - acc: 0.7220 - val_loss: 0.4944 - val_acc: 0.7758
Epoch 3/30

 256/6557 [>.............................] - ETA: 0s - loss: 0.4904 - acc: 0.7812
 768/6557 [==>...........................] - ETA: 0s - loss: 0.5219 - acc: 0.7305
1280/6557 [====>.........................] - ETA: 0s - loss: 0.4975 - acc: 0.7602
1792/6557 [=======>......................] - ETA: 0s - loss: 0.4834 - acc: 0.7706
2304/6557 [=========>....................] - ETA: 0s - loss: 0.4779 - acc: 0.7734
2816/6557 [===========>..................] - ETA: 0s - loss: 0.4834 - acc: 0.7713
3328/6557 [==============>...............] - ETA: 0s - loss: 0.4907 - acc: 0.7629
3840/6557 [================>.............] - ETA: 0s - loss: 0.4926 - acc: 0.7586
4352/6557 [==================>...........] - ETA: 0s - loss: 0.4967 - acc: 0.7546
4864/6557 [=====================>........] - ETA: 0s - loss: 0.5047 - acc: 0.7492
5376/6557 [=======================>......] - ETA: 0s - loss: 0.4993 - acc: 0.7530
5888/6557 [=========================>....] - ETA: 0s - loss: 0.4945 - acc: 0.7576
6400/6557 [============================>.] - ETA: 0s - loss: 0.4939 - acc: 0.7597
6557/6557 [==============================] - 1s 131us/step - loss: 0.4933 - acc: 0.7606 - val_loss: 0.5197 - val_acc: 0.7261
Epoch 4/30

 256/6557 [>.............................] - ETA: 0s - loss: 0.4238 - acc: 0.8008
 768/6557 [==>...........................] - ETA: 0s - loss: 0.4573 - acc: 0.7760
1280/6557 [====>.........................] - ETA: 0s - loss: 0.4724 - acc: 0.7680
1792/6557 [=======>......................] - ETA: 0s - loss: 0.4817 - acc: 0.7634
2304/6557 [=========>....................] - ETA: 0s - loss: 0.4925 - acc: 0.7556
2816/6557 [===========>..................] - ETA: 0s - loss: 0.4868 - acc: 0.7571
3328/6557 [==============>...............] - ETA: 0s - loss: 0.4818 - acc: 0.7605
3840/6557 [================>.............] - ETA: 0s - loss: 0.4815 - acc: 0.7615
4352/6557 [==================>...........] - ETA: 0s - loss: 0.4781 - acc: 0.7636
4864/6557 [=====================>........] - ETA: 0s - loss: 0.4744 - acc: 0.7669
5376/6557 [=======================>......] - ETA: 0s - loss: 0.4743 - acc: 0.7669
5888/6557 [=========================>....] - ETA: 0s - loss: 0.4759 - acc: 0.7656
6400/6557 [============================>.] - ETA: 0s - loss: 0.4721 - acc: 0.7694
6557/6557 [==============================] - 1s 130us/step - loss: 0.4711 - acc: 0.7703 - val_loss: 0.5260 - val_acc: 0.7164
Epoch 5/30

 256/6557 [>.............................] - ETA: 0s - loss: 0.3951 - acc: 0.8320
 768/6557 [==>...........................] - ETA: 0s - loss: 0.4320 - acc: 0.7943
1280/6557 [====>.........................] - ETA: 0s - loss: 0.4158 - acc: 0.8109
1792/6557 [=======>......................] - ETA: 0s - loss: 0.4138 - acc: 0.8192
2304/6557 [=========>....................] - ETA: 0s - loss: 0.4085 - acc: 0.8220
2816/6557 [===========>..................] - ETA: 0s - loss: 0.4027 - acc: 0.8295
3328/6557 [==============>...............] - ETA: 0s - loss: 0.4037 - acc: 0.8305
3840/6557 [================>.............] - ETA: 0s - loss: 0.3989 - acc: 0.8331
4352/6557 [==================>...........] - ETA: 0s - loss: 0.3974 - acc: 0.8330
4864/6557 [=====================>........] - ETA: 0s - loss: 0.3990 - acc: 0.8316
5376/6557 [=======================>......] - ETA: 0s - loss: 0.3985 - acc: 0.8313
5888/6557 [=========================>....] - ETA: 0s - loss: 0.3970 - acc: 0.8337
6400/6557 [============================>.] - ETA: 0s - loss: 0.3966 - acc: 0.8339
6557/6557 [==============================] - 1s 130us/step - loss: 0.3961 - acc: 0.8345 - val_loss: 0.4412 - val_acc: 0.8024
Epoch 6/30

 256/6557 [>.............................] - ETA: 0s - loss: 0.3704 - acc: 0.8438
 768/6557 [==>...........................] - ETA: 0s - loss: 0.4052 - acc: 0.8177
1280/6557 [====>.........................] - ETA: 0s - loss: 0.3973 - acc: 0.8297
1792/6557 [=======>......................] - ETA: 0s - loss: 0.3945 - acc: 0.8331
2304/6557 [=========>....................] - ETA: 0s - loss: 0.3933 - acc: 0.8364
2816/6557 [===========>..................] - ETA: 0s - loss: 0.3927 - acc: 0.8366
3328/6557 [==============>...............] - ETA: 0s - loss: 0.3908 - acc: 0.8398
3840/6557 [================>.............] - ETA: 0s - loss: 0.3900 - acc: 0.8388
4352/6557 [==================>...........] - ETA: 0s - loss: 0.3881 - acc: 0.8421
4864/6557 [=====================>........] - ETA: 0s - loss: 0.3884 - acc: 0.8398
5376/6557 [=======================>......] - ETA: 0s - loss: 0.3892 - acc: 0.8398
5888/6557 [=========================>....] - ETA: 0s - loss: 0.3869 - acc: 0.8414
6400/6557 [============================>.] - ETA: 0s - loss: 0.3877 - acc: 0.8406
6557/6557 [==============================] - 1s 129us/step - loss: 0.3872 - acc: 0.8415 - val_loss: 0.4424 - val_acc: 0.8024
Epoch 7/30

 256/6557 [>.............................] - ETA: 0s - loss: 0.4077 - acc: 0.8242
 768/6557 [==>...........................] - ETA: 0s - loss: 0.4009 - acc: 0.8294
1280/6557 [====>.........................] - ETA: 0s - loss: 0.3905 - acc: 0.8367
1792/6557 [=======>......................] - ETA: 0s - loss: 0.3899 - acc: 0.8365
2304/6557 [=========>....................] - ETA: 0s - loss: 0.3841 - acc: 0.8429
2816/6557 [===========>..................] - ETA: 0s - loss: 0.3833 - acc: 0.8430
3328/6557 [==============>...............] - ETA: 0s - loss: 0.3830 - acc: 0.8438
3840/6557 [================>.............] - ETA: 0s - loss: 0.3845 - acc: 0.8424
4352/6557 [==================>...........] - ETA: 0s - loss: 0.3830 - acc: 0.8431
4864/6557 [=====================>........] - ETA: 0s - loss: 0.3848 - acc: 0.8409
5376/6557 [=======================>......] - ETA: 0s - loss: 0.3836 - acc: 0.8424
5888/6557 [=========================>....] - ETA: 0s - loss: 0.3823 - acc: 0.8427
6400/6557 [============================>.] - ETA: 0s - loss: 0.3826 - acc: 0.8431
6557/6557 [==============================] - 1s 129us/step - loss: 0.3823 - acc: 0.8438 - val_loss: 0.4395 - val_acc: 0.8073
Epoch 8/30

 256/6557 [>.............................] - ETA: 0s - loss: 0.3923 - acc: 0.8477
 768/6557 [==>...........................] - ETA: 0s - loss: 0.3971 - acc: 0.8346
1280/6557 [====>.........................] - ETA: 0s - loss: 0.3780 - acc: 0.8477
1792/6557 [=======>......................] - ETA: 0s - loss: 0.3825 - acc: 0.8415
2304/6557 [=========>....................] - ETA: 0s - loss: 0.3754 - acc: 0.8490
2816/6557 [===========>..................] - ETA: 0s - loss: 0.3782 - acc: 0.8473
3328/6557 [==============>...............] - ETA: 0s - loss: 0.3756 - acc: 0.8489
3840/6557 [================>.............] - ETA: 0s - loss: 0.3744 - acc: 0.8492
4352/6557 [==================>...........] - ETA: 0s - loss: 0.3771 - acc: 0.8483
4864/6557 [=====================>........] - ETA: 0s - loss: 0.3779 - acc: 0.8487
5376/6557 [=======================>......] - ETA: 0s - loss: 0.3818 - acc: 0.8458
5888/6557 [=========================>....] - ETA: 0s - loss: 0.3795 - acc: 0.8477
6400/6557 [============================>.] - ETA: 0s - loss: 0.3796 - acc: 0.8477
6557/6557 [==============================] - 1s 129us/step - loss: 0.3787 - acc: 0.8481 - val_loss: 0.4403 - val_acc: 0.8061
Epoch 9/30

 256/6557 [>.............................] - ETA: 0s - loss: 0.3371 - acc: 0.8867
 768/6557 [==>...........................] - ETA: 0s - loss: 0.3871 - acc: 0.8411
1280/6557 [====>.........................] - ETA: 0s - loss: 0.3769 - acc: 0.8508
1792/6557 [=======>......................] - ETA: 0s - loss: 0.3724 - acc: 0.8538
2304/6557 [=========>....................] - ETA: 0s - loss: 0.3693 - acc: 0.8568
2816/6557 [===========>..................] - ETA: 0s - loss: 0.3659 - acc: 0.8580
3328/6557 [==============>...............] - ETA: 0s - loss: 0.3663 - acc: 0.8555
3840/6557 [================>.............] - ETA: 0s - loss: 0.3695 - acc: 0.8526
4352/6557 [==================>...........] - ETA: 0s - loss: 0.3734 - acc: 0.8502
4864/6557 [=====================>........] - ETA: 0s - loss: 0.3749 - acc: 0.8497
5376/6557 [=======================>......] - ETA: 0s - loss: 0.3740 - acc: 0.8510
5888/6557 [=========================>....] - ETA: 0s - loss: 0.3724 - acc: 0.8504
6400/6557 [============================>.] - ETA: 0s - loss: 0.3713 - acc: 0.8509
6557/6557 [==============================] - 1s 131us/step - loss: 0.3716 - acc: 0.8504 - val_loss: 0.4375 - val_acc: 0.8061
Epoch 10/30

 256/6557 [>.............................] - ETA: 0s - loss: 0.4100 - acc: 0.8320
 768/6557 [==>...........................] - ETA: 0s - loss: 0.4070 - acc: 0.8281
1280/6557 [====>.........................] - ETA: 0s - loss: 0.3815 - acc: 0.8477
1792/6557 [=======>......................] - ETA: 0s - loss: 0.3770 - acc: 0.8493
2304/6557 [=========>....................] - ETA: 0s - loss: 0.3695 - acc: 0.8494
2816/6557 [===========>..................] - ETA: 0s - loss: 0.3721 - acc: 0.8473
3328/6557 [==============>...............] - ETA: 0s - loss: 0.3681 - acc: 0.8507
3840/6557 [================>.............] - ETA: 0s - loss: 0.3684 - acc: 0.8513
4352/6557 [==================>...........] - ETA: 0s - loss: 0.3650 - acc: 0.8541
4864/6557 [=====================>........] - ETA: 0s - loss: 0.3654 - acc: 0.8528
5376/6557 [=======================>......] - ETA: 0s - loss: 0.3662 - acc: 0.8532
5888/6557 [=========================>....] - ETA: 0s - loss: 0.3687 - acc: 0.8514
6400/6557 [============================>.] - ETA: 0s - loss: 0.3674 - acc: 0.8520
6557/6557 [==============================] - 1s 129us/step - loss: 0.3669 - acc: 0.8519 - val_loss: 0.4373 - val_acc: 0.8073
Epoch 11/30

 256/6557 [>.............................] - ETA: 0s - loss: 0.3379 - acc: 0.8828
 768/6557 [==>...........................] - ETA: 0s - loss: 0.3373 - acc: 0.8750
1280/6557 [====>.........................] - ETA: 0s - loss: 0.3461 - acc: 0.8688
1792/6557 [=======>......................] - ETA: 0s - loss: 0.3575 - acc: 0.8555
2304/6557 [=========>....................] - ETA: 0s - loss: 0.3641 - acc: 0.8537
2816/6557 [===========>..................] - ETA: 0s - loss: 0.3658 - acc: 0.8498
3328/6557 [==============>...............] - ETA: 0s - loss: 0.3637 - acc: 0.8495
3840/6557 [================>.............] - ETA: 0s - loss: 0.3639 - acc: 0.8505
4352/6557 [==================>...........] - ETA: 0s - loss: 0.3648 - acc: 0.8504
4864/6557 [=====================>........] - ETA: 0s - loss: 0.3652 - acc: 0.8520
5376/6557 [=======================>......] - ETA: 0s - loss: 0.3645 - acc: 0.8521
5888/6557 [=========================>....] - ETA: 0s - loss: 0.3655 - acc: 0.8514
6400/6557 [============================>.] - ETA: 0s - loss: 0.3660 - acc: 0.8522
6557/6557 [==============================] - 1s 130us/step - loss: 0.3653 - acc: 0.8528 - val_loss: 0.4392 - val_acc: 0.8085
Epoch 12/30

 256/6557 [>.............................] - ETA: 0s - loss: 0.3412 - acc: 0.8477
 768/6557 [==>...........................] - ETA: 0s - loss: 0.3444 - acc: 0.8490
1280/6557 [====>.........................] - ETA: 0s - loss: 0.3565 - acc: 0.8453
1792/6557 [=======>......................] - ETA: 0s - loss: 0.3622 - acc: 0.8460
2304/6557 [=========>....................] - ETA: 0s - loss: 0.3609 - acc: 0.8481
2816/6557 [===========>..................] - ETA: 0s - loss: 0.3636 - acc: 0.8469
3328/6557 [==============>...............] - ETA: 0s - loss: 0.3642 - acc: 0.8471
3840/6557 [================>.............] - ETA: 0s - loss: 0.3641 - acc: 0.8495
4352/6557 [==================>...........] - ETA: 0s - loss: 0.3626 - acc: 0.8516
4864/6557 [=====================>........] - ETA: 0s - loss: 0.3634 - acc: 0.8516
5376/6557 [=======================>......] - ETA: 0s - loss: 0.3631 - acc: 0.8527
5888/6557 [=========================>....] - ETA: 0s - loss: 0.3612 - acc: 0.8539
6400/6557 [============================>.] - ETA: 0s - loss: 0.3600 - acc: 0.8542
6557/6557 [==============================] - 1s 130us/step - loss: 0.3592 - acc: 0.8547 - val_loss: 0.4317 - val_acc: 0.8109
Epoch 13/30

 256/6557 [>.............................] - ETA: 0s - loss: 0.3315 - acc: 0.8594
 768/6557 [==>...........................] - ETA: 0s - loss: 0.3531 - acc: 0.8490
1280/6557 [====>.........................] - ETA: 0s - loss: 0.3510 - acc: 0.8445
1792/6557 [=======>......................] - ETA: 0s - loss: 0.3467 - acc: 0.8493
2304/6557 [=========>....................] - ETA: 0s - loss: 0.3443 - acc: 0.8533
2816/6557 [===========>..................] - ETA: 0s - loss: 0.3434 - acc: 0.8576
3328/6557 [==============>...............] - ETA: 0s - loss: 0.3471 - acc: 0.8564
3840/6557 [================>.............] - ETA: 0s - loss: 0.3526 - acc: 0.8536
4352/6557 [==================>...........] - ETA: 0s - loss: 0.3550 - acc: 0.8527
4864/6557 [=====================>........] - ETA: 0s - loss: 0.3529 - acc: 0.8553
5376/6557 [=======================>......] - ETA: 0s - loss: 0.3539 - acc: 0.8532
5888/6557 [=========================>....] - ETA: 0s - loss: 0.3516 - acc: 0.8550
6400/6557 [============================>.] - ETA: 0s - loss: 0.3516 - acc: 0.8556
6557/6557 [==============================] - 1s 129us/step - loss: 0.3518 - acc: 0.8559 - val_loss: 0.4296 - val_acc: 0.8121
Epoch 14/30

 256/6557 [>.............................] - ETA: 0s - loss: 0.3717 - acc: 0.8516
 768/6557 [==>...........................] - ETA: 0s - loss: 0.3752 - acc: 0.8477
1280/6557 [====>.........................] - ETA: 0s - loss: 0.3593 - acc: 0.8531
1792/6557 [=======>......................] - ETA: 0s - loss: 0.3521 - acc: 0.8555
2304/6557 [=========>....................] - ETA: 0s - loss: 0.3436 - acc: 0.8641
2816/6557 [===========>..................] - ETA: 0s - loss: 0.3392 - acc: 0.8679
3328/6557 [==============>...............] - ETA: 0s - loss: 0.3418 - acc: 0.8639
3840/6557 [================>.............] - ETA: 0s - loss: 0.3407 - acc: 0.8643
4352/6557 [==================>...........] - ETA: 0s - loss: 0.3424 - acc: 0.8635
4864/6557 [=====================>........] - ETA: 0s - loss: 0.3429 - acc: 0.8653
5376/6557 [=======================>......] - ETA: 0s - loss: 0.3407 - acc: 0.8670
5888/6557 [=========================>....] - ETA: 0s - loss: 0.3426 - acc: 0.8662
6400/6557 [============================>.] - ETA: 0s - loss: 0.3462 - acc: 0.8634
6557/6557 [==============================] - 1s 130us/step - loss: 0.3469 - acc: 0.8632 - val_loss: 0.4300 - val_acc: 0.8085
Epoch 15/30

 256/6557 [>.............................] - ETA: 0s - loss: 0.3404 - acc: 0.8828
 768/6557 [==>...........................] - ETA: 0s - loss: 0.3439 - acc: 0.8802
1280/6557 [====>.........................] - ETA: 0s - loss: 0.3459 - acc: 0.8688
1792/6557 [=======>......................] - ETA: 0s - loss: 0.3479 - acc: 0.8638
2304/6557 [=========>....................] - ETA: 0s - loss: 0.3443 - acc: 0.8663
2816/6557 [===========>..................] - ETA: 0s - loss: 0.3469 - acc: 0.8658
3328/6557 [==============>...............] - ETA: 0s - loss: 0.3480 - acc: 0.8654
3840/6557 [================>.............] - ETA: 0s - loss: 0.3484 - acc: 0.8638
4352/6557 [==================>...........] - ETA: 0s - loss: 0.3452 - acc: 0.8665
4864/6557 [=====================>........] - ETA: 0s - loss: 0.3454 - acc: 0.8662
5376/6557 [=======================>......] - ETA: 0s - loss: 0.3425 - acc: 0.8683
5888/6557 [=========================>....] - ETA: 0s - loss: 0.3422 - acc: 0.8674
6400/6557 [============================>.] - ETA: 0s - loss: 0.3405 - acc: 0.8683
6557/6557 [==============================] - 1s 130us/step - loss: 0.3403 - acc: 0.8685 - val_loss: 0.4283 - val_acc: 0.8121
Epoch 16/30

 256/6557 [>.............................] - ETA: 0s - loss: 0.3481 - acc: 0.8555
 768/6557 [==>...........................] - ETA: 0s - loss: 0.3476 - acc: 0.8555
1280/6557 [====>.........................] - ETA: 0s - loss: 0.3407 - acc: 0.8594
1792/6557 [=======>......................] - ETA: 0s - loss: 0.3330 - acc: 0.8599
2304/6557 [=========>....................] - ETA: 0s - loss: 0.3342 - acc: 0.8611
2816/6557 [===========>..................] - ETA: 0s - loss: 0.3324 - acc: 0.8668
3328/6557 [==============>...............] - ETA: 0s - loss: 0.3366 - acc: 0.8621
3840/6557 [================>.............] - ETA: 0s - loss: 0.3318 - acc: 0.8656
4352/6557 [==================>...........] - ETA: 0s - loss: 0.3339 - acc: 0.8651
4864/6557 [=====================>........] - ETA: 0s - loss: 0.3376 - acc: 0.8629
5376/6557 [=======================>......] - ETA: 0s - loss: 0.3385 - acc: 0.8616
5888/6557 [=========================>....] - ETA: 0s - loss: 0.3376 - acc: 0.8635
6400/6557 [============================>.] - ETA: 0s - loss: 0.3369 - acc: 0.8641
6557/6557 [==============================] - 1s 134us/step - loss: 0.3380 - acc: 0.8641 - val_loss: 0.4323 - val_acc: 0.8073
Epoch 17/30

 256/6557 [>.............................] - ETA: 0s - loss: 0.3293 - acc: 0.8828
 768/6557 [==>...........................] - ETA: 0s - loss: 0.3066 - acc: 0.8945
1280/6557 [====>.........................] - ETA: 0s - loss: 0.3256 - acc: 0.8781
1792/6557 [=======>......................] - ETA: 0s - loss: 0.3318 - acc: 0.8717
2304/6557 [=========>....................] - ETA: 0s - loss: 0.3285 - acc: 0.8767
2816/6557 [===========>..................] - ETA: 0s - loss: 0.3324 - acc: 0.8725
3328/6557 [==============>...............] - ETA: 0s - loss: 0.3311 - acc: 0.8747
3840/6557 [================>.............] - ETA: 0s - loss: 0.3300 - acc: 0.8745
4352/6557 [==================>...........] - ETA: 0s - loss: 0.3297 - acc: 0.8745
4864/6557 [=====================>........] - ETA: 0s - loss: 0.3320 - acc: 0.8742
5376/6557 [=======================>......] - ETA: 0s - loss: 0.3327 - acc: 0.8728
5888/6557 [=========================>....] - ETA: 0s - loss: 0.3319 - acc: 0.8730
6400/6557 [============================>.] - ETA: 0s - loss: 0.3313 - acc: 0.8739
6557/6557 [==============================] - 1s 129us/step - loss: 0.3320 - acc: 0.8731 - val_loss: 0.4245 - val_acc: 0.8158
Epoch 18/30

 256/6557 [>.............................] - ETA: 0s - loss: 0.2883 - acc: 0.8828
 768/6557 [==>...........................] - ETA: 0s - loss: 0.3053 - acc: 0.8776
1280/6557 [====>.........................] - ETA: 0s - loss: 0.3069 - acc: 0.8859
1792/6557 [=======>......................] - ETA: 0s - loss: 0.3082 - acc: 0.8862
2304/6557 [=========>....................] - ETA: 0s - loss: 0.3154 - acc: 0.8850
2816/6557 [===========>..................] - ETA: 0s - loss: 0.3167 - acc: 0.8842
3328/6557 [==============>...............] - ETA: 0s - loss: 0.3207 - acc: 0.8795
3840/6557 [================>.............] - ETA: 0s - loss: 0.3235 - acc: 0.8766
4352/6557 [==================>...........] - ETA: 0s - loss: 0.3237 - acc: 0.8755
4864/6557 [=====================>........] - ETA: 0s - loss: 0.3268 - acc: 0.8727
5376/6557 [=======================>......] - ETA: 0s - loss: 0.3288 - acc: 0.8720
5888/6557 [=========================>....] - ETA: 0s - loss: 0.3292 - acc: 0.8719
6400/6557 [============================>.] - ETA: 0s - loss: 0.3282 - acc: 0.8730
6557/6557 [==============================] - 1s 130us/step - loss: 0.3287 - acc: 0.8719 - val_loss: 0.4366 - val_acc: 0.8061
Epoch 19/30

 256/6557 [>.............................] - ETA: 0s - loss: 0.3418 - acc: 0.8828
 768/6557 [==>...........................] - ETA: 0s - loss: 0.3145 - acc: 0.8854
1280/6557 [====>.........................] - ETA: 0s - loss: 0.3186 - acc: 0.8828
1792/6557 [=======>......................] - ETA: 0s - loss: 0.3226 - acc: 0.8834
2304/6557 [=========>....................] - ETA: 0s - loss: 0.3193 - acc: 0.8828
2816/6557 [===========>..................] - ETA: 0s - loss: 0.3199 - acc: 0.8814
3328/6557 [==============>...............] - ETA: 0s - loss: 0.3199 - acc: 0.8798
3840/6557 [================>.............] - ETA: 0s - loss: 0.3226 - acc: 0.8771
4352/6557 [==================>...........] - ETA: 0s - loss: 0.3221 - acc: 0.8759
4864/6557 [=====================>........] - ETA: 0s - loss: 0.3239 - acc: 0.8748
5376/6557 [=======================>......] - ETA: 0s - loss: 0.3238 - acc: 0.8744
5888/6557 [=========================>....] - ETA: 0s - loss: 0.3234 - acc: 0.8748
6400/6557 [============================>.] - ETA: 0s - loss: 0.3252 - acc: 0.8730
6557/6557 [==============================] - 1s 130us/step - loss: 0.3246 - acc: 0.8742 - val_loss: 0.4273 - val_acc: 0.8182
Epoch 20/30

 256/6557 [>.............................] - ETA: 0s - loss: 0.3267 - acc: 0.8750
 768/6557 [==>...........................] - ETA: 0s - loss: 0.3150 - acc: 0.8854
1280/6557 [====>.........................] - ETA: 0s - loss: 0.3073 - acc: 0.8867
1792/6557 [=======>......................] - ETA: 0s - loss: 0.3064 - acc: 0.8867
2304/6557 [=========>....................] - ETA: 0s - loss: 0.3100 - acc: 0.8876
2816/6557 [===========>..................] - ETA: 0s - loss: 0.3143 - acc: 0.8828
3328/6557 [==============>...............] - ETA: 0s - loss: 0.3177 - acc: 0.8783
3840/6557 [================>.............] - ETA: 0s - loss: 0.3195 - acc: 0.8763
4352/6557 [==================>...........] - ETA: 0s - loss: 0.3196 - acc: 0.8771
4864/6557 [=====================>........] - ETA: 0s - loss: 0.3184 - acc: 0.8779
5376/6557 [=======================>......] - ETA: 0s - loss: 0.3196 - acc: 0.8774
5888/6557 [=========================>....] - ETA: 0s - loss: 0.3195 - acc: 0.8770
6400/6557 [============================>.] - ETA: 0s - loss: 0.3189 - acc: 0.8773
6557/6557 [==============================] - 1s 130us/step - loss: 0.3192 - acc: 0.8777 - val_loss: 0.4278 - val_acc: 0.8170
Epoch 21/30

 256/6557 [>.............................] - ETA: 0s - loss: 0.3283 - acc: 0.8594
 768/6557 [==>...........................] - ETA: 0s - loss: 0.3207 - acc: 0.8802
1280/6557 [====>.........................] - ETA: 0s - loss: 0.3240 - acc: 0.8805
1792/6557 [=======>......................] - ETA: 0s - loss: 0.3191 - acc: 0.8806
2304/6557 [=========>....................] - ETA: 0s - loss: 0.3256 - acc: 0.8737
2816/6557 [===========>..................] - ETA: 0s - loss: 0.3242 - acc: 0.8750
3328/6557 [==============>...............] - ETA: 0s - loss: 0.3200 - acc: 0.8780
3840/6557 [================>.............] - ETA: 0s - loss: 0.3200 - acc: 0.8776
4352/6557 [==================>...........] - ETA: 0s - loss: 0.3186 - acc: 0.8798
4864/6557 [=====================>........] - ETA: 0s - loss: 0.3183 - acc: 0.8795
5376/6557 [=======================>......] - ETA: 0s - loss: 0.3178 - acc: 0.8782
5888/6557 [=========================>....] - ETA: 0s - loss: 0.3196 - acc: 0.8770
6400/6557 [============================>.] - ETA: 0s - loss: 0.3192 - acc: 0.8778
6557/6557 [==============================] - 1s 130us/step - loss: 0.3187 - acc: 0.8778 - val_loss: 0.4275 - val_acc: 0.8182
Epoch 22/30

 256/6557 [>.............................] - ETA: 0s - loss: 0.3007 - acc: 0.8789
 768/6557 [==>...........................] - ETA: 0s - loss: 0.2969 - acc: 0.8971
1280/6557 [====>.........................] - ETA: 0s - loss: 0.3050 - acc: 0.8922
1792/6557 [=======>......................] - ETA: 0s - loss: 0.3035 - acc: 0.8923
2304/6557 [=========>....................] - ETA: 0s - loss: 0.3028 - acc: 0.8898
2816/6557 [===========>..................] - ETA: 0s - loss: 0.3097 - acc: 0.8828
3328/6557 [==============>...............] - ETA: 0s - loss: 0.3113 - acc: 0.8834
3840/6557 [================>.............] - ETA: 0s - loss: 0.3166 - acc: 0.8807
4352/6557 [==================>...........] - ETA: 0s - loss: 0.3202 - acc: 0.8778
4864/6557 [=====================>........] - ETA: 0s - loss: 0.3205 - acc: 0.8771
5376/6557 [=======================>......] - ETA: 0s - loss: 0.3202 - acc: 0.8785
5888/6557 [=========================>....] - ETA: 0s - loss: 0.3192 - acc: 0.8791
6400/6557 [============================>.] - ETA: 0s - loss: 0.3188 - acc: 0.8789
6557/6557 [==============================] - 1s 129us/step - loss: 0.3199 - acc: 0.8780 - val_loss: 0.4275 - val_acc: 0.8170
2018-10-24 02:01:31,448 : INFO : loading best model weights
2018-10-24 02:01:31,732 : INFO : computing and saving metrics
             precision    recall  f1-score   support

   negative       0.81      0.82      0.81       408
   positive       0.82      0.82      0.82       417

avg / total       0.82      0.82      0.82       825

