Using TensorFlow backend.
2018-10-24 01:55:01,576 : INFO : training model in static mode
2018-10-24 01:55:01,576 : INFO : loading and preprocessing dataset
2018-10-24 01:55:02,349 : INFO : using 13295 words
2018-10-24 01:55:02,349 : INFO : building embedding layer
2018-10-24 01:55:02,352 : INFO : loading 2519370 words for fastText model from /usit/abel/u1/filipste/vectors/wiki.en.fasttext.bin
2018-10-24 01:57:13,473 : INFO : loading weights for 2519370 words for fastText model from /usit/abel/u1/filipste/vectors/wiki.en.fasttext.bin
2018-10-24 02:08:07,605 : INFO : loaded (2519370, 300) weight matrix for fastText model from /usit/abel/u1/filipste/vectors/wiki.en.fasttext.bin
2018-10-24 02:08:08,021 : WARNING : there are 1 oov tokens
2018-10-24 02:08:11.216754: I tensorflow/core/common_runtime/gpu/gpu_device.cc:1405] Found device 0 with properties: 
name: Tesla K20Xm major: 3 minor: 5 memoryClockRate(GHz): 0.732
pciBusID: 0000:03:00.0
totalMemory: 5.57GiB freeMemory: 5.49GiB
2018-10-24 02:08:11.216843: I tensorflow/core/common_runtime/gpu/gpu_device.cc:1484] Adding visible gpu devices: 0
2018-10-24 02:08:11.656604: I tensorflow/core/common_runtime/gpu/gpu_device.cc:965] Device interconnect StreamExecutor with strength 1 edge matrix:
2018-10-24 02:08:11.656697: I tensorflow/core/common_runtime/gpu/gpu_device.cc:971]      0 
2018-10-24 02:08:11.656715: I tensorflow/core/common_runtime/gpu/gpu_device.cc:984] 0:   N 
2018-10-24 02:08:11.657019: I tensorflow/core/common_runtime/gpu/gpu_device.cc:1097] Created TensorFlow device (/job:localhost/replica:0/task:0/device:GPU:0 with 5278 MB memory) -> physical GPU (device: 0, name: Tesla K20Xm, pci bus id: 0000:03:00.0, compute capability: 3.5)
2018-10-24 02:08:15,444 : INFO : building model
2018-10-24 02:08:15,642 : INFO : training the model
__________________________________________________________________________________________________
Layer (type)                    Output Shape         Param #     Connected to                     
==================================================================================================
input_1 (InputLayer)            (None, 50)           0                                            
__________________________________________________________________________________________________
embedding_1 (Sequential)        (None, 50, 300, 1)   3988800     input_1[0][0]                    
__________________________________________________________________________________________________
conv2d_1 (Conv2D)               (None, 48, 1, 100)   90100       embedding_1[1][0]                
__________________________________________________________________________________________________
conv2d_2 (Conv2D)               (None, 47, 1, 100)   120100      embedding_1[1][0]                
__________________________________________________________________________________________________
conv2d_3 (Conv2D)               (None, 46, 1, 100)   150100      embedding_1[1][0]                
__________________________________________________________________________________________________
reshape_2 (Reshape)             (None, 48, 100)      0           conv2d_1[0][0]                   
__________________________________________________________________________________________________
reshape_3 (Reshape)             (None, 47, 100)      0           conv2d_2[0][0]                   
__________________________________________________________________________________________________
reshape_4 (Reshape)             (None, 46, 100)      0           conv2d_3[0][0]                   
__________________________________________________________________________________________________
global_max_pooling1d_1 (GlobalM (None, 100)          0           reshape_2[0][0]                  
__________________________________________________________________________________________________
global_max_pooling1d_2 (GlobalM (None, 100)          0           reshape_3[0][0]                  
__________________________________________________________________________________________________
global_max_pooling1d_3 (GlobalM (None, 100)          0           reshape_4[0][0]                  
__________________________________________________________________________________________________
concatenate_1 (Concatenate)     (None, 300)          0           global_max_pooling1d_1[0][0]     
                                                                 global_max_pooling1d_2[0][0]     
                                                                 global_max_pooling1d_3[0][0]     
__________________________________________________________________________________________________
dropout_1 (Dropout)             (None, 300)          0           concatenate_1[0][0]              
__________________________________________________________________________________________________
dense_1 (Dense)                 (None, 2)            602         dropout_1[0][0]                  
==================================================================================================
Total params: 4,349,702
Trainable params: 360,902
Non-trainable params: 3,988,800
__________________________________________________________________________________________________
Train on 6557 samples, validate on 825 samples
Epoch 1/30

 256/6557 [>.............................] - ETA: 52s - loss: 0.6926 - acc: 0.4727
 768/6557 [==>...........................] - ETA: 16s - loss: 0.7482 - acc: 0.4935
1280/6557 [====>.........................] - ETA: 9s - loss: 0.7358 - acc: 0.5078 
1792/6557 [=======>......................] - ETA: 6s - loss: 0.7162 - acc: 0.5324
2304/6557 [=========>....................] - ETA: 4s - loss: 0.7079 - acc: 0.5260
2816/6557 [===========>..................] - ETA: 3s - loss: 0.6938 - acc: 0.5501
3328/6557 [==============>...............] - ETA: 2s - loss: 0.6824 - acc: 0.5691
3840/6557 [================>.............] - ETA: 1s - loss: 0.6728 - acc: 0.5844
4352/6557 [==================>...........] - ETA: 1s - loss: 0.6740 - acc: 0.5804
4864/6557 [=====================>........] - ETA: 0s - loss: 0.6685 - acc: 0.5849
5376/6557 [=======================>......] - ETA: 0s - loss: 0.6609 - acc: 0.5967
5888/6557 [=========================>....] - ETA: 0s - loss: 0.6539 - acc: 0.6039
6400/6557 [============================>.] - ETA: 0s - loss: 0.6468 - acc: 0.6138
6557/6557 [==============================] - 3s 473us/step - loss: 0.6441 - acc: 0.6169 - val_loss: 0.5184 - val_acc: 0.7770
Epoch 2/30

 256/6557 [>.............................] - ETA: 0s - loss: 0.5375 - acc: 0.7695
 768/6557 [==>...........................] - ETA: 0s - loss: 0.5116 - acc: 0.7760
1280/6557 [====>.........................] - ETA: 0s - loss: 0.5352 - acc: 0.7391
1792/6557 [=======>......................] - ETA: 0s - loss: 0.5511 - acc: 0.7148
2304/6557 [=========>....................] - ETA: 0s - loss: 0.5509 - acc: 0.7114
2816/6557 [===========>..................] - ETA: 0s - loss: 0.5397 - acc: 0.7198
3328/6557 [==============>...............] - ETA: 0s - loss: 0.5343 - acc: 0.7272
3840/6557 [================>.............] - ETA: 0s - loss: 0.5308 - acc: 0.7318
4352/6557 [==================>...........] - ETA: 0s - loss: 0.5359 - acc: 0.7245
4864/6557 [=====================>........] - ETA: 0s - loss: 0.5357 - acc: 0.7227
5376/6557 [=======================>......] - ETA: 0s - loss: 0.5332 - acc: 0.7258
5888/6557 [=========================>....] - ETA: 0s - loss: 0.5287 - acc: 0.7301
6400/6557 [============================>.] - ETA: 0s - loss: 0.5288 - acc: 0.7312
6557/6557 [==============================] - 1s 135us/step - loss: 0.5286 - acc: 0.7313 - val_loss: 0.4686 - val_acc: 0.8036
Epoch 3/30

 256/6557 [>.............................] - ETA: 0s - loss: 0.5370 - acc: 0.7227
 768/6557 [==>...........................] - ETA: 0s - loss: 0.5636 - acc: 0.6953
1280/6557 [====>.........................] - ETA: 0s - loss: 0.5624 - acc: 0.6945
1792/6557 [=======>......................] - ETA: 0s - loss: 0.5469 - acc: 0.7098
2304/6557 [=========>....................] - ETA: 0s - loss: 0.5235 - acc: 0.7352
2816/6557 [===========>..................] - ETA: 0s - loss: 0.5117 - acc: 0.7415
3328/6557 [==============>...............] - ETA: 0s - loss: 0.5043 - acc: 0.7500
3840/6557 [================>.............] - ETA: 0s - loss: 0.5002 - acc: 0.7505
4352/6557 [==================>...........] - ETA: 0s - loss: 0.5131 - acc: 0.7397
4864/6557 [=====================>........] - ETA: 0s - loss: 0.5114 - acc: 0.7393
5376/6557 [=======================>......] - ETA: 0s - loss: 0.5062 - acc: 0.7446
5888/6557 [=========================>....] - ETA: 0s - loss: 0.4979 - acc: 0.7514
6400/6557 [============================>.] - ETA: 0s - loss: 0.4931 - acc: 0.7545
6557/6557 [==============================] - 1s 135us/step - loss: 0.4910 - acc: 0.7563 - val_loss: 0.4366 - val_acc: 0.8061
Epoch 4/30

 256/6557 [>.............................] - ETA: 0s - loss: 0.4058 - acc: 0.8320
 768/6557 [==>...........................] - ETA: 0s - loss: 0.4036 - acc: 0.8255
1280/6557 [====>.........................] - ETA: 0s - loss: 0.4061 - acc: 0.8172
1792/6557 [=======>......................] - ETA: 0s - loss: 0.4142 - acc: 0.8131
2304/6557 [=========>....................] - ETA: 0s - loss: 0.4135 - acc: 0.8129
2816/6557 [===========>..................] - ETA: 0s - loss: 0.4265 - acc: 0.8008
3328/6557 [==============>...............] - ETA: 0s - loss: 0.4420 - acc: 0.7903
3840/6557 [================>.............] - ETA: 0s - loss: 0.4461 - acc: 0.7893
4352/6557 [==================>...........] - ETA: 0s - loss: 0.4583 - acc: 0.7780
4864/6557 [=====================>........] - ETA: 0s - loss: 0.4613 - acc: 0.7755
5376/6557 [=======================>......] - ETA: 0s - loss: 0.4600 - acc: 0.7764
5888/6557 [=========================>....] - ETA: 0s - loss: 0.4557 - acc: 0.7809
6400/6557 [============================>.] - ETA: 0s - loss: 0.4514 - acc: 0.7855
6557/6557 [==============================] - 1s 136us/step - loss: 0.4519 - acc: 0.7848 - val_loss: 0.5316 - val_acc: 0.7164
Epoch 5/30

 256/6557 [>.............................] - ETA: 0s - loss: 0.4390 - acc: 0.7734
 768/6557 [==>...........................] - ETA: 0s - loss: 0.4313 - acc: 0.7969
1280/6557 [====>.........................] - ETA: 0s - loss: 0.4215 - acc: 0.8000
1792/6557 [=======>......................] - ETA: 0s - loss: 0.4236 - acc: 0.7997
2304/6557 [=========>....................] - ETA: 0s - loss: 0.4240 - acc: 0.7951
2816/6557 [===========>..................] - ETA: 0s - loss: 0.4244 - acc: 0.7997
3328/6557 [==============>...............] - ETA: 0s - loss: 0.4222 - acc: 0.8005
3840/6557 [================>.............] - ETA: 0s - loss: 0.4185 - acc: 0.8036
4352/6557 [==================>...........] - ETA: 0s - loss: 0.4232 - acc: 0.8024
4864/6557 [=====================>........] - ETA: 0s - loss: 0.4248 - acc: 0.8002
5376/6557 [=======================>......] - ETA: 0s - loss: 0.4214 - acc: 0.8038
5888/6557 [=========================>....] - ETA: 0s - loss: 0.4226 - acc: 0.8030
6400/6557 [============================>.] - ETA: 0s - loss: 0.4270 - acc: 0.8002
6557/6557 [==============================] - 1s 133us/step - loss: 0.4293 - acc: 0.7988 - val_loss: 0.6023 - val_acc: 0.6873
Epoch 6/30

 256/6557 [>.............................] - ETA: 0s - loss: 0.5529 - acc: 0.7344
 768/6557 [==>...........................] - ETA: 0s - loss: 0.4882 - acc: 0.7526
1280/6557 [====>.........................] - ETA: 0s - loss: 0.4589 - acc: 0.7844
1792/6557 [=======>......................] - ETA: 0s - loss: 0.4320 - acc: 0.8097
2304/6557 [=========>....................] - ETA: 0s - loss: 0.4214 - acc: 0.8160
2816/6557 [===========>..................] - ETA: 0s - loss: 0.4138 - acc: 0.8214
3328/6557 [==============>...............] - ETA: 0s - loss: 0.3997 - acc: 0.8302
3840/6557 [================>.............] - ETA: 0s - loss: 0.3897 - acc: 0.8352
4352/6557 [==================>...........] - ETA: 0s - loss: 0.3880 - acc: 0.8359
4864/6557 [=====================>........] - ETA: 0s - loss: 0.3827 - acc: 0.8405
5376/6557 [=======================>......] - ETA: 0s - loss: 0.3798 - acc: 0.8423
5888/6557 [=========================>....] - ETA: 0s - loss: 0.3762 - acc: 0.8441
6400/6557 [============================>.] - ETA: 0s - loss: 0.3758 - acc: 0.8444
6557/6557 [==============================] - 1s 134us/step - loss: 0.3752 - acc: 0.8451 - val_loss: 0.4266 - val_acc: 0.8085
Epoch 7/30

 256/6557 [>.............................] - ETA: 0s - loss: 0.3709 - acc: 0.8438
 768/6557 [==>...........................] - ETA: 0s - loss: 0.3514 - acc: 0.8529
1280/6557 [====>.........................] - ETA: 0s - loss: 0.3398 - acc: 0.8656
1792/6557 [=======>......................] - ETA: 0s - loss: 0.3337 - acc: 0.8683
2304/6557 [=========>....................] - ETA: 0s - loss: 0.3439 - acc: 0.8633
2816/6557 [===========>..................] - ETA: 0s - loss: 0.3421 - acc: 0.8647
3328/6557 [==============>...............] - ETA: 0s - loss: 0.3469 - acc: 0.8624
3840/6557 [================>.............] - ETA: 0s - loss: 0.3455 - acc: 0.8628
4352/6557 [==================>...........] - ETA: 0s - loss: 0.3448 - acc: 0.8628
4864/6557 [=====================>........] - ETA: 0s - loss: 0.3447 - acc: 0.8627
5376/6557 [=======================>......] - ETA: 0s - loss: 0.3439 - acc: 0.8637
5888/6557 [=========================>....] - ETA: 0s - loss: 0.3461 - acc: 0.8606
6400/6557 [============================>.] - ETA: 0s - loss: 0.3470 - acc: 0.8603
6557/6557 [==============================] - 1s 135us/step - loss: 0.3469 - acc: 0.8609 - val_loss: 0.4230 - val_acc: 0.8121
Epoch 8/30

 256/6557 [>.............................] - ETA: 0s - loss: 0.2980 - acc: 0.8750
 768/6557 [==>...........................] - ETA: 0s - loss: 0.3230 - acc: 0.8633
1280/6557 [====>.........................] - ETA: 0s - loss: 0.3323 - acc: 0.8609
1792/6557 [=======>......................] - ETA: 0s - loss: 0.3361 - acc: 0.8566
2304/6557 [=========>....................] - ETA: 0s - loss: 0.3354 - acc: 0.8589
2816/6557 [===========>..................] - ETA: 0s - loss: 0.3399 - acc: 0.8583
3328/6557 [==============>...............] - ETA: 0s - loss: 0.3425 - acc: 0.8582
3840/6557 [================>.............] - ETA: 0s - loss: 0.3422 - acc: 0.8602
4352/6557 [==================>...........] - ETA: 0s - loss: 0.3417 - acc: 0.8610
4864/6557 [=====================>........] - ETA: 0s - loss: 0.3443 - acc: 0.8596
5376/6557 [=======================>......] - ETA: 0s - loss: 0.3433 - acc: 0.8612
5888/6557 [=========================>....] - ETA: 0s - loss: 0.3426 - acc: 0.8636
6400/6557 [============================>.] - ETA: 0s - loss: 0.3437 - acc: 0.8628
6557/6557 [==============================] - 1s 134us/step - loss: 0.3438 - acc: 0.8630 - val_loss: 0.4224 - val_acc: 0.8097
Epoch 9/30

 256/6557 [>.............................] - ETA: 0s - loss: 0.3816 - acc: 0.8516
 768/6557 [==>...........................] - ETA: 0s - loss: 0.3723 - acc: 0.8451
1280/6557 [====>.........................] - ETA: 0s - loss: 0.3735 - acc: 0.8484
1792/6557 [=======>......................] - ETA: 0s - loss: 0.3622 - acc: 0.8594
2304/6557 [=========>....................] - ETA: 0s - loss: 0.3570 - acc: 0.8611
2816/6557 [===========>..................] - ETA: 0s - loss: 0.3507 - acc: 0.8661
3328/6557 [==============>...............] - ETA: 0s - loss: 0.3493 - acc: 0.8642
3840/6557 [================>.............] - ETA: 0s - loss: 0.3434 - acc: 0.8688
4352/6557 [==================>...........] - ETA: 0s - loss: 0.3417 - acc: 0.8686
4864/6557 [=====================>........] - ETA: 0s - loss: 0.3443 - acc: 0.8649
5376/6557 [=======================>......] - ETA: 0s - loss: 0.3432 - acc: 0.8644
5888/6557 [=========================>....] - ETA: 0s - loss: 0.3401 - acc: 0.8663
6400/6557 [============================>.] - ETA: 0s - loss: 0.3391 - acc: 0.8662
6557/6557 [==============================] - 1s 133us/step - loss: 0.3381 - acc: 0.8667 - val_loss: 0.4195 - val_acc: 0.8097
Epoch 10/30

 256/6557 [>.............................] - ETA: 0s - loss: 0.3110 - acc: 0.8906
 768/6557 [==>...........................] - ETA: 0s - loss: 0.3429 - acc: 0.8685
1280/6557 [====>.........................] - ETA: 0s - loss: 0.3338 - acc: 0.8672
1792/6557 [=======>......................] - ETA: 0s - loss: 0.3314 - acc: 0.8650
2304/6557 [=========>....................] - ETA: 0s - loss: 0.3359 - acc: 0.8646
2816/6557 [===========>..................] - ETA: 0s - loss: 0.3290 - acc: 0.8693
3328/6557 [==============>...............] - ETA: 0s - loss: 0.3288 - acc: 0.8681
3840/6557 [================>.............] - ETA: 0s - loss: 0.3302 - acc: 0.8667
4352/6557 [==================>...........] - ETA: 0s - loss: 0.3284 - acc: 0.8670
4864/6557 [=====================>........] - ETA: 0s - loss: 0.3291 - acc: 0.8670
5376/6557 [=======================>......] - ETA: 0s - loss: 0.3311 - acc: 0.8650
5888/6557 [=========================>....] - ETA: 0s - loss: 0.3337 - acc: 0.8636
6400/6557 [============================>.] - ETA: 0s - loss: 0.3321 - acc: 0.8653
6557/6557 [==============================] - 1s 133us/step - loss: 0.3317 - acc: 0.8659 - val_loss: 0.4211 - val_acc: 0.8048
Epoch 11/30

 256/6557 [>.............................] - ETA: 0s - loss: 0.3123 - acc: 0.8789
 768/6557 [==>...........................] - ETA: 0s - loss: 0.3362 - acc: 0.8477
1280/6557 [====>.........................] - ETA: 0s - loss: 0.3313 - acc: 0.8625
1792/6557 [=======>......................] - ETA: 0s - loss: 0.3201 - acc: 0.8705
2304/6557 [=========>....................] - ETA: 0s - loss: 0.3269 - acc: 0.8663
2816/6557 [===========>..................] - ETA: 0s - loss: 0.3327 - acc: 0.8633
3328/6557 [==============>...............] - ETA: 0s - loss: 0.3285 - acc: 0.8660
3840/6557 [================>.............] - ETA: 0s - loss: 0.3318 - acc: 0.8664
4352/6557 [==================>...........] - ETA: 0s - loss: 0.3335 - acc: 0.8633
4864/6557 [=====================>........] - ETA: 0s - loss: 0.3349 - acc: 0.8620
5376/6557 [=======================>......] - ETA: 0s - loss: 0.3345 - acc: 0.8631
5888/6557 [=========================>....] - ETA: 0s - loss: 0.3348 - acc: 0.8636
6400/6557 [============================>.] - ETA: 0s - loss: 0.3321 - acc: 0.8658
6557/6557 [==============================] - 1s 134us/step - loss: 0.3323 - acc: 0.8655 - val_loss: 0.4183 - val_acc: 0.8073
Epoch 12/30

 256/6557 [>.............................] - ETA: 0s - loss: 0.3263 - acc: 0.8906
 768/6557 [==>...........................] - ETA: 0s - loss: 0.3359 - acc: 0.8789
1280/6557 [====>.........................] - ETA: 0s - loss: 0.3291 - acc: 0.8773
1792/6557 [=======>......................] - ETA: 0s - loss: 0.3391 - acc: 0.8739
2304/6557 [=========>....................] - ETA: 0s - loss: 0.3346 - acc: 0.8746
2816/6557 [===========>..................] - ETA: 0s - loss: 0.3285 - acc: 0.8750
3328/6557 [==============>...............] - ETA: 0s - loss: 0.3262 - acc: 0.8762
3840/6557 [================>.............] - ETA: 0s - loss: 0.3231 - acc: 0.8781
4352/6557 [==================>...........] - ETA: 0s - loss: 0.3235 - acc: 0.8752
4864/6557 [=====================>........] - ETA: 0s - loss: 0.3222 - acc: 0.8756
5376/6557 [=======================>......] - ETA: 0s - loss: 0.3224 - acc: 0.8757
5888/6557 [=========================>....] - ETA: 0s - loss: 0.3228 - acc: 0.8750
6400/6557 [============================>.] - ETA: 0s - loss: 0.3226 - acc: 0.8758
6557/6557 [==============================] - 1s 134us/step - loss: 0.3232 - acc: 0.8752 - val_loss: 0.4181 - val_acc: 0.8085
Epoch 13/30

 256/6557 [>.............................] - ETA: 0s - loss: 0.2722 - acc: 0.8867
 768/6557 [==>...........................] - ETA: 0s - loss: 0.2931 - acc: 0.8893
1280/6557 [====>.........................] - ETA: 0s - loss: 0.3082 - acc: 0.8797
1792/6557 [=======>......................] - ETA: 0s - loss: 0.3099 - acc: 0.8811
2304/6557 [=========>....................] - ETA: 0s - loss: 0.3074 - acc: 0.8824
2816/6557 [===========>..................] - ETA: 0s - loss: 0.3095 - acc: 0.8821
3328/6557 [==============>...............] - ETA: 0s - loss: 0.3119 - acc: 0.8801
3840/6557 [================>.............] - ETA: 0s - loss: 0.3138 - acc: 0.8802
4352/6557 [==================>...........] - ETA: 0s - loss: 0.3121 - acc: 0.8796
4864/6557 [=====================>........] - ETA: 0s - loss: 0.3160 - acc: 0.8769
5376/6557 [=======================>......] - ETA: 0s - loss: 0.3200 - acc: 0.8730
5888/6557 [=========================>....] - ETA: 0s - loss: 0.3214 - acc: 0.8721
6400/6557 [============================>.] - ETA: 0s - loss: 0.3206 - acc: 0.8722
6557/6557 [==============================] - 1s 135us/step - loss: 0.3213 - acc: 0.8714 - val_loss: 0.4178 - val_acc: 0.8097
Epoch 14/30

 256/6557 [>.............................] - ETA: 0s - loss: 0.2962 - acc: 0.8828
 768/6557 [==>...........................] - ETA: 0s - loss: 0.2884 - acc: 0.8906
1280/6557 [====>.........................] - ETA: 0s - loss: 0.2936 - acc: 0.8867
1792/6557 [=======>......................] - ETA: 0s - loss: 0.2895 - acc: 0.8906
2304/6557 [=========>....................] - ETA: 0s - loss: 0.2945 - acc: 0.8845
2816/6557 [===========>..................] - ETA: 0s - loss: 0.3053 - acc: 0.8796
3328/6557 [==============>...............] - ETA: 0s - loss: 0.3082 - acc: 0.8774
3840/6557 [================>.............] - ETA: 0s - loss: 0.3085 - acc: 0.8760
4352/6557 [==================>...........] - ETA: 0s - loss: 0.3100 - acc: 0.8743
4864/6557 [=====================>........] - ETA: 0s - loss: 0.3131 - acc: 0.8736
5376/6557 [=======================>......] - ETA: 0s - loss: 0.3155 - acc: 0.8735
5888/6557 [=========================>....] - ETA: 0s - loss: 0.3157 - acc: 0.8726
6400/6557 [============================>.] - ETA: 0s - loss: 0.3148 - acc: 0.8739
6557/6557 [==============================] - 1s 135us/step - loss: 0.3152 - acc: 0.8740 - val_loss: 0.4173 - val_acc: 0.8085
Epoch 15/30

 256/6557 [>.............................] - ETA: 0s - loss: 0.3176 - acc: 0.8789
 768/6557 [==>...........................] - ETA: 0s - loss: 0.2940 - acc: 0.8984
1280/6557 [====>.........................] - ETA: 0s - loss: 0.2991 - acc: 0.8883
1792/6557 [=======>......................] - ETA: 0s - loss: 0.3009 - acc: 0.8884
2304/6557 [=========>....................] - ETA: 0s - loss: 0.3035 - acc: 0.8863
2816/6557 [===========>..................] - ETA: 0s - loss: 0.3032 - acc: 0.8857
3328/6557 [==============>...............] - ETA: 0s - loss: 0.2996 - acc: 0.8876
3840/6557 [================>.............] - ETA: 0s - loss: 0.3043 - acc: 0.8857
4352/6557 [==================>...........] - ETA: 0s - loss: 0.3061 - acc: 0.8842
4864/6557 [=====================>........] - ETA: 0s - loss: 0.3064 - acc: 0.8828
5376/6557 [=======================>......] - ETA: 0s - loss: 0.3068 - acc: 0.8841
5888/6557 [=========================>....] - ETA: 0s - loss: 0.3065 - acc: 0.8832
6400/6557 [============================>.] - ETA: 0s - loss: 0.3091 - acc: 0.8805
6557/6557 [==============================] - 1s 134us/step - loss: 0.3089 - acc: 0.8801 - val_loss: 0.4191 - val_acc: 0.8085
Epoch 16/30

 256/6557 [>.............................] - ETA: 0s - loss: 0.3327 - acc: 0.8867
 768/6557 [==>...........................] - ETA: 0s - loss: 0.3069 - acc: 0.8828
1280/6557 [====>.........................] - ETA: 0s - loss: 0.3191 - acc: 0.8758
1792/6557 [=======>......................] - ETA: 0s - loss: 0.3217 - acc: 0.8683
2304/6557 [=========>....................] - ETA: 0s - loss: 0.3208 - acc: 0.8724
2816/6557 [===========>..................] - ETA: 0s - loss: 0.3171 - acc: 0.8736
3328/6557 [==============>...............] - ETA: 0s - loss: 0.3164 - acc: 0.8765
3840/6557 [================>.............] - ETA: 0s - loss: 0.3151 - acc: 0.8779
4352/6557 [==================>...........] - ETA: 0s - loss: 0.3152 - acc: 0.8766
4864/6557 [=====================>........] - ETA: 0s - loss: 0.3145 - acc: 0.8797
5376/6557 [=======================>......] - ETA: 0s - loss: 0.3121 - acc: 0.8811
5888/6557 [=========================>....] - ETA: 0s - loss: 0.3101 - acc: 0.8820
6400/6557 [============================>.] - ETA: 0s - loss: 0.3073 - acc: 0.8820
6557/6557 [==============================] - 1s 135us/step - loss: 0.3075 - acc: 0.8820 - val_loss: 0.4201 - val_acc: 0.8085
Epoch 17/30

 256/6557 [>.............................] - ETA: 0s - loss: 0.2904 - acc: 0.9023
 768/6557 [==>...........................] - ETA: 0s - loss: 0.2961 - acc: 0.8971
1280/6557 [====>.........................] - ETA: 0s - loss: 0.3046 - acc: 0.8867
1792/6557 [=======>......................] - ETA: 0s - loss: 0.2994 - acc: 0.8878
2304/6557 [=========>....................] - ETA: 0s - loss: 0.3028 - acc: 0.8832
2816/6557 [===========>..................] - ETA: 0s - loss: 0.2963 - acc: 0.8874
3328/6557 [==============>...............] - ETA: 0s - loss: 0.2981 - acc: 0.8849
3840/6557 [================>.............] - ETA: 0s - loss: 0.2996 - acc: 0.8828
4352/6557 [==================>...........] - ETA: 0s - loss: 0.2983 - acc: 0.8853
4864/6557 [=====================>........] - ETA: 0s - loss: 0.2995 - acc: 0.8863
5376/6557 [=======================>......] - ETA: 0s - loss: 0.2990 - acc: 0.8854
5888/6557 [=========================>....] - ETA: 0s - loss: 0.3002 - acc: 0.8852
6400/6557 [============================>.] - ETA: 0s - loss: 0.3001 - acc: 0.8844
6557/6557 [==============================] - 1s 134us/step - loss: 0.3009 - acc: 0.8833 - val_loss: 0.4184 - val_acc: 0.8097
Epoch 18/30

 256/6557 [>.............................] - ETA: 0s - loss: 0.3253 - acc: 0.8711
 768/6557 [==>...........................] - ETA: 0s - loss: 0.2939 - acc: 0.8945
1280/6557 [====>.........................] - ETA: 0s - loss: 0.3138 - acc: 0.8789
1792/6557 [=======>......................] - ETA: 0s - loss: 0.3077 - acc: 0.8850
2304/6557 [=========>....................] - ETA: 0s - loss: 0.3048 - acc: 0.8863
2816/6557 [===========>..................] - ETA: 0s - loss: 0.3047 - acc: 0.8857
3328/6557 [==============>...............] - ETA: 0s - loss: 0.3075 - acc: 0.8822
3840/6557 [================>.............] - ETA: 0s - loss: 0.3074 - acc: 0.8839
4352/6557 [==================>...........] - ETA: 0s - loss: 0.3073 - acc: 0.8833
4864/6557 [=====================>........] - ETA: 0s - loss: 0.3069 - acc: 0.8820
5376/6557 [=======================>......] - ETA: 0s - loss: 0.3042 - acc: 0.8849
5888/6557 [=========================>....] - ETA: 0s - loss: 0.3041 - acc: 0.8838
6400/6557 [============================>.] - ETA: 0s - loss: 0.3019 - acc: 0.8855
6557/6557 [==============================] - 1s 135us/step - loss: 0.3007 - acc: 0.8858 - val_loss: 0.4176 - val_acc: 0.8109
Epoch 19/30

 256/6557 [>.............................] - ETA: 0s - loss: 0.2646 - acc: 0.8984
 768/6557 [==>...........................] - ETA: 0s - loss: 0.3205 - acc: 0.8633
1280/6557 [====>.........................] - ETA: 0s - loss: 0.3168 - acc: 0.8703
1792/6557 [=======>......................] - ETA: 0s - loss: 0.3098 - acc: 0.8750
2304/6557 [=========>....................] - ETA: 0s - loss: 0.3060 - acc: 0.8815
2816/6557 [===========>..................] - ETA: 0s - loss: 0.3006 - acc: 0.8832
3328/6557 [==============>...............] - ETA: 0s - loss: 0.3025 - acc: 0.8846
3840/6557 [================>.............] - ETA: 0s - loss: 0.3041 - acc: 0.8844
4352/6557 [==================>...........] - ETA: 0s - loss: 0.3008 - acc: 0.8879
4864/6557 [=====================>........] - ETA: 0s - loss: 0.3017 - acc: 0.8873
5376/6557 [=======================>......] - ETA: 0s - loss: 0.2990 - acc: 0.8873
5888/6557 [=========================>....] - ETA: 0s - loss: 0.2994 - acc: 0.8876
6400/6557 [============================>.] - ETA: 0s - loss: 0.3000 - acc: 0.8869
6557/6557 [==============================] - 1s 134us/step - loss: 0.2994 - acc: 0.8871 - val_loss: 0.4175 - val_acc: 0.8109
2018-10-24 02:08:36,284 : INFO : loading best model weights
2018-10-24 02:08:36,605 : INFO : computing and saving metrics
             precision    recall  f1-score   support

   negative       0.83      0.77      0.80       408
   positive       0.79      0.85      0.82       417

avg / total       0.81      0.81      0.81       825

