Using TensorFlow backend.
2018-10-25 19:12:42,327 : INFO : training model in static mode
2018-10-25 19:12:42,327 : INFO : setting random seed to 123
2018-10-25 19:12:42,345 : INFO : loading and preprocessing dataset
2018-10-25 19:12:43,023 : INFO : training: 6557 samples, validation: 825 samples
2018-10-25 19:12:43,023 : INFO : using 16128 pos_tagged words
2018-10-25 19:12:43,023 : INFO : building embedding layer
2018-10-25 19:12:43,054 : INFO : loading projection weights from <zipfile.ZipExtFile name='model.txt' mode='r' compress_type=deflate>
2018-10-25 19:41:25,519 : INFO : loaded (2883863, 300) matrix from <zipfile.ZipExtFile [closed]>
2018-10-25 19:41:26,025 : WARNING : there are 9001 oov tokens
2018-10-25 19:41:30,065 : INFO : building model
2018-10-25 19:41:33.214335: I tensorflow/core/common_runtime/gpu/gpu_device.cc:1405] Found device 0 with properties: 
name: Tesla K20Xm major: 3 minor: 5 memoryClockRate(GHz): 0.732
pciBusID: 0000:03:00.0
totalMemory: 5.57GiB freeMemory: 5.49GiB
2018-10-25 19:41:33.214432: I tensorflow/core/common_runtime/gpu/gpu_device.cc:1484] Adding visible gpu devices: 0
2018-10-25 19:41:33.543657: I tensorflow/core/common_runtime/gpu/gpu_device.cc:965] Device interconnect StreamExecutor with strength 1 edge matrix:
2018-10-25 19:41:33.543758: I tensorflow/core/common_runtime/gpu/gpu_device.cc:971]      0 
2018-10-25 19:41:33.543776: I tensorflow/core/common_runtime/gpu/gpu_device.cc:984] 0:   N 
2018-10-25 19:41:33.544073: I tensorflow/core/common_runtime/gpu/gpu_device.cc:1097] Created TensorFlow device (/job:localhost/replica:0/task:0/device:GPU:0 with 5278 MB memory) -> physical GPU (device: 0, name: Tesla K20Xm, pci bus id: 0000:03:00.0, compute capability: 3.5)
2018-10-25 19:41:33,948 : INFO : training the model
__________________________________________________________________________________________________
Layer (type)                    Output Shape         Param #     Connected to                     
==================================================================================================
input_1 (InputLayer)            (None, 50)           0                                            
__________________________________________________________________________________________________
embedding_1 (Embedding)         (None, 50, 300)      4838700     input_1[0][0]                    
__________________________________________________________________________________________________
conv1d_1 (Conv1D)               (None, 48, 100)      90100       embedding_1[0][0]                
__________________________________________________________________________________________________
conv1d_2 (Conv1D)               (None, 47, 100)      120100      embedding_1[0][0]                
__________________________________________________________________________________________________
conv1d_3 (Conv1D)               (None, 46, 100)      150100      embedding_1[0][0]                
__________________________________________________________________________________________________
activation_1 (Activation)       (None, 48, 100)      0           conv1d_1[0][0]                   
__________________________________________________________________________________________________
activation_2 (Activation)       (None, 47, 100)      0           conv1d_2[0][0]                   
__________________________________________________________________________________________________
activation_3 (Activation)       (None, 46, 100)      0           conv1d_3[0][0]                   
__________________________________________________________________________________________________
global_max_pooling1d_1 (GlobalM (None, 100)          0           activation_1[0][0]               
__________________________________________________________________________________________________
global_max_pooling1d_2 (GlobalM (None, 100)          0           activation_2[0][0]               
__________________________________________________________________________________________________
global_max_pooling1d_3 (GlobalM (None, 100)          0           activation_3[0][0]               
__________________________________________________________________________________________________
concatenate_1 (Concatenate)     (None, 300)          0           global_max_pooling1d_1[0][0]     
                                                                 global_max_pooling1d_2[0][0]     
                                                                 global_max_pooling1d_3[0][0]     
__________________________________________________________________________________________________
dropout_1 (Dropout)             (None, 300)          0           concatenate_1[0][0]              
__________________________________________________________________________________________________
dense_1 (Dense)                 (None, 2)            602         dropout_1[0][0]                  
==================================================================================================
Total params: 5,199,602
Trainable params: 360,902
Non-trainable params: 4,838,700
__________________________________________________________________________________________________
Train on 6557 samples, validate on 825 samples
Epoch 1/30

 256/6557 [>.............................] - ETA: 57s - loss: 1.4557 - acc: 0.4883
 768/6557 [==>...........................] - ETA: 18s - loss: 1.6651 - acc: 0.5026
1280/6557 [====>.........................] - ETA: 10s - loss: 2.0922 - acc: 0.4977
1792/6557 [=======>......................] - ETA: 6s - loss: 2.1053 - acc: 0.5045 
2304/6557 [=========>....................] - ETA: 4s - loss: 2.0864 - acc: 0.5017
2816/6557 [===========>..................] - ETA: 3s - loss: 2.0441 - acc: 0.5046
3328/6557 [==============>...............] - ETA: 2s - loss: 1.9477 - acc: 0.5123
3840/6557 [================>.............] - ETA: 1s - loss: 1.8845 - acc: 0.5120
4352/6557 [==================>...........] - ETA: 1s - loss: 1.8295 - acc: 0.5115
4864/6557 [=====================>........] - ETA: 0s - loss: 1.8155 - acc: 0.5125
5376/6557 [=======================>......] - ETA: 0s - loss: 1.7606 - acc: 0.5182
5888/6557 [=========================>....] - ETA: 0s - loss: 1.7191 - acc: 0.5214
6400/6557 [============================>.] - ETA: 0s - loss: 1.6997 - acc: 0.5238
6557/6557 [==============================] - 4s 593us/step - loss: 1.6973 - acc: 0.5222 - val_loss: 1.2298 - val_acc: 0.5309
Epoch 2/30

 256/6557 [>.............................] - ETA: 0s - loss: 1.4902 - acc: 0.5469
 768/6557 [==>...........................] - ETA: 0s - loss: 1.3047 - acc: 0.5612
1280/6557 [====>.........................] - ETA: 0s - loss: 1.1979 - acc: 0.5727
1792/6557 [=======>......................] - ETA: 0s - loss: 1.1711 - acc: 0.5725
2304/6557 [=========>....................] - ETA: 0s - loss: 1.1238 - acc: 0.5803
2816/6557 [===========>..................] - ETA: 0s - loss: 1.0981 - acc: 0.5817
3328/6557 [==============>...............] - ETA: 0s - loss: 1.0929 - acc: 0.5811
3840/6557 [================>.............] - ETA: 0s - loss: 1.1091 - acc: 0.5807
4352/6557 [==================>...........] - ETA: 0s - loss: 1.0997 - acc: 0.5793
4864/6557 [=====================>........] - ETA: 0s - loss: 1.0866 - acc: 0.5851
5376/6557 [=======================>......] - ETA: 0s - loss: 1.0791 - acc: 0.5852
5888/6557 [=========================>....] - ETA: 0s - loss: 1.0672 - acc: 0.5876
6400/6557 [============================>.] - ETA: 0s - loss: 1.0645 - acc: 0.5870
6557/6557 [==============================] - 1s 107us/step - loss: 1.0582 - acc: 0.5884 - val_loss: 0.6752 - val_acc: 0.6206
Epoch 3/30

 256/6557 [>.............................] - ETA: 0s - loss: 0.8354 - acc: 0.6484
 768/6557 [==>...........................] - ETA: 0s - loss: 0.8433 - acc: 0.6445
1280/6557 [====>.........................] - ETA: 0s - loss: 0.7909 - acc: 0.6555
1792/6557 [=======>......................] - ETA: 0s - loss: 0.7799 - acc: 0.6602
2304/6557 [=========>....................] - ETA: 0s - loss: 0.8025 - acc: 0.6523
2816/6557 [===========>..................] - ETA: 0s - loss: 0.8161 - acc: 0.6431
3328/6557 [==============>...............] - ETA: 0s - loss: 0.8136 - acc: 0.6406
3840/6557 [================>.............] - ETA: 0s - loss: 0.8152 - acc: 0.6380
4352/6557 [==================>...........] - ETA: 0s - loss: 0.8091 - acc: 0.6427
4864/6557 [=====================>........] - ETA: 0s - loss: 0.8095 - acc: 0.6402
5376/6557 [=======================>......] - ETA: 0s - loss: 0.8097 - acc: 0.6390
5888/6557 [=========================>....] - ETA: 0s - loss: 0.8107 - acc: 0.6393
6400/6557 [============================>.] - ETA: 0s - loss: 0.8079 - acc: 0.6416
6557/6557 [==============================] - 1s 108us/step - loss: 0.8109 - acc: 0.6401 - val_loss: 0.6812 - val_acc: 0.6242
Epoch 4/30

 256/6557 [>.............................] - ETA: 0s - loss: 0.7860 - acc: 0.6445
 768/6557 [==>...........................] - ETA: 0s - loss: 0.6899 - acc: 0.6836
1280/6557 [====>.........................] - ETA: 0s - loss: 0.7074 - acc: 0.6813
1792/6557 [=======>......................] - ETA: 0s - loss: 0.7226 - acc: 0.6802
2304/6557 [=========>....................] - ETA: 0s - loss: 0.7126 - acc: 0.6840
2816/6557 [===========>..................] - ETA: 0s - loss: 0.7116 - acc: 0.6868
3328/6557 [==============>...............] - ETA: 0s - loss: 0.7095 - acc: 0.6833
3840/6557 [================>.............] - ETA: 0s - loss: 0.7084 - acc: 0.6839
4352/6557 [==================>...........] - ETA: 0s - loss: 0.7137 - acc: 0.6799
4864/6557 [=====================>........] - ETA: 0s - loss: 0.7251 - acc: 0.6760
5376/6557 [=======================>......] - ETA: 0s - loss: 0.7358 - acc: 0.6722
5888/6557 [=========================>....] - ETA: 0s - loss: 0.7272 - acc: 0.6749
6400/6557 [============================>.] - ETA: 0s - loss: 0.7248 - acc: 0.6773
6557/6557 [==============================] - 1s 107us/step - loss: 0.7217 - acc: 0.6782 - val_loss: 0.6368 - val_acc: 0.6473
Epoch 5/30

 256/6557 [>.............................] - ETA: 0s - loss: 0.6899 - acc: 0.6836
 768/6557 [==>...........................] - ETA: 0s - loss: 0.5873 - acc: 0.7370
1280/6557 [====>.........................] - ETA: 0s - loss: 0.6246 - acc: 0.7109
1792/6557 [=======>......................] - ETA: 0s - loss: 0.6198 - acc: 0.7093
2304/6557 [=========>....................] - ETA: 0s - loss: 0.6089 - acc: 0.7118
2816/6557 [===========>..................] - ETA: 0s - loss: 0.6041 - acc: 0.7138
3328/6557 [==============>...............] - ETA: 0s - loss: 0.6174 - acc: 0.7046
3840/6557 [================>.............] - ETA: 0s - loss: 0.6234 - acc: 0.7049
4352/6557 [==================>...........] - ETA: 0s - loss: 0.6242 - acc: 0.7043
4864/6557 [=====================>........] - ETA: 0s - loss: 0.6267 - acc: 0.7050
5376/6557 [=======================>......] - ETA: 0s - loss: 0.6328 - acc: 0.7042
5888/6557 [=========================>....] - ETA: 0s - loss: 0.6295 - acc: 0.7047
6400/6557 [============================>.] - ETA: 0s - loss: 0.6272 - acc: 0.7050
6557/6557 [==============================] - 1s 107us/step - loss: 0.6255 - acc: 0.7054 - val_loss: 0.6254 - val_acc: 0.6570
Epoch 6/30

 256/6557 [>.............................] - ETA: 0s - loss: 0.4984 - acc: 0.7539
 768/6557 [==>...........................] - ETA: 0s - loss: 0.5526 - acc: 0.7422
1280/6557 [====>.........................] - ETA: 0s - loss: 0.5589 - acc: 0.7391
1792/6557 [=======>......................] - ETA: 0s - loss: 0.5560 - acc: 0.7394
2304/6557 [=========>....................] - ETA: 0s - loss: 0.5484 - acc: 0.7465
2816/6557 [===========>..................] - ETA: 0s - loss: 0.5491 - acc: 0.7468
3328/6557 [==============>...............] - ETA: 0s - loss: 0.5516 - acc: 0.7473
3840/6557 [================>.............] - ETA: 0s - loss: 0.5458 - acc: 0.7503
4352/6557 [==================>...........] - ETA: 0s - loss: 0.5497 - acc: 0.7486
4864/6557 [=====================>........] - ETA: 0s - loss: 0.5528 - acc: 0.7473
5376/6557 [=======================>......] - ETA: 0s - loss: 0.5572 - acc: 0.7450
5888/6557 [=========================>....] - ETA: 0s - loss: 0.5593 - acc: 0.7429
6400/6557 [============================>.] - ETA: 0s - loss: 0.5575 - acc: 0.7444
6557/6557 [==============================] - 1s 109us/step - loss: 0.5575 - acc: 0.7444 - val_loss: 0.6297 - val_acc: 0.6436
Epoch 7/30

 256/6557 [>.............................] - ETA: 0s - loss: 0.5215 - acc: 0.7344
 768/6557 [==>...........................] - ETA: 0s - loss: 0.4735 - acc: 0.7747
1280/6557 [====>.........................] - ETA: 0s - loss: 0.4813 - acc: 0.7727
1792/6557 [=======>......................] - ETA: 0s - loss: 0.4823 - acc: 0.7779
2304/6557 [=========>....................] - ETA: 0s - loss: 0.4933 - acc: 0.7717
2816/6557 [===========>..................] - ETA: 0s - loss: 0.5025 - acc: 0.7624
3328/6557 [==============>...............] - ETA: 0s - loss: 0.4997 - acc: 0.7674
3840/6557 [================>.............] - ETA: 0s - loss: 0.4982 - acc: 0.7698
4352/6557 [==================>...........] - ETA: 0s - loss: 0.5035 - acc: 0.7665
4864/6557 [=====================>........] - ETA: 0s - loss: 0.5052 - acc: 0.7662
5376/6557 [=======================>......] - ETA: 0s - loss: 0.5050 - acc: 0.7662
5888/6557 [=========================>....] - ETA: 0s - loss: 0.5058 - acc: 0.7658
6400/6557 [============================>.] - ETA: 0s - loss: 0.5086 - acc: 0.7634
6557/6557 [==============================] - 1s 107us/step - loss: 0.5067 - acc: 0.7635 - val_loss: 0.6200 - val_acc: 0.6679
Epoch 8/30

 256/6557 [>.............................] - ETA: 0s - loss: 0.4165 - acc: 0.8203
 768/6557 [==>...........................] - ETA: 0s - loss: 0.4043 - acc: 0.8125
1280/6557 [====>.........................] - ETA: 0s - loss: 0.4124 - acc: 0.8094
1792/6557 [=======>......................] - ETA: 0s - loss: 0.4225 - acc: 0.8086
2304/6557 [=========>....................] - ETA: 0s - loss: 0.4338 - acc: 0.8030
2816/6557 [===========>..................] - ETA: 0s - loss: 0.4470 - acc: 0.7940
3328/6557 [==============>...............] - ETA: 0s - loss: 0.4587 - acc: 0.7879
3840/6557 [================>.............] - ETA: 0s - loss: 0.4581 - acc: 0.7885
4352/6557 [==================>...........] - ETA: 0s - loss: 0.4565 - acc: 0.7900
4864/6557 [=====================>........] - ETA: 0s - loss: 0.4583 - acc: 0.7895
5376/6557 [=======================>......] - ETA: 0s - loss: 0.4632 - acc: 0.7868
5888/6557 [=========================>....] - ETA: 0s - loss: 0.4678 - acc: 0.7841
6400/6557 [============================>.] - ETA: 0s - loss: 0.4661 - acc: 0.7856
6557/6557 [==============================] - 1s 108us/step - loss: 0.4640 - acc: 0.7868 - val_loss: 0.6126 - val_acc: 0.6715
Epoch 9/30

 256/6557 [>.............................] - ETA: 0s - loss: 0.3722 - acc: 0.8398
 768/6557 [==>...........................] - ETA: 0s - loss: 0.3697 - acc: 0.8372
1280/6557 [====>.........................] - ETA: 0s - loss: 0.3892 - acc: 0.8273
1792/6557 [=======>......................] - ETA: 0s - loss: 0.3892 - acc: 0.8287
2304/6557 [=========>....................] - ETA: 0s - loss: 0.3934 - acc: 0.8260
2816/6557 [===========>..................] - ETA: 0s - loss: 0.4088 - acc: 0.8150
3328/6557 [==============>...............] - ETA: 0s - loss: 0.4149 - acc: 0.8122
3840/6557 [================>.............] - ETA: 0s - loss: 0.4135 - acc: 0.8120
4352/6557 [==================>...........] - ETA: 0s - loss: 0.4176 - acc: 0.8102
4864/6557 [=====================>........] - ETA: 0s - loss: 0.4201 - acc: 0.8086
5376/6557 [=======================>......] - ETA: 0s - loss: 0.4277 - acc: 0.8032
5888/6557 [=========================>....] - ETA: 0s - loss: 0.4352 - acc: 0.7986
6400/6557 [============================>.] - ETA: 0s - loss: 0.4326 - acc: 0.8013
6557/6557 [==============================] - 1s 109us/step - loss: 0.4333 - acc: 0.8011 - val_loss: 0.6004 - val_acc: 0.6727
Epoch 10/30

 256/6557 [>.............................] - ETA: 0s - loss: 0.3122 - acc: 0.8672
 768/6557 [==>...........................] - ETA: 0s - loss: 0.3840 - acc: 0.8281
1280/6557 [====>.........................] - ETA: 0s - loss: 0.4025 - acc: 0.8164
1792/6557 [=======>......................] - ETA: 0s - loss: 0.3940 - acc: 0.8214
2304/6557 [=========>....................] - ETA: 0s - loss: 0.3894 - acc: 0.8264
2816/6557 [===========>..................] - ETA: 0s - loss: 0.3910 - acc: 0.8246
3328/6557 [==============>...............] - ETA: 0s - loss: 0.3971 - acc: 0.8206
3840/6557 [================>.............] - ETA: 0s - loss: 0.4132 - acc: 0.8151
4352/6557 [==================>...........] - ETA: 0s - loss: 0.4244 - acc: 0.8097
4864/6557 [=====================>........] - ETA: 0s - loss: 0.4287 - acc: 0.8063
5376/6557 [=======================>......] - ETA: 0s - loss: 0.4290 - acc: 0.8064
5888/6557 [=========================>....] - ETA: 0s - loss: 0.4236 - acc: 0.8093
6400/6557 [============================>.] - ETA: 0s - loss: 0.4184 - acc: 0.8111
6557/6557 [==============================] - 1s 108us/step - loss: 0.4221 - acc: 0.8084 - val_loss: 0.6285 - val_acc: 0.6545
Epoch 11/30

 256/6557 [>.............................] - ETA: 0s - loss: 0.3075 - acc: 0.8555
 768/6557 [==>...........................] - ETA: 0s - loss: 0.3507 - acc: 0.8294
1280/6557 [====>.........................] - ETA: 0s - loss: 0.3644 - acc: 0.8305
1792/6557 [=======>......................] - ETA: 0s - loss: 0.3607 - acc: 0.8365
2304/6557 [=========>....................] - ETA: 0s - loss: 0.3627 - acc: 0.8338
2816/6557 [===========>..................] - ETA: 0s - loss: 0.3639 - acc: 0.8345
3328/6557 [==============>...............] - ETA: 0s - loss: 0.3631 - acc: 0.8359
3840/6557 [================>.............] - ETA: 0s - loss: 0.3643 - acc: 0.8367
4352/6557 [==================>...........] - ETA: 0s - loss: 0.3609 - acc: 0.8401
4864/6557 [=====================>........] - ETA: 0s - loss: 0.3632 - acc: 0.8394
5376/6557 [=======================>......] - ETA: 0s - loss: 0.3573 - acc: 0.8406
5888/6557 [=========================>....] - ETA: 0s - loss: 0.3564 - acc: 0.8417
6400/6557 [============================>.] - ETA: 0s - loss: 0.3584 - acc: 0.8400
6557/6557 [==============================] - 1s 108us/step - loss: 0.3604 - acc: 0.8388 - val_loss: 0.6455 - val_acc: 0.6448
Epoch 12/30

 256/6557 [>.............................] - ETA: 0s - loss: 0.3726 - acc: 0.8398
 768/6557 [==>...........................] - ETA: 0s - loss: 0.3440 - acc: 0.8516
1280/6557 [====>.........................] - ETA: 0s - loss: 0.3424 - acc: 0.8531
1792/6557 [=======>......................] - ETA: 0s - loss: 0.3395 - acc: 0.8521
2304/6557 [=========>....................] - ETA: 0s - loss: 0.3303 - acc: 0.8563
2816/6557 [===========>..................] - ETA: 0s - loss: 0.3263 - acc: 0.8590
3328/6557 [==============>...............] - ETA: 0s - loss: 0.3264 - acc: 0.8603
3840/6557 [================>.............] - ETA: 0s - loss: 0.3249 - acc: 0.8602
4352/6557 [==================>...........] - ETA: 0s - loss: 0.3206 - acc: 0.8605
4864/6557 [=====================>........] - ETA: 0s - loss: 0.3176 - acc: 0.8627
5376/6557 [=======================>......] - ETA: 0s - loss: 0.3177 - acc: 0.8638
5888/6557 [=========================>....] - ETA: 0s - loss: 0.3189 - acc: 0.8638
6400/6557 [============================>.] - ETA: 0s - loss: 0.3157 - acc: 0.8655
6557/6557 [==============================] - 1s 108us/step - loss: 0.3160 - acc: 0.8653 - val_loss: 0.6078 - val_acc: 0.6764
Epoch 13/30

 256/6557 [>.............................] - ETA: 0s - loss: 0.2612 - acc: 0.8750
 768/6557 [==>...........................] - ETA: 0s - loss: 0.2987 - acc: 0.8724
1280/6557 [====>.........................] - ETA: 0s - loss: 0.3161 - acc: 0.8648
1792/6557 [=======>......................] - ETA: 0s - loss: 0.3056 - acc: 0.8728
2304/6557 [=========>....................] - ETA: 0s - loss: 0.3092 - acc: 0.8694
2816/6557 [===========>..................] - ETA: 0s - loss: 0.2994 - acc: 0.8750
3328/6557 [==============>...............] - ETA: 0s - loss: 0.3050 - acc: 0.8735
3840/6557 [================>.............] - ETA: 0s - loss: 0.3016 - acc: 0.8755
4352/6557 [==================>...........] - ETA: 0s - loss: 0.2992 - acc: 0.8768
4864/6557 [=====================>........] - ETA: 0s - loss: 0.2981 - acc: 0.8781
5376/6557 [=======================>......] - ETA: 0s - loss: 0.3015 - acc: 0.8757
5888/6557 [=========================>....] - ETA: 0s - loss: 0.3013 - acc: 0.8760
6400/6557 [============================>.] - ETA: 0s - loss: 0.3013 - acc: 0.8759
6557/6557 [==============================] - 1s 108us/step - loss: 0.2994 - acc: 0.8766 - val_loss: 0.6086 - val_acc: 0.6812
Epoch 14/30

 256/6557 [>.............................] - ETA: 0s - loss: 0.3276 - acc: 0.8359
 768/6557 [==>...........................] - ETA: 0s - loss: 0.2958 - acc: 0.8789
1280/6557 [====>.........................] - ETA: 0s - loss: 0.2961 - acc: 0.8820
1792/6557 [=======>......................] - ETA: 0s - loss: 0.2919 - acc: 0.8767
2304/6557 [=========>....................] - ETA: 0s - loss: 0.2885 - acc: 0.8776
2816/6557 [===========>..................] - ETA: 0s - loss: 0.2827 - acc: 0.8807
3328/6557 [==============>...............] - ETA: 0s - loss: 0.2867 - acc: 0.8786
3840/6557 [================>.............] - ETA: 0s - loss: 0.2890 - acc: 0.8776
4352/6557 [==================>...........] - ETA: 0s - loss: 0.2868 - acc: 0.8789
4864/6557 [=====================>........] - ETA: 0s - loss: 0.2871 - acc: 0.8785
5376/6557 [=======================>......] - ETA: 0s - loss: 0.2885 - acc: 0.8789
5888/6557 [=========================>....] - ETA: 0s - loss: 0.2856 - acc: 0.8798
6400/6557 [============================>.] - ETA: 0s - loss: 0.2866 - acc: 0.8792
6557/6557 [==============================] - 1s 107us/step - loss: 0.2875 - acc: 0.8791 - val_loss: 0.6075 - val_acc: 0.6836
2018-10-25 19:41:48,473 : INFO : loading best model weights
2018-10-25 19:41:48,989 : INFO : computing and saving metrics
             precision    recall  f1-score   support

   negative       0.66      0.70      0.68       408
   positive       0.69      0.65      0.67       417

avg / total       0.67      0.67      0.67       825

Using TensorFlow backend.
2018-10-25 19:41:57,329 : INFO : training model in static mode
2018-10-25 19:41:57,329 : INFO : setting random seed to 123
2018-10-25 19:41:57,350 : INFO : loading and preprocessing dataset
2018-10-25 19:41:58,242 : INFO : training: 6557 samples, validation: 825 samples
2018-10-25 19:41:58,242 : INFO : using 11324 lemmatized words
2018-10-25 19:41:58,242 : INFO : building embedding layer
2018-10-25 19:41:58,245 : INFO : loading projection weights from <zipfile.ZipExtFile name='model.txt' mode='r' compress_type=deflate>
2018-10-25 19:44:32,174 : INFO : loaded (259882, 300) matrix from <zipfile.ZipExtFile [closed]>
2018-10-25 19:44:32,547 : WARNING : there are 2356 oov tokens
2018-10-25 19:44:32,820 : INFO : building model
2018-10-25 19:44:35.723003: I tensorflow/core/common_runtime/gpu/gpu_device.cc:1405] Found device 0 with properties: 
name: Tesla K20Xm major: 3 minor: 5 memoryClockRate(GHz): 0.732
pciBusID: 0000:03:00.0
totalMemory: 5.57GiB freeMemory: 5.49GiB
2018-10-25 19:44:35.723102: I tensorflow/core/common_runtime/gpu/gpu_device.cc:1484] Adding visible gpu devices: 0
2018-10-25 19:44:36.138579: I tensorflow/core/common_runtime/gpu/gpu_device.cc:965] Device interconnect StreamExecutor with strength 1 edge matrix:
2018-10-25 19:44:36.138685: I tensorflow/core/common_runtime/gpu/gpu_device.cc:971]      0 
2018-10-25 19:44:36.138705: I tensorflow/core/common_runtime/gpu/gpu_device.cc:984] 0:   N 
2018-10-25 19:44:36.139003: I tensorflow/core/common_runtime/gpu/gpu_device.cc:1097] Created TensorFlow device (/job:localhost/replica:0/task:0/device:GPU:0 with 5278 MB memory) -> physical GPU (device: 0, name: Tesla K20Xm, pci bus id: 0000:03:00.0, compute capability: 3.5)
2018-10-25 19:44:36,544 : INFO : training the model
__________________________________________________________________________________________________
Layer (type)                    Output Shape         Param #     Connected to                     
==================================================================================================
input_1 (InputLayer)            (None, 50)           0                                            
__________________________________________________________________________________________________
embedding_1 (Embedding)         (None, 50, 300)      3397500     input_1[0][0]                    
__________________________________________________________________________________________________
conv1d_1 (Conv1D)               (None, 48, 100)      90100       embedding_1[0][0]                
__________________________________________________________________________________________________
conv1d_2 (Conv1D)               (None, 47, 100)      120100      embedding_1[0][0]                
__________________________________________________________________________________________________
conv1d_3 (Conv1D)               (None, 46, 100)      150100      embedding_1[0][0]                
__________________________________________________________________________________________________
activation_1 (Activation)       (None, 48, 100)      0           conv1d_1[0][0]                   
__________________________________________________________________________________________________
activation_2 (Activation)       (None, 47, 100)      0           conv1d_2[0][0]                   
__________________________________________________________________________________________________
activation_3 (Activation)       (None, 46, 100)      0           conv1d_3[0][0]                   
__________________________________________________________________________________________________
global_max_pooling1d_1 (GlobalM (None, 100)          0           activation_1[0][0]               
__________________________________________________________________________________________________
global_max_pooling1d_2 (GlobalM (None, 100)          0           activation_2[0][0]               
__________________________________________________________________________________________________
global_max_pooling1d_3 (GlobalM (None, 100)          0           activation_3[0][0]               
__________________________________________________________________________________________________
concatenate_1 (Concatenate)     (None, 300)          0           global_max_pooling1d_1[0][0]     
                                                                 global_max_pooling1d_2[0][0]     
                                                                 global_max_pooling1d_3[0][0]     
__________________________________________________________________________________________________
dropout_1 (Dropout)             (None, 300)          0           concatenate_1[0][0]              
__________________________________________________________________________________________________
dense_1 (Dense)                 (None, 2)            602         dropout_1[0][0]                  
==================================================================================================
Total params: 3,758,402
Trainable params: 360,902
Non-trainable params: 3,397,500
__________________________________________________________________________________________________
Train on 6557 samples, validate on 825 samples
Epoch 1/30

 256/6557 [>.............................] - ETA: 1:16 - loss: 2.4036 - acc: 0.4609
 768/6557 [==>...........................] - ETA: 23s - loss: 1.6589 - acc: 0.4974 
1280/6557 [====>.........................] - ETA: 13s - loss: 1.5276 - acc: 0.5000
1792/6557 [=======>......................] - ETA: 8s - loss: 1.4603 - acc: 0.5100 
2304/6557 [=========>....................] - ETA: 6s - loss: 1.4130 - acc: 0.5156
2816/6557 [===========>..................] - ETA: 4s - loss: 1.3935 - acc: 0.5153
3328/6557 [==============>...............] - ETA: 3s - loss: 1.4002 - acc: 0.5162
3840/6557 [================>.............] - ETA: 2s - loss: 1.3904 - acc: 0.5180
4352/6557 [==================>...........] - ETA: 1s - loss: 1.3764 - acc: 0.5200
4864/6557 [=====================>........] - ETA: 1s - loss: 1.3581 - acc: 0.5218
5376/6557 [=======================>......] - ETA: 0s - loss: 1.3313 - acc: 0.5238
5888/6557 [=========================>....] - ETA: 0s - loss: 1.3108 - acc: 0.5279
6400/6557 [============================>.] - ETA: 0s - loss: 1.2922 - acc: 0.5297
6557/6557 [==============================] - 5s 707us/step - loss: 1.2857 - acc: 0.5316 - val_loss: 1.0215 - val_acc: 0.5612
Epoch 2/30

 256/6557 [>.............................] - ETA: 0s - loss: 1.2949 - acc: 0.5586
 768/6557 [==>...........................] - ETA: 0s - loss: 1.0374 - acc: 0.5938
1280/6557 [====>.........................] - ETA: 0s - loss: 1.0023 - acc: 0.6039
1792/6557 [=======>......................] - ETA: 0s - loss: 0.9959 - acc: 0.6049
2304/6557 [=========>....................] - ETA: 0s - loss: 0.9641 - acc: 0.6033
2816/6557 [===========>..................] - ETA: 0s - loss: 0.9452 - acc: 0.6094
3328/6557 [==============>...............] - ETA: 0s - loss: 0.9429 - acc: 0.6145
3840/6557 [================>.............] - ETA: 0s - loss: 0.9462 - acc: 0.6115
4352/6557 [==================>...........] - ETA: 0s - loss: 0.9453 - acc: 0.6131
4864/6557 [=====================>........] - ETA: 0s - loss: 0.9558 - acc: 0.6112
5376/6557 [=======================>......] - ETA: 0s - loss: 0.9563 - acc: 0.6101
5888/6557 [=========================>....] - ETA: 0s - loss: 0.9562 - acc: 0.6067
6400/6557 [============================>.] - ETA: 0s - loss: 0.9531 - acc: 0.6055
6557/6557 [==============================] - 1s 108us/step - loss: 0.9520 - acc: 0.6056 - val_loss: 0.6835 - val_acc: 0.6230
Epoch 3/30

 256/6557 [>.............................] - ETA: 0s - loss: 0.7935 - acc: 0.6367
 768/6557 [==>...........................] - ETA: 0s - loss: 0.8033 - acc: 0.6536
1280/6557 [====>.........................] - ETA: 0s - loss: 0.7789 - acc: 0.6633
1792/6557 [=======>......................] - ETA: 0s - loss: 0.7838 - acc: 0.6618
2304/6557 [=========>....................] - ETA: 0s - loss: 0.7851 - acc: 0.6589
2816/6557 [===========>..................] - ETA: 0s - loss: 0.7852 - acc: 0.6573
3328/6557 [==============>...............] - ETA: 0s - loss: 0.7906 - acc: 0.6529
3840/6557 [================>.............] - ETA: 0s - loss: 0.7795 - acc: 0.6534
4352/6557 [==================>...........] - ETA: 0s - loss: 0.7841 - acc: 0.6503
4864/6557 [=====================>........] - ETA: 0s - loss: 0.7968 - acc: 0.6449
5376/6557 [=======================>......] - ETA: 0s - loss: 0.7959 - acc: 0.6442
5888/6557 [=========================>....] - ETA: 0s - loss: 0.7958 - acc: 0.6440
6400/6557 [============================>.] - ETA: 0s - loss: 0.7969 - acc: 0.6422
6557/6557 [==============================] - 1s 109us/step - loss: 0.7994 - acc: 0.6408 - val_loss: 0.6746 - val_acc: 0.6339
Epoch 4/30

 256/6557 [>.............................] - ETA: 0s - loss: 0.6150 - acc: 0.6914
 768/6557 [==>...........................] - ETA: 0s - loss: 0.6811 - acc: 0.6562
1280/6557 [====>.........................] - ETA: 0s - loss: 0.6941 - acc: 0.6656
1792/6557 [=======>......................] - ETA: 0s - loss: 0.7203 - acc: 0.6669
2304/6557 [=========>....................] - ETA: 0s - loss: 0.7146 - acc: 0.6671
2816/6557 [===========>..................] - ETA: 0s - loss: 0.7185 - acc: 0.6626
3328/6557 [==============>...............] - ETA: 0s - loss: 0.7164 - acc: 0.6638
3840/6557 [================>.............] - ETA: 0s - loss: 0.7153 - acc: 0.6620
4352/6557 [==================>...........] - ETA: 0s - loss: 0.7116 - acc: 0.6652
4864/6557 [=====================>........] - ETA: 0s - loss: 0.7131 - acc: 0.6659
5376/6557 [=======================>......] - ETA: 0s - loss: 0.7095 - acc: 0.6680
5888/6557 [=========================>....] - ETA: 0s - loss: 0.7150 - acc: 0.6663
6400/6557 [============================>.] - ETA: 0s - loss: 0.7165 - acc: 0.6667
6557/6557 [==============================] - 1s 107us/step - loss: 0.7188 - acc: 0.6655 - val_loss: 0.6568 - val_acc: 0.6400
Epoch 5/30

 256/6557 [>.............................] - ETA: 0s - loss: 0.5769 - acc: 0.6992
 768/6557 [==>...........................] - ETA: 0s - loss: 0.6086 - acc: 0.7135
1280/6557 [====>.........................] - ETA: 0s - loss: 0.6304 - acc: 0.7000
1792/6557 [=======>......................] - ETA: 0s - loss: 0.6577 - acc: 0.6936
2304/6557 [=========>....................] - ETA: 0s - loss: 0.6647 - acc: 0.6910
2816/6557 [===========>..................] - ETA: 0s - loss: 0.6721 - acc: 0.6875
3328/6557 [==============>...............] - ETA: 0s - loss: 0.6666 - acc: 0.6887
3840/6557 [================>.............] - ETA: 0s - loss: 0.6687 - acc: 0.6880
4352/6557 [==================>...........] - ETA: 0s - loss: 0.6660 - acc: 0.6870
4864/6557 [=====================>........] - ETA: 0s - loss: 0.6697 - acc: 0.6826
5376/6557 [=======================>......] - ETA: 0s - loss: 0.6720 - acc: 0.6819
5888/6557 [=========================>....] - ETA: 0s - loss: 0.6696 - acc: 0.6804
6400/6557 [============================>.] - ETA: 0s - loss: 0.6720 - acc: 0.6816
6557/6557 [==============================] - 1s 108us/step - loss: 0.6714 - acc: 0.6806 - val_loss: 0.6784 - val_acc: 0.6315
Epoch 6/30

 256/6557 [>.............................] - ETA: 0s - loss: 0.6186 - acc: 0.7305
 768/6557 [==>...........................] - ETA: 0s - loss: 0.6105 - acc: 0.7031
1280/6557 [====>.........................] - ETA: 0s - loss: 0.6421 - acc: 0.6945
1792/6557 [=======>......................] - ETA: 0s - loss: 0.6140 - acc: 0.7070
2304/6557 [=========>....................] - ETA: 0s - loss: 0.6196 - acc: 0.6997
2816/6557 [===========>..................] - ETA: 0s - loss: 0.6206 - acc: 0.7006
3328/6557 [==============>...............] - ETA: 0s - loss: 0.6195 - acc: 0.7004
3840/6557 [================>.............] - ETA: 0s - loss: 0.6298 - acc: 0.6951
4352/6557 [==================>...........] - ETA: 0s - loss: 0.6258 - acc: 0.6978
4864/6557 [=====================>........] - ETA: 0s - loss: 0.6200 - acc: 0.7002
5376/6557 [=======================>......] - ETA: 0s - loss: 0.6181 - acc: 0.7016
5888/6557 [=========================>....] - ETA: 0s - loss: 0.6197 - acc: 0.7001
6400/6557 [============================>.] - ETA: 0s - loss: 0.6162 - acc: 0.7008
6557/6557 [==============================] - 1s 107us/step - loss: 0.6162 - acc: 0.7008 - val_loss: 0.6310 - val_acc: 0.6618
Epoch 7/30

 256/6557 [>.............................] - ETA: 0s - loss: 0.4859 - acc: 0.7656
 768/6557 [==>...........................] - ETA: 0s - loss: 0.5307 - acc: 0.7227
1280/6557 [====>.........................] - ETA: 0s - loss: 0.5487 - acc: 0.7156
1792/6557 [=======>......................] - ETA: 0s - loss: 0.5534 - acc: 0.7210
2304/6557 [=========>....................] - ETA: 0s - loss: 0.5478 - acc: 0.7227
2816/6557 [===========>..................] - ETA: 0s - loss: 0.5673 - acc: 0.7148
3328/6557 [==============>...............] - ETA: 0s - loss: 0.5658 - acc: 0.7151
3840/6557 [================>.............] - ETA: 0s - loss: 0.5664 - acc: 0.7161
4352/6557 [==================>...........] - ETA: 0s - loss: 0.5714 - acc: 0.7146
4864/6557 [=====================>........] - ETA: 0s - loss: 0.5710 - acc: 0.7163
5376/6557 [=======================>......] - ETA: 0s - loss: 0.5711 - acc: 0.7171
5888/6557 [=========================>....] - ETA: 0s - loss: 0.5718 - acc: 0.7162
6400/6557 [============================>.] - ETA: 0s - loss: 0.5698 - acc: 0.7173
6557/6557 [==============================] - 1s 107us/step - loss: 0.5680 - acc: 0.7180 - val_loss: 0.6533 - val_acc: 0.6352
Epoch 8/30

 256/6557 [>.............................] - ETA: 0s - loss: 0.5126 - acc: 0.7461
 768/6557 [==>...........................] - ETA: 0s - loss: 0.5097 - acc: 0.7435
1280/6557 [====>.........................] - ETA: 0s - loss: 0.5315 - acc: 0.7430
1792/6557 [=======>......................] - ETA: 0s - loss: 0.5314 - acc: 0.7455
2304/6557 [=========>....................] - ETA: 0s - loss: 0.5263 - acc: 0.7448
2816/6557 [===========>..................] - ETA: 0s - loss: 0.5313 - acc: 0.7433
3328/6557 [==============>...............] - ETA: 0s - loss: 0.5340 - acc: 0.7440
3840/6557 [================>.............] - ETA: 0s - loss: 0.5345 - acc: 0.7419
4352/6557 [==================>...........] - ETA: 0s - loss: 0.5417 - acc: 0.7397
4864/6557 [=====================>........] - ETA: 0s - loss: 0.5423 - acc: 0.7395
5376/6557 [=======================>......] - ETA: 0s - loss: 0.5455 - acc: 0.7366
5888/6557 [=========================>....] - ETA: 0s - loss: 0.5496 - acc: 0.7359
6400/6557 [============================>.] - ETA: 0s - loss: 0.5516 - acc: 0.7342
6557/6557 [==============================] - 1s 106us/step - loss: 0.5525 - acc: 0.7334 - val_loss: 0.7195 - val_acc: 0.6267
Epoch 9/30

 256/6557 [>.............................] - ETA: 0s - loss: 0.5924 - acc: 0.7070
 768/6557 [==>...........................] - ETA: 0s - loss: 0.5720 - acc: 0.7122
1280/6557 [====>.........................] - ETA: 0s - loss: 0.5381 - acc: 0.7391
1792/6557 [=======>......................] - ETA: 0s - loss: 0.5214 - acc: 0.7455
2304/6557 [=========>....................] - ETA: 0s - loss: 0.5088 - acc: 0.7478
2816/6557 [===========>..................] - ETA: 0s - loss: 0.4978 - acc: 0.7532
3328/6557 [==============>...............] - ETA: 0s - loss: 0.4955 - acc: 0.7554
3840/6557 [================>.............] - ETA: 0s - loss: 0.5022 - acc: 0.7516
4352/6557 [==================>...........] - ETA: 0s - loss: 0.4962 - acc: 0.7537
4864/6557 [=====================>........] - ETA: 0s - loss: 0.4937 - acc: 0.7539
5376/6557 [=======================>......] - ETA: 0s - loss: 0.4928 - acc: 0.7537
5888/6557 [=========================>....] - ETA: 0s - loss: 0.4915 - acc: 0.7553
6400/6557 [============================>.] - ETA: 0s - loss: 0.4899 - acc: 0.7566
6557/6557 [==============================] - 1s 108us/step - loss: 0.4885 - acc: 0.7567 - val_loss: 0.6372 - val_acc: 0.6497
Epoch 10/30

 256/6557 [>.............................] - ETA: 0s - loss: 0.5247 - acc: 0.7422
 768/6557 [==>...........................] - ETA: 0s - loss: 0.4717 - acc: 0.7839
1280/6557 [====>.........................] - ETA: 0s - loss: 0.4693 - acc: 0.7836
1792/6557 [=======>......................] - ETA: 0s - loss: 0.4789 - acc: 0.7773
2304/6557 [=========>....................] - ETA: 0s - loss: 0.4681 - acc: 0.7839
2816/6557 [===========>..................] - ETA: 0s - loss: 0.4783 - acc: 0.7717
3328/6557 [==============>...............] - ETA: 0s - loss: 0.4726 - acc: 0.7731
3840/6557 [================>.............] - ETA: 0s - loss: 0.4713 - acc: 0.7747
4352/6557 [==================>...........] - ETA: 0s - loss: 0.4677 - acc: 0.7741
4864/6557 [=====================>........] - ETA: 0s - loss: 0.4698 - acc: 0.7706
5376/6557 [=======================>......] - ETA: 0s - loss: 0.4709 - acc: 0.7705
5888/6557 [=========================>....] - ETA: 0s - loss: 0.4733 - acc: 0.7690
6400/6557 [============================>.] - ETA: 0s - loss: 0.4747 - acc: 0.7680
6557/6557 [==============================] - 1s 108us/step - loss: 0.4738 - acc: 0.7688 - val_loss: 0.6303 - val_acc: 0.6436
Epoch 11/30

 256/6557 [>.............................] - ETA: 0s - loss: 0.4700 - acc: 0.7930
 768/6557 [==>...........................] - ETA: 0s - loss: 0.4669 - acc: 0.7747
1280/6557 [====>.........................] - ETA: 0s - loss: 0.4679 - acc: 0.7734
1792/6557 [=======>......................] - ETA: 0s - loss: 0.4544 - acc: 0.7835
2304/6557 [=========>....................] - ETA: 0s - loss: 0.4587 - acc: 0.7765
2816/6557 [===========>..................] - ETA: 0s - loss: 0.4632 - acc: 0.7731
3328/6557 [==============>...............] - ETA: 0s - loss: 0.4614 - acc: 0.7761
3840/6557 [================>.............] - ETA: 0s - loss: 0.4610 - acc: 0.7776
4352/6557 [==================>...........] - ETA: 0s - loss: 0.4573 - acc: 0.7767
4864/6557 [=====================>........] - ETA: 0s - loss: 0.4587 - acc: 0.7747
5376/6557 [=======================>......] - ETA: 0s - loss: 0.4595 - acc: 0.7746
5888/6557 [=========================>....] - ETA: 0s - loss: 0.4625 - acc: 0.7750
6400/6557 [============================>.] - ETA: 0s - loss: 0.4629 - acc: 0.7747
6557/6557 [==============================] - 1s 109us/step - loss: 0.4618 - acc: 0.7750 - val_loss: 0.6280 - val_acc: 0.6485
Epoch 12/30

 256/6557 [>.............................] - ETA: 0s - loss: 0.4273 - acc: 0.7695
 768/6557 [==>...........................] - ETA: 0s - loss: 0.4567 - acc: 0.7852
1280/6557 [====>.........................] - ETA: 0s - loss: 0.4491 - acc: 0.7867
1792/6557 [=======>......................] - ETA: 0s - loss: 0.4442 - acc: 0.7874
2304/6557 [=========>....................] - ETA: 0s - loss: 0.4516 - acc: 0.7808
2816/6557 [===========>..................] - ETA: 0s - loss: 0.4504 - acc: 0.7809
3328/6557 [==============>...............] - ETA: 0s - loss: 0.4504 - acc: 0.7812
4096/6557 [=================>............] - ETA: 0s - loss: 0.4520 - acc: 0.7805
4608/6557 [====================>.........] - ETA: 0s - loss: 0.4524 - acc: 0.7806
5120/6557 [======================>.......] - ETA: 0s - loss: 0.4538 - acc: 0.7814
5632/6557 [========================>.....] - ETA: 0s - loss: 0.4529 - acc: 0.7809
6144/6557 [===========================>..] - ETA: 0s - loss: 0.4481 - acc: 0.7842
6557/6557 [==============================] - 1s 106us/step - loss: 0.4501 - acc: 0.7819 - val_loss: 0.6315 - val_acc: 0.6533
Epoch 13/30

 256/6557 [>.............................] - ETA: 0s - loss: 0.4176 - acc: 0.8047
 768/6557 [==>...........................] - ETA: 0s - loss: 0.4539 - acc: 0.7812
1280/6557 [====>.........................] - ETA: 0s - loss: 0.4362 - acc: 0.7961
1792/6557 [=======>......................] - ETA: 0s - loss: 0.4376 - acc: 0.7935
2304/6557 [=========>....................] - ETA: 0s - loss: 0.4358 - acc: 0.7886
2816/6557 [===========>..................] - ETA: 0s - loss: 0.4422 - acc: 0.7816
3328/6557 [==============>...............] - ETA: 0s - loss: 0.4476 - acc: 0.7806
3840/6557 [================>.............] - ETA: 0s - loss: 0.4480 - acc: 0.7823
4352/6557 [==================>...........] - ETA: 0s - loss: 0.4483 - acc: 0.7799
4864/6557 [=====================>........] - ETA: 0s - loss: 0.4460 - acc: 0.7831
5376/6557 [=======================>......] - ETA: 0s - loss: 0.4472 - acc: 0.7850
5888/6557 [=========================>....] - ETA: 0s - loss: 0.4478 - acc: 0.7857
6400/6557 [============================>.] - ETA: 0s - loss: 0.4503 - acc: 0.7836
6557/6557 [==============================] - 1s 107us/step - loss: 0.4508 - acc: 0.7834 - val_loss: 0.6257 - val_acc: 0.6521
Epoch 14/30

 256/6557 [>.............................] - ETA: 0s - loss: 0.4444 - acc: 0.7930
 768/6557 [==>...........................] - ETA: 0s - loss: 0.4546 - acc: 0.7891
1280/6557 [====>.........................] - ETA: 0s - loss: 0.4400 - acc: 0.7992
1792/6557 [=======>......................] - ETA: 0s - loss: 0.4273 - acc: 0.8019
2304/6557 [=========>....................] - ETA: 0s - loss: 0.4336 - acc: 0.7956
2816/6557 [===========>..................] - ETA: 0s - loss: 0.4318 - acc: 0.7972
3328/6557 [==============>...............] - ETA: 0s - loss: 0.4338 - acc: 0.7972
3840/6557 [================>.............] - ETA: 0s - loss: 0.4323 - acc: 0.7969
4352/6557 [==================>...........] - ETA: 0s - loss: 0.4340 - acc: 0.7960
4864/6557 [=====================>........] - ETA: 0s - loss: 0.4374 - acc: 0.7924
5376/6557 [=======================>......] - ETA: 0s - loss: 0.4398 - acc: 0.7900
5888/6557 [=========================>....] - ETA: 0s - loss: 0.4416 - acc: 0.7875
6400/6557 [============================>.] - ETA: 0s - loss: 0.4423 - acc: 0.7872
6557/6557 [==============================] - 1s 108us/step - loss: 0.4437 - acc: 0.7862 - val_loss: 0.6257 - val_acc: 0.6545
Epoch 15/30

 256/6557 [>.............................] - ETA: 0s - loss: 0.4122 - acc: 0.7734
 768/6557 [==>...........................] - ETA: 0s - loss: 0.4061 - acc: 0.7982
1280/6557 [====>.........................] - ETA: 0s - loss: 0.4102 - acc: 0.8023
1792/6557 [=======>......................] - ETA: 0s - loss: 0.4091 - acc: 0.8052
2304/6557 [=========>....................] - ETA: 0s - loss: 0.4161 - acc: 0.7982
2816/6557 [===========>..................] - ETA: 0s - loss: 0.4245 - acc: 0.7940
3328/6557 [==============>...............] - ETA: 0s - loss: 0.4323 - acc: 0.7864
3840/6557 [================>.............] - ETA: 0s - loss: 0.4356 - acc: 0.7859
4352/6557 [==================>...........] - ETA: 0s - loss: 0.4364 - acc: 0.7868
4864/6557 [=====================>........] - ETA: 0s - loss: 0.4348 - acc: 0.7887
5376/6557 [=======================>......] - ETA: 0s - loss: 0.4346 - acc: 0.7902
5888/6557 [=========================>....] - ETA: 0s - loss: 0.4367 - acc: 0.7889
6400/6557 [============================>.] - ETA: 0s - loss: 0.4374 - acc: 0.7895
6557/6557 [==============================] - 1s 106us/step - loss: 0.4380 - acc: 0.7897 - val_loss: 0.6232 - val_acc: 0.6521
Epoch 16/30

 256/6557 [>.............................] - ETA: 0s - loss: 0.4463 - acc: 0.7852
 768/6557 [==>...........................] - ETA: 0s - loss: 0.4369 - acc: 0.7904
1280/6557 [====>.........................] - ETA: 0s - loss: 0.4555 - acc: 0.7789
1792/6557 [=======>......................] - ETA: 0s - loss: 0.4557 - acc: 0.7757
2304/6557 [=========>....................] - ETA: 0s - loss: 0.4488 - acc: 0.7834
2816/6557 [===========>..................] - ETA: 0s - loss: 0.4521 - acc: 0.7805
3328/6557 [==============>...............] - ETA: 0s - loss: 0.4511 - acc: 0.7800
3840/6557 [================>.............] - ETA: 0s - loss: 0.4407 - acc: 0.7859
4352/6557 [==================>...........] - ETA: 0s - loss: 0.4407 - acc: 0.7881
4864/6557 [=====================>........] - ETA: 0s - loss: 0.4384 - acc: 0.7895
5376/6557 [=======================>......] - ETA: 0s - loss: 0.4416 - acc: 0.7874
5888/6557 [=========================>....] - ETA: 0s - loss: 0.4444 - acc: 0.7853
6400/6557 [============================>.] - ETA: 0s - loss: 0.4432 - acc: 0.7867
6557/6557 [==============================] - 1s 109us/step - loss: 0.4447 - acc: 0.7863 - val_loss: 0.6245 - val_acc: 0.6521
Epoch 17/30

 256/6557 [>.............................] - ETA: 0s - loss: 0.4027 - acc: 0.8359
 768/6557 [==>...........................] - ETA: 0s - loss: 0.4496 - acc: 0.7812
1280/6557 [====>.........................] - ETA: 0s - loss: 0.4248 - acc: 0.8000
1792/6557 [=======>......................] - ETA: 0s - loss: 0.4249 - acc: 0.7974
2304/6557 [=========>....................] - ETA: 0s - loss: 0.4232 - acc: 0.8030
2816/6557 [===========>..................] - ETA: 0s - loss: 0.4189 - acc: 0.8029
3328/6557 [==============>...............] - ETA: 0s - loss: 0.4211 - acc: 0.8020
3840/6557 [================>.............] - ETA: 0s - loss: 0.4268 - acc: 0.7987
4352/6557 [==================>...........] - ETA: 0s - loss: 0.4294 - acc: 0.7978
4864/6557 [=====================>........] - ETA: 0s - loss: 0.4243 - acc: 0.7993
5376/6557 [=======================>......] - ETA: 0s - loss: 0.4270 - acc: 0.7976
5888/6557 [=========================>....] - ETA: 0s - loss: 0.4273 - acc: 0.7972
6400/6557 [============================>.] - ETA: 0s - loss: 0.4319 - acc: 0.7927
6557/6557 [==============================] - 1s 107us/step - loss: 0.4318 - acc: 0.7926 - val_loss: 0.6200 - val_acc: 0.6570
Epoch 18/30

 256/6557 [>.............................] - ETA: 0s - loss: 0.3706 - acc: 0.8281
 768/6557 [==>...........................] - ETA: 0s - loss: 0.3889 - acc: 0.8294
1280/6557 [====>.........................] - ETA: 0s - loss: 0.4020 - acc: 0.8148
1792/6557 [=======>......................] - ETA: 0s - loss: 0.4097 - acc: 0.8041
2304/6557 [=========>....................] - ETA: 0s - loss: 0.4070 - acc: 0.8047
2816/6557 [===========>..................] - ETA: 0s - loss: 0.4111 - acc: 0.7997
3328/6557 [==============>...............] - ETA: 0s - loss: 0.4155 - acc: 0.7942
3840/6557 [================>.............] - ETA: 0s - loss: 0.4189 - acc: 0.7930
4352/6557 [==================>...........] - ETA: 0s - loss: 0.4207 - acc: 0.7946
4864/6557 [=====================>........] - ETA: 0s - loss: 0.4210 - acc: 0.7950
5376/6557 [=======================>......] - ETA: 0s - loss: 0.4233 - acc: 0.7939
5888/6557 [=========================>....] - ETA: 0s - loss: 0.4224 - acc: 0.7948
6400/6557 [============================>.] - ETA: 0s - loss: 0.4264 - acc: 0.7927
6557/6557 [==============================] - 1s 107us/step - loss: 0.4256 - acc: 0.7937 - val_loss: 0.6208 - val_acc: 0.6582
Epoch 19/30

 256/6557 [>.............................] - ETA: 0s - loss: 0.4002 - acc: 0.7930
 768/6557 [==>...........................] - ETA: 0s - loss: 0.4215 - acc: 0.7930
1280/6557 [====>.........................] - ETA: 0s - loss: 0.4241 - acc: 0.7906
1792/6557 [=======>......................] - ETA: 0s - loss: 0.4159 - acc: 0.7952
2560/6557 [==========>...................] - ETA: 0s - loss: 0.4130 - acc: 0.7941
3072/6557 [=============>................] - ETA: 0s - loss: 0.4083 - acc: 0.7982
3584/6557 [===============>..............] - ETA: 0s - loss: 0.4154 - acc: 0.7974
4096/6557 [=================>............] - ETA: 0s - loss: 0.4202 - acc: 0.7952
4608/6557 [====================>.........] - ETA: 0s - loss: 0.4195 - acc: 0.7956
5120/6557 [======================>.......] - ETA: 0s - loss: 0.4208 - acc: 0.7945
5632/6557 [========================>.....] - ETA: 0s - loss: 0.4206 - acc: 0.7963
6144/6557 [===========================>..] - ETA: 0s - loss: 0.4219 - acc: 0.7962
6557/6557 [==============================] - 1s 107us/step - loss: 0.4219 - acc: 0.7967 - val_loss: 0.6227 - val_acc: 0.6558
Epoch 20/30

 256/6557 [>.............................] - ETA: 0s - loss: 0.4113 - acc: 0.8086
 768/6557 [==>...........................] - ETA: 0s - loss: 0.4372 - acc: 0.7930
1280/6557 [====>.........................] - ETA: 0s - loss: 0.4306 - acc: 0.7969
1792/6557 [=======>......................] - ETA: 0s - loss: 0.4280 - acc: 0.8030
2304/6557 [=========>....................] - ETA: 0s - loss: 0.4266 - acc: 0.8021
2816/6557 [===========>..................] - ETA: 0s - loss: 0.4290 - acc: 0.7983
3328/6557 [==============>...............] - ETA: 0s - loss: 0.4260 - acc: 0.8002
3840/6557 [================>.............] - ETA: 0s - loss: 0.4274 - acc: 0.7995
4352/6557 [==================>...........] - ETA: 0s - loss: 0.4266 - acc: 0.7999
4864/6557 [=====================>........] - ETA: 0s - loss: 0.4254 - acc: 0.8010
5376/6557 [=======================>......] - ETA: 0s - loss: 0.4268 - acc: 0.7993
5888/6557 [=========================>....] - ETA: 0s - loss: 0.4296 - acc: 0.7998
6400/6557 [============================>.] - ETA: 0s - loss: 0.4305 - acc: 0.7989
6557/6557 [==============================] - 1s 107us/step - loss: 0.4302 - acc: 0.7984 - val_loss: 0.6206 - val_acc: 0.6582
Epoch 21/30

 256/6557 [>.............................] - ETA: 0s - loss: 0.3985 - acc: 0.8203
 768/6557 [==>...........................] - ETA: 0s - loss: 0.4180 - acc: 0.7995
1280/6557 [====>.........................] - ETA: 0s - loss: 0.4294 - acc: 0.7969
1792/6557 [=======>......................] - ETA: 0s - loss: 0.4292 - acc: 0.7913
2304/6557 [=========>....................] - ETA: 0s - loss: 0.4278 - acc: 0.7947
2816/6557 [===========>..................] - ETA: 0s - loss: 0.4282 - acc: 0.7926
3328/6557 [==============>...............] - ETA: 0s - loss: 0.4209 - acc: 0.7963
3840/6557 [================>.............] - ETA: 0s - loss: 0.4210 - acc: 0.7951
4352/6557 [==================>...........] - ETA: 0s - loss: 0.4204 - acc: 0.7985
4864/6557 [=====================>........] - ETA: 0s - loss: 0.4234 - acc: 0.7973
5376/6557 [=======================>......] - ETA: 0s - loss: 0.4208 - acc: 0.7989
5888/6557 [=========================>....] - ETA: 0s - loss: 0.4226 - acc: 0.7976
6400/6557 [============================>.] - ETA: 0s - loss: 0.4228 - acc: 0.7978
6557/6557 [==============================] - 1s 108us/step - loss: 0.4247 - acc: 0.7978 - val_loss: 0.6199 - val_acc: 0.6606
Epoch 22/30

 256/6557 [>.............................] - ETA: 0s - loss: 0.4090 - acc: 0.8320
 768/6557 [==>...........................] - ETA: 0s - loss: 0.4155 - acc: 0.8060
1280/6557 [====>.........................] - ETA: 0s - loss: 0.4113 - acc: 0.8047
1792/6557 [=======>......................] - ETA: 0s - loss: 0.4074 - acc: 0.8069
2304/6557 [=========>....................] - ETA: 0s - loss: 0.4191 - acc: 0.7960
2816/6557 [===========>..................] - ETA: 0s - loss: 0.4216 - acc: 0.7987
3328/6557 [==============>...............] - ETA: 0s - loss: 0.4329 - acc: 0.7888
3840/6557 [================>.............] - ETA: 0s - loss: 0.4349 - acc: 0.7859
4352/6557 [==================>...........] - ETA: 0s - loss: 0.4319 - acc: 0.7875
4864/6557 [=====================>........] - ETA: 0s - loss: 0.4272 - acc: 0.7915
5376/6557 [=======================>......] - ETA: 0s - loss: 0.4276 - acc: 0.7924
5888/6557 [=========================>....] - ETA: 0s - loss: 0.4243 - acc: 0.7945
6400/6557 [============================>.] - ETA: 0s - loss: 0.4236 - acc: 0.7952
6557/6557 [==============================] - 1s 108us/step - loss: 0.4226 - acc: 0.7958 - val_loss: 0.6199 - val_acc: 0.6606
Epoch 23/30

 256/6557 [>.............................] - ETA: 0s - loss: 0.4252 - acc: 0.8008
 768/6557 [==>...........................] - ETA: 0s - loss: 0.4281 - acc: 0.7956
1280/6557 [====>.........................] - ETA: 0s - loss: 0.4404 - acc: 0.7906
1792/6557 [=======>......................] - ETA: 0s - loss: 0.4400 - acc: 0.7902
2304/6557 [=========>....................] - ETA: 0s - loss: 0.4345 - acc: 0.7956
2816/6557 [===========>..................] - ETA: 0s - loss: 0.4325 - acc: 0.7923
3328/6557 [==============>...............] - ETA: 0s - loss: 0.4268 - acc: 0.7951
3840/6557 [================>.............] - ETA: 0s - loss: 0.4278 - acc: 0.7953
4352/6557 [==================>...........] - ETA: 0s - loss: 0.4292 - acc: 0.7941
4864/6557 [=====================>........] - ETA: 0s - loss: 0.4279 - acc: 0.7956
5376/6557 [=======================>......] - ETA: 0s - loss: 0.4243 - acc: 0.7984
5888/6557 [=========================>....] - ETA: 0s - loss: 0.4235 - acc: 0.7967
6400/6557 [============================>.] - ETA: 0s - loss: 0.4228 - acc: 0.7981
6557/6557 [==============================] - 1s 107us/step - loss: 0.4225 - acc: 0.7976 - val_loss: 0.6199 - val_acc: 0.6606
Epoch 24/30

 256/6557 [>.............................] - ETA: 0s - loss: 0.4625 - acc: 0.7695
 768/6557 [==>...........................] - ETA: 0s - loss: 0.4399 - acc: 0.7930
1280/6557 [====>.........................] - ETA: 0s - loss: 0.4210 - acc: 0.8063
1792/6557 [=======>......................] - ETA: 0s - loss: 0.4180 - acc: 0.8025
2304/6557 [=========>....................] - ETA: 0s - loss: 0.4169 - acc: 0.8034
2816/6557 [===========>..................] - ETA: 0s - loss: 0.4126 - acc: 0.8061
3328/6557 [==============>...............] - ETA: 0s - loss: 0.4160 - acc: 0.8026
3840/6557 [================>.............] - ETA: 0s - loss: 0.4143 - acc: 0.8026
4352/6557 [==================>...........] - ETA: 0s - loss: 0.4111 - acc: 0.8040
4864/6557 [=====================>........] - ETA: 0s - loss: 0.4119 - acc: 0.8059
5376/6557 [=======================>......] - ETA: 0s - loss: 0.4107 - acc: 0.8073
5888/6557 [=========================>....] - ETA: 0s - loss: 0.4107 - acc: 0.8050
6400/6557 [============================>.] - ETA: 0s - loss: 0.4103 - acc: 0.8047
6557/6557 [==============================] - 1s 109us/step - loss: 0.4111 - acc: 0.8036 - val_loss: 0.6199 - val_acc: 0.6606
Epoch 25/30

 256/6557 [>.............................] - ETA: 0s - loss: 0.4179 - acc: 0.8008
 768/6557 [==>...........................] - ETA: 0s - loss: 0.3991 - acc: 0.8151
1280/6557 [====>.........................] - ETA: 0s - loss: 0.4010 - acc: 0.8133
1792/6557 [=======>......................] - ETA: 0s - loss: 0.4098 - acc: 0.8041
2304/6557 [=========>....................] - ETA: 0s - loss: 0.4110 - acc: 0.8056
2816/6557 [===========>..................] - ETA: 0s - loss: 0.4079 - acc: 0.8097
3328/6557 [==============>...............] - ETA: 0s - loss: 0.4035 - acc: 0.8128
3840/6557 [================>.............] - ETA: 0s - loss: 0.4066 - acc: 0.8107
4352/6557 [==================>...........] - ETA: 0s - loss: 0.4103 - acc: 0.8095
4864/6557 [=====================>........] - ETA: 0s - loss: 0.4058 - acc: 0.8117
5376/6557 [=======================>......] - ETA: 0s - loss: 0.4075 - acc: 0.8114
5888/6557 [=========================>....] - ETA: 0s - loss: 0.4087 - acc: 0.8100
6400/6557 [============================>.] - ETA: 0s - loss: 0.4093 - acc: 0.8089
6557/6557 [==============================] - 1s 108us/step - loss: 0.4094 - acc: 0.8080 - val_loss: 0.6198 - val_acc: 0.6606
Epoch 26/30

 256/6557 [>.............................] - ETA: 0s - loss: 0.4314 - acc: 0.7773
 768/6557 [==>...........................] - ETA: 0s - loss: 0.4216 - acc: 0.7878
1280/6557 [====>.........................] - ETA: 0s - loss: 0.4259 - acc: 0.7906
1792/6557 [=======>......................] - ETA: 0s - loss: 0.4231 - acc: 0.7963
2304/6557 [=========>....................] - ETA: 0s - loss: 0.4139 - acc: 0.8012
2816/6557 [===========>..................] - ETA: 0s - loss: 0.4182 - acc: 0.7919
3328/6557 [==============>...............] - ETA: 0s - loss: 0.4183 - acc: 0.7903
3840/6557 [================>.............] - ETA: 0s - loss: 0.4205 - acc: 0.7911
4352/6557 [==================>...........] - ETA: 0s - loss: 0.4177 - acc: 0.7934
4864/6557 [=====================>........] - ETA: 0s - loss: 0.4171 - acc: 0.7944
5376/6557 [=======================>......] - ETA: 0s - loss: 0.4189 - acc: 0.7948
5888/6557 [=========================>....] - ETA: 0s - loss: 0.4160 - acc: 0.7981
6400/6557 [============================>.] - ETA: 0s - loss: 0.4151 - acc: 0.7989
6557/6557 [==============================] - 1s 108us/step - loss: 0.4147 - acc: 0.7993 - val_loss: 0.6198 - val_acc: 0.6606
Epoch 27/30

 256/6557 [>.............................] - ETA: 0s - loss: 0.4657 - acc: 0.7578
 768/6557 [==>...........................] - ETA: 0s - loss: 0.4328 - acc: 0.7865
1280/6557 [====>.........................] - ETA: 0s - loss: 0.4259 - acc: 0.7922
1792/6557 [=======>......................] - ETA: 0s - loss: 0.4129 - acc: 0.8047
2304/6557 [=========>....................] - ETA: 0s - loss: 0.4041 - acc: 0.8112
2816/6557 [===========>..................] - ETA: 0s - loss: 0.4081 - acc: 0.8072
3328/6557 [==============>...............] - ETA: 0s - loss: 0.4054 - acc: 0.8086
3840/6557 [================>.............] - ETA: 0s - loss: 0.4059 - acc: 0.8078
4352/6557 [==================>...........] - ETA: 0s - loss: 0.4107 - acc: 0.8047
4864/6557 [=====================>........] - ETA: 0s - loss: 0.4090 - acc: 0.8061
5376/6557 [=======================>......] - ETA: 0s - loss: 0.4091 - acc: 0.8054
5888/6557 [=========================>....] - ETA: 0s - loss: 0.4087 - acc: 0.8049
6400/6557 [============================>.] - ETA: 0s - loss: 0.4077 - acc: 0.8041
6557/6557 [==============================] - 1s 109us/step - loss: 0.4075 - acc: 0.8045 - val_loss: 0.6198 - val_acc: 0.6606
Epoch 28/30

 256/6557 [>.............................] - ETA: 0s - loss: 0.4160 - acc: 0.8008
 768/6557 [==>...........................] - ETA: 0s - loss: 0.4119 - acc: 0.7995
1280/6557 [====>.........................] - ETA: 0s - loss: 0.4109 - acc: 0.8047
1792/6557 [=======>......................] - ETA: 0s - loss: 0.4012 - acc: 0.8131
2304/6557 [=========>....................] - ETA: 0s - loss: 0.4008 - acc: 0.8112
2816/6557 [===========>..................] - ETA: 0s - loss: 0.4061 - acc: 0.8107
3328/6557 [==============>...............] - ETA: 0s - loss: 0.4048 - acc: 0.8125
3840/6557 [================>.............] - ETA: 0s - loss: 0.4031 - acc: 0.8104
4352/6557 [==================>...........] - ETA: 0s - loss: 0.4033 - acc: 0.8088
4864/6557 [=====================>........] - ETA: 0s - loss: 0.4060 - acc: 0.8065
5376/6557 [=======================>......] - ETA: 0s - loss: 0.4061 - acc: 0.8071
5888/6557 [=========================>....] - ETA: 0s - loss: 0.4091 - acc: 0.8049
6400/6557 [============================>.] - ETA: 0s - loss: 0.4105 - acc: 0.8047
6557/6557 [==============================] - 1s 108us/step - loss: 0.4105 - acc: 0.8051 - val_loss: 0.6198 - val_acc: 0.6606
Epoch 29/30

 256/6557 [>.............................] - ETA: 0s - loss: 0.4112 - acc: 0.7930
 768/6557 [==>...........................] - ETA: 0s - loss: 0.4058 - acc: 0.7982
1280/6557 [====>.........................] - ETA: 0s - loss: 0.4150 - acc: 0.7969
1792/6557 [=======>......................] - ETA: 0s - loss: 0.4159 - acc: 0.7974
2304/6557 [=========>....................] - ETA: 0s - loss: 0.4138 - acc: 0.7973
2816/6557 [===========>..................] - ETA: 0s - loss: 0.4150 - acc: 0.7987
3328/6557 [==============>...............] - ETA: 0s - loss: 0.4164 - acc: 0.7960
3840/6557 [================>.............] - ETA: 0s - loss: 0.4184 - acc: 0.7953
4352/6557 [==================>...........] - ETA: 0s - loss: 0.4161 - acc: 0.7989
4864/6557 [=====================>........] - ETA: 0s - loss: 0.4186 - acc: 0.7977
5376/6557 [=======================>......] - ETA: 0s - loss: 0.4185 - acc: 0.7989
5888/6557 [=========================>....] - ETA: 0s - loss: 0.4166 - acc: 0.7982
6400/6557 [============================>.] - ETA: 0s - loss: 0.4161 - acc: 0.7986
6557/6557 [==============================] - 1s 107us/step - loss: 0.4157 - acc: 0.7993 - val_loss: 0.6198 - val_acc: 0.6606
Epoch 30/30

 256/6557 [>.............................] - ETA: 0s - loss: 0.3658 - acc: 0.8320
 768/6557 [==>...........................] - ETA: 0s - loss: 0.4082 - acc: 0.8021
1280/6557 [====>.........................] - ETA: 0s - loss: 0.4228 - acc: 0.8000
1792/6557 [=======>......................] - ETA: 0s - loss: 0.4292 - acc: 0.7974
2304/6557 [=========>....................] - ETA: 0s - loss: 0.4164 - acc: 0.8086
2816/6557 [===========>..................] - ETA: 0s - loss: 0.4151 - acc: 0.8061
3328/6557 [==============>...............] - ETA: 0s - loss: 0.4134 - acc: 0.8068
3840/6557 [================>.............] - ETA: 0s - loss: 0.4145 - acc: 0.8089
4352/6557 [==================>...........] - ETA: 0s - loss: 0.4166 - acc: 0.8081
4864/6557 [=====================>........] - ETA: 0s - loss: 0.4138 - acc: 0.8094
5376/6557 [=======================>......] - ETA: 0s - loss: 0.4135 - acc: 0.8082
5888/6557 [=========================>....] - ETA: 0s - loss: 0.4131 - acc: 0.8081
6400/6557 [============================>.] - ETA: 0s - loss: 0.4114 - acc: 0.8087
6557/6557 [==============================] - 1s 107us/step - loss: 0.4118 - acc: 0.8084 - val_loss: 0.6198 - val_acc: 0.6606
2018-10-25 19:45:04,237 : INFO : loading best model weights
2018-10-25 19:45:04,775 : INFO : computing and saving metrics
             precision    recall  f1-score   support

   negative       0.69      0.58      0.63       408
   positive       0.64      0.74      0.69       417

avg / total       0.66      0.66      0.66       825

Using TensorFlow backend.
2018-10-25 19:45:13,450 : INFO : training model in static mode
2018-10-25 19:45:13,450 : INFO : setting random seed to 123
2018-10-25 19:45:13,471 : INFO : loading and preprocessing dataset
2018-10-25 19:45:14,365 : INFO : training: 6557 samples, validation: 825 samples
2018-10-25 19:45:14,365 : INFO : using 11324 lemmatized words
2018-10-25 19:45:14,366 : INFO : building embedding layer
2018-10-25 19:45:14,368 : INFO : loading projection weights from <zipfile.ZipExtFile name='model.txt' mode='r' compress_type=deflate>
2018-10-25 19:47:51,373 : INFO : loaded (260073, 300) matrix from <zipfile.ZipExtFile [closed]>
2018-10-25 19:47:51,749 : WARNING : there are 2373 oov tokens
2018-10-25 19:47:52,017 : INFO : building model
2018-10-25 19:47:55.244386: I tensorflow/core/common_runtime/gpu/gpu_device.cc:1405] Found device 0 with properties: 
name: Tesla K20Xm major: 3 minor: 5 memoryClockRate(GHz): 0.732
pciBusID: 0000:03:00.0
totalMemory: 5.57GiB freeMemory: 5.49GiB
2018-10-25 19:47:55.244485: I tensorflow/core/common_runtime/gpu/gpu_device.cc:1484] Adding visible gpu devices: 0
2018-10-25 19:47:55.661422: I tensorflow/core/common_runtime/gpu/gpu_device.cc:965] Device interconnect StreamExecutor with strength 1 edge matrix:
2018-10-25 19:47:55.661521: I tensorflow/core/common_runtime/gpu/gpu_device.cc:971]      0 
2018-10-25 19:47:55.661540: I tensorflow/core/common_runtime/gpu/gpu_device.cc:984] 0:   N 
2018-10-25 19:47:55.661846: I tensorflow/core/common_runtime/gpu/gpu_device.cc:1097] Created TensorFlow device (/job:localhost/replica:0/task:0/device:GPU:0 with 5278 MB memory) -> physical GPU (device: 0, name: Tesla K20Xm, pci bus id: 0000:03:00.0, compute capability: 3.5)
2018-10-25 19:47:56,071 : INFO : training the model
__________________________________________________________________________________________________
Layer (type)                    Output Shape         Param #     Connected to                     
==================================================================================================
input_1 (InputLayer)            (None, 50)           0                                            
__________________________________________________________________________________________________
embedding_1 (Embedding)         (None, 50, 300)      3397500     input_1[0][0]                    
__________________________________________________________________________________________________
conv1d_1 (Conv1D)               (None, 48, 100)      90100       embedding_1[0][0]                
__________________________________________________________________________________________________
conv1d_2 (Conv1D)               (None, 47, 100)      120100      embedding_1[0][0]                
__________________________________________________________________________________________________
conv1d_3 (Conv1D)               (None, 46, 100)      150100      embedding_1[0][0]                
__________________________________________________________________________________________________
activation_1 (Activation)       (None, 48, 100)      0           conv1d_1[0][0]                   
__________________________________________________________________________________________________
activation_2 (Activation)       (None, 47, 100)      0           conv1d_2[0][0]                   
__________________________________________________________________________________________________
activation_3 (Activation)       (None, 46, 100)      0           conv1d_3[0][0]                   
__________________________________________________________________________________________________
global_max_pooling1d_1 (GlobalM (None, 100)          0           activation_1[0][0]               
__________________________________________________________________________________________________
global_max_pooling1d_2 (GlobalM (None, 100)          0           activation_2[0][0]               
__________________________________________________________________________________________________
global_max_pooling1d_3 (GlobalM (None, 100)          0           activation_3[0][0]               
__________________________________________________________________________________________________
concatenate_1 (Concatenate)     (None, 300)          0           global_max_pooling1d_1[0][0]     
                                                                 global_max_pooling1d_2[0][0]     
                                                                 global_max_pooling1d_3[0][0]     
__________________________________________________________________________________________________
dropout_1 (Dropout)             (None, 300)          0           concatenate_1[0][0]              
__________________________________________________________________________________________________
dense_1 (Dense)                 (None, 2)            602         dropout_1[0][0]                  
==================================================================================================
Total params: 3,758,402
Trainable params: 360,902
Non-trainable params: 3,397,500
__________________________________________________________________________________________________
Train on 6557 samples, validate on 825 samples
Epoch 1/30

 256/6557 [>.............................] - ETA: 1:15 - loss: 2.7228 - acc: 0.4688
 768/6557 [==>...........................] - ETA: 23s - loss: 1.9031 - acc: 0.5039 
1280/6557 [====>.........................] - ETA: 13s - loss: 1.8165 - acc: 0.5102
1792/6557 [=======>......................] - ETA: 8s - loss: 1.7977 - acc: 0.5201 
2304/6557 [=========>....................] - ETA: 6s - loss: 1.7226 - acc: 0.5269
2816/6557 [===========>..................] - ETA: 4s - loss: 1.7025 - acc: 0.5249
3328/6557 [==============>...............] - ETA: 3s - loss: 1.7271 - acc: 0.5249
3840/6557 [================>.............] - ETA: 2s - loss: 1.7060 - acc: 0.5336
4352/6557 [==================>...........] - ETA: 1s - loss: 1.6736 - acc: 0.5345
4864/6557 [=====================>........] - ETA: 1s - loss: 1.6436 - acc: 0.5387
5376/6557 [=======================>......] - ETA: 0s - loss: 1.6031 - acc: 0.5435
5888/6557 [=========================>....] - ETA: 0s - loss: 1.5676 - acc: 0.5486
6400/6557 [============================>.] - ETA: 0s - loss: 1.5422 - acc: 0.5497
6557/6557 [==============================] - 5s 703us/step - loss: 1.5336 - acc: 0.5512 - val_loss: 1.1493 - val_acc: 0.5636
Epoch 2/30

 256/6557 [>.............................] - ETA: 0s - loss: 1.4016 - acc: 0.5859
 768/6557 [==>...........................] - ETA: 0s - loss: 1.1623 - acc: 0.6055
1280/6557 [====>.........................] - ETA: 0s - loss: 1.1361 - acc: 0.6180
1792/6557 [=======>......................] - ETA: 0s - loss: 1.1011 - acc: 0.6205
2304/6557 [=========>....................] - ETA: 0s - loss: 1.0656 - acc: 0.6233
2816/6557 [===========>..................] - ETA: 0s - loss: 1.0220 - acc: 0.6328
3328/6557 [==============>...............] - ETA: 0s - loss: 1.0139 - acc: 0.6352
3840/6557 [================>.............] - ETA: 0s - loss: 0.9993 - acc: 0.6414
4352/6557 [==================>...........] - ETA: 0s - loss: 0.9836 - acc: 0.6432
4864/6557 [=====================>........] - ETA: 0s - loss: 0.9828 - acc: 0.6433
5376/6557 [=======================>......] - ETA: 0s - loss: 0.9778 - acc: 0.6466
5888/6557 [=========================>....] - ETA: 0s - loss: 0.9780 - acc: 0.6457
6400/6557 [============================>.] - ETA: 0s - loss: 0.9687 - acc: 0.6467
6557/6557 [==============================] - 1s 110us/step - loss: 0.9671 - acc: 0.6468 - val_loss: 0.6255 - val_acc: 0.6848
Epoch 3/30

 256/6557 [>.............................] - ETA: 0s - loss: 0.7684 - acc: 0.6719
 768/6557 [==>...........................] - ETA: 0s - loss: 0.7752 - acc: 0.6797
1280/6557 [====>.........................] - ETA: 0s - loss: 0.7508 - acc: 0.6914
1792/6557 [=======>......................] - ETA: 0s - loss: 0.7382 - acc: 0.6931
2304/6557 [=========>....................] - ETA: 0s - loss: 0.7493 - acc: 0.6927
2816/6557 [===========>..................] - ETA: 0s - loss: 0.7554 - acc: 0.6925
3328/6557 [==============>...............] - ETA: 0s - loss: 0.7583 - acc: 0.6896
3840/6557 [================>.............] - ETA: 0s - loss: 0.7534 - acc: 0.6898
4352/6557 [==================>...........] - ETA: 0s - loss: 0.7542 - acc: 0.6900
4864/6557 [=====================>........] - ETA: 0s - loss: 0.7581 - acc: 0.6883
5376/6557 [=======================>......] - ETA: 0s - loss: 0.7615 - acc: 0.6869
5888/6557 [=========================>....] - ETA: 0s - loss: 0.7596 - acc: 0.6887
6400/6557 [============================>.] - ETA: 0s - loss: 0.7553 - acc: 0.6905
6557/6557 [==============================] - 1s 108us/step - loss: 0.7545 - acc: 0.6901 - val_loss: 0.5576 - val_acc: 0.7273
Epoch 4/30

 256/6557 [>.............................] - ETA: 0s - loss: 0.5501 - acc: 0.7617
 768/6557 [==>...........................] - ETA: 0s - loss: 0.5661 - acc: 0.7578
1280/6557 [====>.........................] - ETA: 0s - loss: 0.6189 - acc: 0.7453
1792/6557 [=======>......................] - ETA: 0s - loss: 0.6545 - acc: 0.7327
2304/6557 [=========>....................] - ETA: 0s - loss: 0.6575 - acc: 0.7331
2816/6557 [===========>..................] - ETA: 0s - loss: 0.6612 - acc: 0.7330
3328/6557 [==============>...............] - ETA: 0s - loss: 0.6486 - acc: 0.7383
3840/6557 [================>.............] - ETA: 0s - loss: 0.6368 - acc: 0.7401
4352/6557 [==================>...........] - ETA: 0s - loss: 0.6382 - acc: 0.7376
4864/6557 [=====================>........] - ETA: 0s - loss: 0.6404 - acc: 0.7368
5376/6557 [=======================>......] - ETA: 0s - loss: 0.6341 - acc: 0.7375
5888/6557 [=========================>....] - ETA: 0s - loss: 0.6335 - acc: 0.7359
6400/6557 [============================>.] - ETA: 0s - loss: 0.6341 - acc: 0.7358
6557/6557 [==============================] - 1s 107us/step - loss: 0.6379 - acc: 0.7349 - val_loss: 0.6222 - val_acc: 0.6933
Epoch 5/30

 256/6557 [>.............................] - ETA: 0s - loss: 0.5206 - acc: 0.7812
 768/6557 [==>...........................] - ETA: 0s - loss: 0.5869 - acc: 0.7617
1280/6557 [====>.........................] - ETA: 0s - loss: 0.6183 - acc: 0.7492
1792/6557 [=======>......................] - ETA: 0s - loss: 0.6239 - acc: 0.7517
2304/6557 [=========>....................] - ETA: 0s - loss: 0.6245 - acc: 0.7457
2816/6557 [===========>..................] - ETA: 0s - loss: 0.6316 - acc: 0.7372
3328/6557 [==============>...............] - ETA: 0s - loss: 0.6083 - acc: 0.7467
3840/6557 [================>.............] - ETA: 0s - loss: 0.6042 - acc: 0.7500
4352/6557 [==================>...........] - ETA: 0s - loss: 0.5950 - acc: 0.7525
4864/6557 [=====================>........] - ETA: 0s - loss: 0.5872 - acc: 0.7549
5376/6557 [=======================>......] - ETA: 0s - loss: 0.5837 - acc: 0.7550
5888/6557 [=========================>....] - ETA: 0s - loss: 0.5789 - acc: 0.7565
6400/6557 [============================>.] - ETA: 0s - loss: 0.5789 - acc: 0.7558
6557/6557 [==============================] - 1s 108us/step - loss: 0.5780 - acc: 0.7557 - val_loss: 0.5303 - val_acc: 0.7503
Epoch 6/30

 256/6557 [>.............................] - ETA: 0s - loss: 0.4096 - acc: 0.8164
 768/6557 [==>...........................] - ETA: 0s - loss: 0.4713 - acc: 0.7852
1280/6557 [====>.........................] - ETA: 0s - loss: 0.5226 - acc: 0.7680
1792/6557 [=======>......................] - ETA: 0s - loss: 0.4814 - acc: 0.7868
2304/6557 [=========>....................] - ETA: 0s - loss: 0.4823 - acc: 0.7856
2816/6557 [===========>..................] - ETA: 0s - loss: 0.4753 - acc: 0.7891
3328/6557 [==============>...............] - ETA: 0s - loss: 0.4664 - acc: 0.7942
3840/6557 [================>.............] - ETA: 0s - loss: 0.4792 - acc: 0.7862
4352/6557 [==================>...........] - ETA: 0s - loss: 0.4850 - acc: 0.7854
4864/6557 [=====================>........] - ETA: 0s - loss: 0.4795 - acc: 0.7866
5376/6557 [=======================>......] - ETA: 0s - loss: 0.4933 - acc: 0.7799
5888/6557 [=========================>....] - ETA: 0s - loss: 0.5003 - acc: 0.7765
6400/6557 [============================>.] - ETA: 0s - loss: 0.4967 - acc: 0.7780
6557/6557 [==============================] - 1s 106us/step - loss: 0.4974 - acc: 0.7781 - val_loss: 0.5249 - val_acc: 0.7394
Epoch 7/30

 256/6557 [>.............................] - ETA: 0s - loss: 0.3753 - acc: 0.8359
 768/6557 [==>...........................] - ETA: 0s - loss: 0.3902 - acc: 0.8281
1280/6557 [====>.........................] - ETA: 0s - loss: 0.4171 - acc: 0.8148
1792/6557 [=======>......................] - ETA: 0s - loss: 0.4213 - acc: 0.8119
2304/6557 [=========>....................] - ETA: 0s - loss: 0.4157 - acc: 0.8168
2816/6557 [===========>..................] - ETA: 0s - loss: 0.4294 - acc: 0.8093
3328/6557 [==============>...............] - ETA: 0s - loss: 0.4326 - acc: 0.8053
3840/6557 [================>.............] - ETA: 0s - loss: 0.4389 - acc: 0.8063
4352/6557 [==================>...........] - ETA: 0s - loss: 0.4503 - acc: 0.8006
4864/6557 [=====================>........] - ETA: 0s - loss: 0.4514 - acc: 0.7998
5376/6557 [=======================>......] - ETA: 0s - loss: 0.4493 - acc: 0.8013
5888/6557 [=========================>....] - ETA: 0s - loss: 0.4470 - acc: 0.8038
6400/6557 [============================>.] - ETA: 0s - loss: 0.4430 - acc: 0.8053
6557/6557 [==============================] - 1s 108us/step - loss: 0.4410 - acc: 0.8049 - val_loss: 0.5373 - val_acc: 0.7503
Epoch 8/30

 256/6557 [>.............................] - ETA: 0s - loss: 0.4269 - acc: 0.8281
 768/6557 [==>...........................] - ETA: 0s - loss: 0.3705 - acc: 0.8490
1280/6557 [====>.........................] - ETA: 0s - loss: 0.3836 - acc: 0.8422
1792/6557 [=======>......................] - ETA: 0s - loss: 0.3900 - acc: 0.8365
2304/6557 [=========>....................] - ETA: 0s - loss: 0.3858 - acc: 0.8390
2816/6557 [===========>..................] - ETA: 0s - loss: 0.3829 - acc: 0.8366
3328/6557 [==============>...............] - ETA: 0s - loss: 0.3830 - acc: 0.8386
3840/6557 [================>.............] - ETA: 0s - loss: 0.3885 - acc: 0.8359
4352/6557 [==================>...........] - ETA: 0s - loss: 0.3988 - acc: 0.8311
4864/6557 [=====================>........] - ETA: 0s - loss: 0.4036 - acc: 0.8294
5376/6557 [=======================>......] - ETA: 0s - loss: 0.4040 - acc: 0.8294
5888/6557 [=========================>....] - ETA: 0s - loss: 0.4041 - acc: 0.8291
6400/6557 [============================>.] - ETA: 0s - loss: 0.4090 - acc: 0.8245
6557/6557 [==============================] - 1s 108us/step - loss: 0.4113 - acc: 0.8239 - val_loss: 0.6027 - val_acc: 0.7018
Epoch 9/30

 256/6557 [>.............................] - ETA: 0s - loss: 0.4021 - acc: 0.8320
 768/6557 [==>...........................] - ETA: 0s - loss: 0.4017 - acc: 0.8203
1280/6557 [====>.........................] - ETA: 0s - loss: 0.3781 - acc: 0.8406
1792/6557 [=======>......................] - ETA: 0s - loss: 0.3533 - acc: 0.8510
2304/6557 [=========>....................] - ETA: 0s - loss: 0.3449 - acc: 0.8529
2816/6557 [===========>..................] - ETA: 0s - loss: 0.3338 - acc: 0.8569
3328/6557 [==============>...............] - ETA: 0s - loss: 0.3310 - acc: 0.8582
3840/6557 [================>.............] - ETA: 0s - loss: 0.3329 - acc: 0.8562
4352/6557 [==================>...........] - ETA: 0s - loss: 0.3315 - acc: 0.8568
4864/6557 [=====================>........] - ETA: 0s - loss: 0.3313 - acc: 0.8579
5376/6557 [=======================>......] - ETA: 0s - loss: 0.3323 - acc: 0.8584
5888/6557 [=========================>....] - ETA: 0s - loss: 0.3305 - acc: 0.8599
6400/6557 [============================>.] - ETA: 0s - loss: 0.3302 - acc: 0.8609
6557/6557 [==============================] - 1s 109us/step - loss: 0.3292 - acc: 0.8612 - val_loss: 0.5196 - val_acc: 0.7479
Epoch 10/30

 256/6557 [>.............................] - ETA: 0s - loss: 0.3398 - acc: 0.8516
 768/6557 [==>...........................] - ETA: 0s - loss: 0.3044 - acc: 0.8711
1280/6557 [====>.........................] - ETA: 0s - loss: 0.3041 - acc: 0.8719
1792/6557 [=======>......................] - ETA: 0s - loss: 0.3075 - acc: 0.8689
2304/6557 [=========>....................] - ETA: 0s - loss: 0.3043 - acc: 0.8707
2816/6557 [===========>..................] - ETA: 0s - loss: 0.3157 - acc: 0.8661
3328/6557 [==============>...............] - ETA: 0s - loss: 0.3130 - acc: 0.8678
3840/6557 [================>.............] - ETA: 0s - loss: 0.3079 - acc: 0.8724
4352/6557 [==================>...........] - ETA: 0s - loss: 0.3080 - acc: 0.8702
4864/6557 [=====================>........] - ETA: 0s - loss: 0.3081 - acc: 0.8701
5376/6557 [=======================>......] - ETA: 0s - loss: 0.3099 - acc: 0.8689
5888/6557 [=========================>....] - ETA: 0s - loss: 0.3132 - acc: 0.8674
6400/6557 [============================>.] - ETA: 0s - loss: 0.3124 - acc: 0.8686
6557/6557 [==============================] - 1s 109us/step - loss: 0.3120 - acc: 0.8690 - val_loss: 0.5134 - val_acc: 0.7491
Epoch 11/30

 256/6557 [>.............................] - ETA: 0s - loss: 0.3225 - acc: 0.8711
 768/6557 [==>...........................] - ETA: 0s - loss: 0.2995 - acc: 0.8763
1280/6557 [====>.........................] - ETA: 0s - loss: 0.3165 - acc: 0.8656
1792/6557 [=======>......................] - ETA: 0s - loss: 0.3083 - acc: 0.8728
2304/6557 [=========>....................] - ETA: 0s - loss: 0.3060 - acc: 0.8759
2816/6557 [===========>..................] - ETA: 0s - loss: 0.3077 - acc: 0.8757
3328/6557 [==============>...............] - ETA: 0s - loss: 0.3063 - acc: 0.8753
3840/6557 [================>.............] - ETA: 0s - loss: 0.3046 - acc: 0.8771
4352/6557 [==================>...........] - ETA: 0s - loss: 0.3026 - acc: 0.8778
4864/6557 [=====================>........] - ETA: 0s - loss: 0.3045 - acc: 0.8779
5376/6557 [=======================>......] - ETA: 0s - loss: 0.3057 - acc: 0.8774
5888/6557 [=========================>....] - ETA: 0s - loss: 0.3064 - acc: 0.8762
6400/6557 [============================>.] - ETA: 0s - loss: 0.3076 - acc: 0.8758
6557/6557 [==============================] - 1s 107us/step - loss: 0.3066 - acc: 0.8757 - val_loss: 0.5124 - val_acc: 0.7539
Epoch 12/30

 256/6557 [>.............................] - ETA: 0s - loss: 0.2940 - acc: 0.8789
 768/6557 [==>...........................] - ETA: 0s - loss: 0.3226 - acc: 0.8594
1280/6557 [====>.........................] - ETA: 0s - loss: 0.3209 - acc: 0.8672
1792/6557 [=======>......................] - ETA: 0s - loss: 0.3007 - acc: 0.8789
2304/6557 [=========>....................] - ETA: 0s - loss: 0.3067 - acc: 0.8763
2816/6557 [===========>..................] - ETA: 0s - loss: 0.3038 - acc: 0.8757
3328/6557 [==============>...............] - ETA: 0s - loss: 0.3024 - acc: 0.8774
3840/6557 [================>.............] - ETA: 0s - loss: 0.3037 - acc: 0.8776
4352/6557 [==================>...........] - ETA: 0s - loss: 0.3071 - acc: 0.8759
4864/6557 [=====================>........] - ETA: 0s - loss: 0.3048 - acc: 0.8766
5376/6557 [=======================>......] - ETA: 0s - loss: 0.3039 - acc: 0.8770
5888/6557 [=========================>....] - ETA: 0s - loss: 0.3038 - acc: 0.8774
6400/6557 [============================>.] - ETA: 0s - loss: 0.3015 - acc: 0.8784
6557/6557 [==============================] - 1s 107us/step - loss: 0.3015 - acc: 0.8781 - val_loss: 0.5173 - val_acc: 0.7515
Epoch 13/30

 256/6557 [>.............................] - ETA: 0s - loss: 0.3016 - acc: 0.8945
 768/6557 [==>...........................] - ETA: 0s - loss: 0.3041 - acc: 0.8815
1280/6557 [====>.........................] - ETA: 0s - loss: 0.2905 - acc: 0.8898
1792/6557 [=======>......................] - ETA: 0s - loss: 0.2970 - acc: 0.8862
2304/6557 [=========>....................] - ETA: 0s - loss: 0.2964 - acc: 0.8811
2816/6557 [===========>..................] - ETA: 0s - loss: 0.2914 - acc: 0.8835
3328/6557 [==============>...............] - ETA: 0s - loss: 0.2931 - acc: 0.8846
3840/6557 [================>.............] - ETA: 0s - loss: 0.2946 - acc: 0.8820
4352/6557 [==================>...........] - ETA: 0s - loss: 0.2926 - acc: 0.8833
4864/6557 [=====================>........] - ETA: 0s - loss: 0.2882 - acc: 0.8838
5376/6557 [=======================>......] - ETA: 0s - loss: 0.2917 - acc: 0.8824
5888/6557 [=========================>....] - ETA: 0s - loss: 0.2902 - acc: 0.8837
6400/6557 [============================>.] - ETA: 0s - loss: 0.2899 - acc: 0.8842
6557/6557 [==============================] - 1s 106us/step - loss: 0.2902 - acc: 0.8846 - val_loss: 0.5099 - val_acc: 0.7576
Epoch 14/30

 256/6557 [>.............................] - ETA: 0s - loss: 0.2743 - acc: 0.8711
 768/6557 [==>...........................] - ETA: 0s - loss: 0.2707 - acc: 0.8815
1280/6557 [====>.........................] - ETA: 0s - loss: 0.2612 - acc: 0.8898
1792/6557 [=======>......................] - ETA: 0s - loss: 0.2584 - acc: 0.8917
2304/6557 [=========>....................] - ETA: 0s - loss: 0.2674 - acc: 0.8872
2816/6557 [===========>..................] - ETA: 0s - loss: 0.2677 - acc: 0.8899
3328/6557 [==============>...............] - ETA: 0s - loss: 0.2704 - acc: 0.8912
3840/6557 [================>.............] - ETA: 0s - loss: 0.2717 - acc: 0.8914
4352/6557 [==================>...........] - ETA: 0s - loss: 0.2748 - acc: 0.8902
4864/6557 [=====================>........] - ETA: 0s - loss: 0.2762 - acc: 0.8884
5376/6557 [=======================>......] - ETA: 0s - loss: 0.2780 - acc: 0.8867
5888/6557 [=========================>....] - ETA: 0s - loss: 0.2798 - acc: 0.8862
6400/6557 [============================>.] - ETA: 0s - loss: 0.2806 - acc: 0.8864
6557/6557 [==============================] - 1s 107us/step - loss: 0.2824 - acc: 0.8858 - val_loss: 0.5107 - val_acc: 0.7552
Epoch 15/30

 256/6557 [>.............................] - ETA: 0s - loss: 0.2892 - acc: 0.9062
 768/6557 [==>...........................] - ETA: 0s - loss: 0.2798 - acc: 0.8932
1280/6557 [====>.........................] - ETA: 0s - loss: 0.2816 - acc: 0.8922
1792/6557 [=======>......................] - ETA: 0s - loss: 0.2768 - acc: 0.8962
2304/6557 [=========>....................] - ETA: 0s - loss: 0.2806 - acc: 0.8928
2816/6557 [===========>..................] - ETA: 0s - loss: 0.2877 - acc: 0.8906
3328/6557 [==============>...............] - ETA: 0s - loss: 0.2922 - acc: 0.8846
3840/6557 [================>.............] - ETA: 0s - loss: 0.2903 - acc: 0.8849
4352/6557 [==================>...........] - ETA: 0s - loss: 0.2887 - acc: 0.8856
4864/6557 [=====================>........] - ETA: 0s - loss: 0.2860 - acc: 0.8861
5376/6557 [=======================>......] - ETA: 0s - loss: 0.2840 - acc: 0.8869
5888/6557 [=========================>....] - ETA: 0s - loss: 0.2845 - acc: 0.8864
6400/6557 [============================>.] - ETA: 0s - loss: 0.2842 - acc: 0.8873
6557/6557 [==============================] - 1s 108us/step - loss: 0.2849 - acc: 0.8871 - val_loss: 0.5070 - val_acc: 0.7576
Epoch 16/30

 256/6557 [>.............................] - ETA: 0s - loss: 0.2913 - acc: 0.8750
 768/6557 [==>...........................] - ETA: 0s - loss: 0.2740 - acc: 0.8919
1280/6557 [====>.........................] - ETA: 0s - loss: 0.2743 - acc: 0.8891
1792/6557 [=======>......................] - ETA: 0s - loss: 0.2796 - acc: 0.8817
2304/6557 [=========>....................] - ETA: 0s - loss: 0.2703 - acc: 0.8859
2816/6557 [===========>..................] - ETA: 0s - loss: 0.2751 - acc: 0.8832
3328/6557 [==============>...............] - ETA: 0s - loss: 0.2764 - acc: 0.8834
3840/6557 [================>.............] - ETA: 0s - loss: 0.2739 - acc: 0.8857
4352/6557 [==================>...........] - ETA: 0s - loss: 0.2729 - acc: 0.8886
4864/6557 [=====================>........] - ETA: 0s - loss: 0.2712 - acc: 0.8900
5376/6557 [=======================>......] - ETA: 0s - loss: 0.2724 - acc: 0.8878
5888/6557 [=========================>....] - ETA: 0s - loss: 0.2746 - acc: 0.8872
6400/6557 [============================>.] - ETA: 0s - loss: 0.2764 - acc: 0.8867
6557/6557 [==============================] - 1s 110us/step - loss: 0.2780 - acc: 0.8865 - val_loss: 0.5072 - val_acc: 0.7600
Epoch 17/30

 256/6557 [>.............................] - ETA: 0s - loss: 0.2587 - acc: 0.8984
 768/6557 [==>...........................] - ETA: 0s - loss: 0.2925 - acc: 0.8802
1280/6557 [====>.........................] - ETA: 0s - loss: 0.2665 - acc: 0.8938
1792/6557 [=======>......................] - ETA: 0s - loss: 0.2664 - acc: 0.8962
2304/6557 [=========>....................] - ETA: 0s - loss: 0.2635 - acc: 0.8980
2816/6557 [===========>..................] - ETA: 0s - loss: 0.2592 - acc: 0.8999
3328/6557 [==============>...............] - ETA: 0s - loss: 0.2600 - acc: 0.9011
3840/6557 [================>.............] - ETA: 0s - loss: 0.2642 - acc: 0.8977
4352/6557 [==================>...........] - ETA: 0s - loss: 0.2659 - acc: 0.8964
4864/6557 [=====================>........] - ETA: 0s - loss: 0.2633 - acc: 0.8982
5376/6557 [=======================>......] - ETA: 0s - loss: 0.2651 - acc: 0.8975
5888/6557 [=========================>....] - ETA: 0s - loss: 0.2633 - acc: 0.8995
6400/6557 [============================>.] - ETA: 0s - loss: 0.2676 - acc: 0.8977
6557/6557 [==============================] - 1s 108us/step - loss: 0.2674 - acc: 0.8980 - val_loss: 0.5048 - val_acc: 0.7648
Epoch 18/30

 256/6557 [>.............................] - ETA: 0s - loss: 0.2345 - acc: 0.9180
 768/6557 [==>...........................] - ETA: 0s - loss: 0.2364 - acc: 0.9193
1280/6557 [====>.........................] - ETA: 0s - loss: 0.2446 - acc: 0.9141
1792/6557 [=======>......................] - ETA: 0s - loss: 0.2545 - acc: 0.9090
2304/6557 [=========>....................] - ETA: 0s - loss: 0.2533 - acc: 0.9097
2816/6557 [===========>..................] - ETA: 0s - loss: 0.2538 - acc: 0.9070
3328/6557 [==============>...............] - ETA: 0s - loss: 0.2561 - acc: 0.9029
3840/6557 [================>.............] - ETA: 0s - loss: 0.2572 - acc: 0.9016
4352/6557 [==================>...........] - ETA: 0s - loss: 0.2571 - acc: 0.9017
4864/6557 [=====================>........] - ETA: 0s - loss: 0.2563 - acc: 0.9021
5376/6557 [=======================>......] - ETA: 0s - loss: 0.2578 - acc: 0.8994
5888/6557 [=========================>....] - ETA: 0s - loss: 0.2560 - acc: 0.9008
6400/6557 [============================>.] - ETA: 0s - loss: 0.2596 - acc: 0.8988
6557/6557 [==============================] - 1s 106us/step - loss: 0.2587 - acc: 0.8992 - val_loss: 0.5053 - val_acc: 0.7709
Epoch 19/30

 256/6557 [>.............................] - ETA: 0s - loss: 0.2423 - acc: 0.9141
 768/6557 [==>...........................] - ETA: 0s - loss: 0.2428 - acc: 0.9128
1280/6557 [====>.........................] - ETA: 0s - loss: 0.2440 - acc: 0.9141
1792/6557 [=======>......................] - ETA: 0s - loss: 0.2427 - acc: 0.9129
2304/6557 [=========>....................] - ETA: 0s - loss: 0.2386 - acc: 0.9136
2816/6557 [===========>..................] - ETA: 0s - loss: 0.2404 - acc: 0.9134
3328/6557 [==============>...............] - ETA: 0s - loss: 0.2400 - acc: 0.9111
3840/6557 [================>.............] - ETA: 0s - loss: 0.2488 - acc: 0.9062
4352/6557 [==================>...........] - ETA: 0s - loss: 0.2487 - acc: 0.9067
4864/6557 [=====================>........] - ETA: 0s - loss: 0.2518 - acc: 0.9040
5376/6557 [=======================>......] - ETA: 0s - loss: 0.2538 - acc: 0.9025
5888/6557 [=========================>....] - ETA: 0s - loss: 0.2564 - acc: 0.9003
6400/6557 [============================>.] - ETA: 0s - loss: 0.2548 - acc: 0.9011
6557/6557 [==============================] - 1s 106us/step - loss: 0.2556 - acc: 0.9012 - val_loss: 0.5105 - val_acc: 0.7539
Epoch 20/30

 256/6557 [>.............................] - ETA: 0s - loss: 0.2665 - acc: 0.8867
 768/6557 [==>...........................] - ETA: 0s - loss: 0.2551 - acc: 0.8997
1280/6557 [====>.........................] - ETA: 0s - loss: 0.2587 - acc: 0.8992
1792/6557 [=======>......................] - ETA: 0s - loss: 0.2575 - acc: 0.9007
2304/6557 [=========>....................] - ETA: 0s - loss: 0.2546 - acc: 0.9023
2816/6557 [===========>..................] - ETA: 0s - loss: 0.2601 - acc: 0.9002
3328/6557 [==============>...............] - ETA: 0s - loss: 0.2541 - acc: 0.9029
3840/6557 [================>.............] - ETA: 0s - loss: 0.2574 - acc: 0.9000
4352/6557 [==================>...........] - ETA: 0s - loss: 0.2533 - acc: 0.9026
4864/6557 [=====================>........] - ETA: 0s - loss: 0.2566 - acc: 0.9009
5376/6557 [=======================>......] - ETA: 0s - loss: 0.2570 - acc: 0.9007
5888/6557 [=========================>....] - ETA: 0s - loss: 0.2600 - acc: 0.9000
6400/6557 [============================>.] - ETA: 0s - loss: 0.2618 - acc: 0.8994
6557/6557 [==============================] - 1s 107us/step - loss: 0.2621 - acc: 0.8990 - val_loss: 0.5081 - val_acc: 0.7588
Epoch 21/30

 256/6557 [>.............................] - ETA: 0s - loss: 0.2294 - acc: 0.9023
 768/6557 [==>...........................] - ETA: 0s - loss: 0.2324 - acc: 0.9115
1280/6557 [====>.........................] - ETA: 0s - loss: 0.2453 - acc: 0.9078
1792/6557 [=======>......................] - ETA: 0s - loss: 0.2449 - acc: 0.9062
2304/6557 [=========>....................] - ETA: 0s - loss: 0.2444 - acc: 0.9062
2816/6557 [===========>..................] - ETA: 0s - loss: 0.2453 - acc: 0.9059
3328/6557 [==============>...............] - ETA: 0s - loss: 0.2411 - acc: 0.9084
3840/6557 [================>.............] - ETA: 0s - loss: 0.2405 - acc: 0.9096
4352/6557 [==================>...........] - ETA: 0s - loss: 0.2432 - acc: 0.9092
4864/6557 [=====================>........] - ETA: 0s - loss: 0.2454 - acc: 0.9091
5376/6557 [=======================>......] - ETA: 0s - loss: 0.2446 - acc: 0.9102
5888/6557 [=========================>....] - ETA: 0s - loss: 0.2487 - acc: 0.9091
6400/6557 [============================>.] - ETA: 0s - loss: 0.2499 - acc: 0.9089
6557/6557 [==============================] - 1s 108us/step - loss: 0.2508 - acc: 0.9086 - val_loss: 0.5074 - val_acc: 0.7588
Epoch 22/30

 256/6557 [>.............................] - ETA: 0s - loss: 0.2388 - acc: 0.9141
 768/6557 [==>...........................] - ETA: 0s - loss: 0.2476 - acc: 0.9154
1280/6557 [====>.........................] - ETA: 0s - loss: 0.2421 - acc: 0.9109
1792/6557 [=======>......................] - ETA: 0s - loss: 0.2352 - acc: 0.9107
2304/6557 [=========>....................] - ETA: 0s - loss: 0.2464 - acc: 0.9036
2816/6557 [===========>..................] - ETA: 0s - loss: 0.2474 - acc: 0.9034
3328/6557 [==============>...............] - ETA: 0s - loss: 0.2546 - acc: 0.8999
3840/6557 [================>.............] - ETA: 0s - loss: 0.2567 - acc: 0.9003
4352/6557 [==================>...........] - ETA: 0s - loss: 0.2562 - acc: 0.9000
4864/6557 [=====================>........] - ETA: 0s - loss: 0.2505 - acc: 0.9040
5376/6557 [=======================>......] - ETA: 0s - loss: 0.2533 - acc: 0.9027
5888/6557 [=========================>....] - ETA: 0s - loss: 0.2501 - acc: 0.9051
6400/6557 [============================>.] - ETA: 0s - loss: 0.2498 - acc: 0.9059
6557/6557 [==============================] - 1s 108us/step - loss: 0.2497 - acc: 0.9065 - val_loss: 0.5074 - val_acc: 0.7576
2018-10-25 19:48:17,311 : INFO : loading best model weights
2018-10-25 19:48:17,828 : INFO : computing and saving metrics
             precision    recall  f1-score   support

   negative       0.78      0.74      0.76       408
   positive       0.75      0.79      0.77       417

avg / total       0.77      0.76      0.76       825

